<?xml version="1.0" encoding="UTF-8"?>
<testsuite xmlns:xsi="http://www.w3.org/2001/XMLSchema-instance" xsi:noNamespaceSchemaLocation="https://maven.apache.org/surefire/maven-surefire-plugin/xsd/surefire-test-report.xsd" version="3.0.1" name="TestSuite" time="216.33" tests="9" errors="0" skipped="2" failures="4">
  <properties>
    <property name="java.specification.version" value="22"/>
    <property name="sun.jnu.encoding" value="UTF-8"/>
    <property name="java.class.path" value="/Users/stefanstefanov/eclipse-workspace/AppiumFrameworkDesign/target/test-classes:/Users/stefanstefanov/eclipse-workspace/AppiumFrameworkDesign/target/classes:/Users/stefanstefanov/.m2/repository/com/aventstack/extentreports/5.1.2/extentreports-5.1.2.jar:/Users/stefanstefanov/.m2/repository/io/reactivex/rxjava3/rxjava/3.1.6/rxjava-3.1.6.jar:/Users/stefanstefanov/.m2/repository/org/reactivestreams/reactive-streams/1.0.4/reactive-streams-1.0.4.jar:/Users/stefanstefanov/.m2/repository/org/freemarker/freemarker/2.3.32/freemarker-2.3.32.jar:/Users/stefanstefanov/.m2/repository/org/projectlombok/lombok/1.18.26/lombok-1.18.26.jar:/Users/stefanstefanov/.m2/repository/com/google/code/gson/gson/2.10.1/gson-2.10.1.jar:/Users/stefanstefanov/.m2/repository/org/seleniumhq/selenium/selenium-java/4.22.0/selenium-java-4.22.0.jar:/Users/stefanstefanov/.m2/repository/org/seleniumhq/selenium/selenium-api/4.22.0/selenium-api-4.22.0.jar:/Users/stefanstefanov/.m2/repository/org/seleniumhq/selenium/selenium-chrome-driver/4.22.0/selenium-chrome-driver-4.22.0.jar:/Users/stefanstefanov/.m2/repository/org/seleniumhq/selenium/selenium-chromium-driver/4.22.0/selenium-chromium-driver-4.22.0.jar:/Users/stefanstefanov/.m2/repository/org/seleniumhq/selenium/selenium-manager/4.22.0/selenium-manager-4.22.0.jar:/Users/stefanstefanov/.m2/repository/org/seleniumhq/selenium/selenium-devtools-v124/4.22.0/selenium-devtools-v124-4.22.0.jar:/Users/stefanstefanov/.m2/repository/org/seleniumhq/selenium/selenium-devtools-v125/4.22.0/selenium-devtools-v125-4.22.0.jar:/Users/stefanstefanov/.m2/repository/org/seleniumhq/selenium/selenium-devtools-v126/4.22.0/selenium-devtools-v126-4.22.0.jar:/Users/stefanstefanov/.m2/repository/org/seleniumhq/selenium/selenium-devtools-v85/4.22.0/selenium-devtools-v85-4.22.0.jar:/Users/stefanstefanov/.m2/repository/org/seleniumhq/selenium/selenium-edge-driver/4.22.0/selenium-edge-driver-4.22.0.jar:/Users/stefanstefanov/.m2/repository/org/seleniumhq/selenium/selenium-firefox-driver/4.22.0/selenium-firefox-driver-4.22.0.jar:/Users/stefanstefanov/.m2/repository/org/seleniumhq/selenium/selenium-http/4.22.0/selenium-http-4.22.0.jar:/Users/stefanstefanov/.m2/repository/dev/failsafe/failsafe/3.3.2/failsafe-3.3.2.jar:/Users/stefanstefanov/.m2/repository/org/seleniumhq/selenium/selenium-ie-driver/4.22.0/selenium-ie-driver-4.22.0.jar:/Users/stefanstefanov/.m2/repository/org/seleniumhq/selenium/selenium-remote-driver/4.22.0/selenium-remote-driver-4.22.0.jar:/Users/stefanstefanov/.m2/repository/io/opentelemetry/semconv/opentelemetry-semconv/1.25.0-alpha/opentelemetry-semconv-1.25.0-alpha.jar:/Users/stefanstefanov/.m2/repository/io/opentelemetry/opentelemetry-api/1.39.0/opentelemetry-api-1.39.0.jar:/Users/stefanstefanov/.m2/repository/io/opentelemetry/opentelemetry-context/1.39.0/opentelemetry-context-1.39.0.jar:/Users/stefanstefanov/.m2/repository/io/opentelemetry/opentelemetry-exporter-logging/1.39.0/opentelemetry-exporter-logging-1.39.0.jar:/Users/stefanstefanov/.m2/repository/io/opentelemetry/opentelemetry-sdk-common/1.39.0/opentelemetry-sdk-common-1.39.0.jar:/Users/stefanstefanov/.m2/repository/io/opentelemetry/opentelemetry-sdk-extension-autoconfigure-spi/1.39.0/opentelemetry-sdk-extension-autoconfigure-spi-1.39.0.jar:/Users/stefanstefanov/.m2/repository/io/opentelemetry/opentelemetry-sdk-extension-autoconfigure/1.39.0/opentelemetry-sdk-extension-autoconfigure-1.39.0.jar:/Users/stefanstefanov/.m2/repository/io/opentelemetry/opentelemetry-api-incubator/1.39.0-alpha/opentelemetry-api-incubator-1.39.0-alpha.jar:/Users/stefanstefanov/.m2/repository/io/opentelemetry/opentelemetry-sdk-trace/1.39.0/opentelemetry-sdk-trace-1.39.0.jar:/Users/stefanstefanov/.m2/repository/io/opentelemetry/opentelemetry-sdk/1.39.0/opentelemetry-sdk-1.39.0.jar:/Users/stefanstefanov/.m2/repository/io/opentelemetry/opentelemetry-sdk-metrics/1.39.0/opentelemetry-sdk-metrics-1.39.0.jar:/Users/stefanstefanov/.m2/repository/io/opentelemetry/opentelemetry-sdk-logs/1.39.0/opentelemetry-sdk-logs-1.39.0.jar:/Users/stefanstefanov/.m2/repository/org/seleniumhq/selenium/selenium-os/4.22.0/selenium-os-4.22.0.jar:/Users/stefanstefanov/.m2/repository/org/apache/commons/commons-exec/1.4.0/commons-exec-1.4.0.jar:/Users/stefanstefanov/.m2/repository/org/seleniumhq/selenium/selenium-safari-driver/4.22.0/selenium-safari-driver-4.22.0.jar:/Users/stefanstefanov/.m2/repository/io/appium/java-client/9.2.3/java-client-9.2.3.jar:/Users/stefanstefanov/.m2/repository/org/slf4j/slf4j-api/2.0.13/slf4j-api-2.0.13.jar:/Users/stefanstefanov/.m2/repository/org/testng/testng/7.10.2/testng-7.10.2.jar:/Users/stefanstefanov/.m2/repository/com/beust/jcommander/1.82/jcommander-1.82.jar:/Users/stefanstefanov/.m2/repository/org/webjars/jquery/3.7.1/jquery-3.7.1.jar:/Users/stefanstefanov/.m2/repository/org/seleniumhq/selenium/selenium-support/4.22.0/selenium-support-4.22.0.jar:/Users/stefanstefanov/.m2/repository/com/google/auto/service/auto-service-annotations/1.1.1/auto-service-annotations-1.1.1.jar:/Users/stefanstefanov/.m2/repository/com/google/guava/guava/33.2.1-jre/guava-33.2.1-jre.jar:/Users/stefanstefanov/.m2/repository/com/google/guava/failureaccess/1.0.2/failureaccess-1.0.2.jar:/Users/stefanstefanov/.m2/repository/com/google/guava/listenablefuture/9999.0-empty-to-avoid-conflict-with-guava/listenablefuture-9999.0-empty-to-avoid-conflict-with-guava.jar:/Users/stefanstefanov/.m2/repository/com/google/code/findbugs/jsr305/3.0.2/jsr305-3.0.2.jar:/Users/stefanstefanov/.m2/repository/org/checkerframework/checker-qual/3.42.0/checker-qual-3.42.0.jar:/Users/stefanstefanov/.m2/repository/com/google/errorprone/error_prone_annotations/2.26.1/error_prone_annotations-2.26.1.jar:/Users/stefanstefanov/.m2/repository/com/google/j2objc/j2objc-annotations/3.0.0/j2objc-annotations-3.0.0.jar:/Users/stefanstefanov/.m2/repository/net/bytebuddy/byte-buddy/1.14.17/byte-buddy-1.14.17.jar:/Users/stefanstefanov/.m2/repository/org/seleniumhq/selenium/selenium-json/4.22.0/selenium-json-4.22.0.jar:/Users/stefanstefanov/.m2/repository/commons-io/commons-io/2.16.1/commons-io-2.16.1.jar:/Users/stefanstefanov/.m2/repository/com/fasterxml/jackson/core/jackson-databind/2.17.1/jackson-databind-2.17.1.jar:/Users/stefanstefanov/.m2/repository/com/fasterxml/jackson/core/jackson-annotations/2.17.1/jackson-annotations-2.17.1.jar:/Users/stefanstefanov/.m2/repository/com/fasterxml/jackson/core/jackson-core/2.17.1/jackson-core-2.17.1.jar:"/>
    <property name="java.vm.vendor" value="Oracle Corporation"/>
    <property name="sun.arch.data.model" value="64"/>
    <property name="java.vendor.url" value="https://java.oracle.com/"/>
    <property name="user.timezone" value="Europe/Sofia"/>
    <property name="os.name" value="Mac OS X"/>
    <property name="java.vm.specification.version" value="22"/>
    <property name="sun.java.launcher" value="SUN_STANDARD"/>
    <property name="user.country" value="GB"/>
    <property name="sun.boot.library.path" value="/Library/Java/JavaVirtualMachines/jdk-22.jdk/Contents/Home/lib"/>
    <property name="sun.java.command" value="/Users/stefanstefanov/eclipse-workspace/AppiumFrameworkDesign/target/surefire/surefirebooter-20240712112558381_3.jar /Users/stefanstefanov/eclipse-workspace/AppiumFrameworkDesign/target/surefire 2024-07-12T11-25-58_267-jvmRun1 surefire-20240712112558381_1tmp surefire_0-20240712112558381_2tmp"/>
    <property name="http.nonProxyHosts" value="local|*.local|169.254/16|*.169.254/16"/>
    <property name="jdk.debug" value="release"/>
    <property name="surefire.test.class.path" value="/Users/stefanstefanov/eclipse-workspace/AppiumFrameworkDesign/target/test-classes:/Users/stefanstefanov/eclipse-workspace/AppiumFrameworkDesign/target/classes:/Users/stefanstefanov/.m2/repository/com/aventstack/extentreports/5.1.2/extentreports-5.1.2.jar:/Users/stefanstefanov/.m2/repository/io/reactivex/rxjava3/rxjava/3.1.6/rxjava-3.1.6.jar:/Users/stefanstefanov/.m2/repository/org/reactivestreams/reactive-streams/1.0.4/reactive-streams-1.0.4.jar:/Users/stefanstefanov/.m2/repository/org/freemarker/freemarker/2.3.32/freemarker-2.3.32.jar:/Users/stefanstefanov/.m2/repository/org/projectlombok/lombok/1.18.26/lombok-1.18.26.jar:/Users/stefanstefanov/.m2/repository/com/google/code/gson/gson/2.10.1/gson-2.10.1.jar:/Users/stefanstefanov/.m2/repository/org/seleniumhq/selenium/selenium-java/4.22.0/selenium-java-4.22.0.jar:/Users/stefanstefanov/.m2/repository/org/seleniumhq/selenium/selenium-api/4.22.0/selenium-api-4.22.0.jar:/Users/stefanstefanov/.m2/repository/org/seleniumhq/selenium/selenium-chrome-driver/4.22.0/selenium-chrome-driver-4.22.0.jar:/Users/stefanstefanov/.m2/repository/org/seleniumhq/selenium/selenium-chromium-driver/4.22.0/selenium-chromium-driver-4.22.0.jar:/Users/stefanstefanov/.m2/repository/org/seleniumhq/selenium/selenium-manager/4.22.0/selenium-manager-4.22.0.jar:/Users/stefanstefanov/.m2/repository/org/seleniumhq/selenium/selenium-devtools-v124/4.22.0/selenium-devtools-v124-4.22.0.jar:/Users/stefanstefanov/.m2/repository/org/seleniumhq/selenium/selenium-devtools-v125/4.22.0/selenium-devtools-v125-4.22.0.jar:/Users/stefanstefanov/.m2/repository/org/seleniumhq/selenium/selenium-devtools-v126/4.22.0/selenium-devtools-v126-4.22.0.jar:/Users/stefanstefanov/.m2/repository/org/seleniumhq/selenium/selenium-devtools-v85/4.22.0/selenium-devtools-v85-4.22.0.jar:/Users/stefanstefanov/.m2/repository/org/seleniumhq/selenium/selenium-edge-driver/4.22.0/selenium-edge-driver-4.22.0.jar:/Users/stefanstefanov/.m2/repository/org/seleniumhq/selenium/selenium-firefox-driver/4.22.0/selenium-firefox-driver-4.22.0.jar:/Users/stefanstefanov/.m2/repository/org/seleniumhq/selenium/selenium-http/4.22.0/selenium-http-4.22.0.jar:/Users/stefanstefanov/.m2/repository/dev/failsafe/failsafe/3.3.2/failsafe-3.3.2.jar:/Users/stefanstefanov/.m2/repository/org/seleniumhq/selenium/selenium-ie-driver/4.22.0/selenium-ie-driver-4.22.0.jar:/Users/stefanstefanov/.m2/repository/org/seleniumhq/selenium/selenium-remote-driver/4.22.0/selenium-remote-driver-4.22.0.jar:/Users/stefanstefanov/.m2/repository/io/opentelemetry/semconv/opentelemetry-semconv/1.25.0-alpha/opentelemetry-semconv-1.25.0-alpha.jar:/Users/stefanstefanov/.m2/repository/io/opentelemetry/opentelemetry-api/1.39.0/opentelemetry-api-1.39.0.jar:/Users/stefanstefanov/.m2/repository/io/opentelemetry/opentelemetry-context/1.39.0/opentelemetry-context-1.39.0.jar:/Users/stefanstefanov/.m2/repository/io/opentelemetry/opentelemetry-exporter-logging/1.39.0/opentelemetry-exporter-logging-1.39.0.jar:/Users/stefanstefanov/.m2/repository/io/opentelemetry/opentelemetry-sdk-common/1.39.0/opentelemetry-sdk-common-1.39.0.jar:/Users/stefanstefanov/.m2/repository/io/opentelemetry/opentelemetry-sdk-extension-autoconfigure-spi/1.39.0/opentelemetry-sdk-extension-autoconfigure-spi-1.39.0.jar:/Users/stefanstefanov/.m2/repository/io/opentelemetry/opentelemetry-sdk-extension-autoconfigure/1.39.0/opentelemetry-sdk-extension-autoconfigure-1.39.0.jar:/Users/stefanstefanov/.m2/repository/io/opentelemetry/opentelemetry-api-incubator/1.39.0-alpha/opentelemetry-api-incubator-1.39.0-alpha.jar:/Users/stefanstefanov/.m2/repository/io/opentelemetry/opentelemetry-sdk-trace/1.39.0/opentelemetry-sdk-trace-1.39.0.jar:/Users/stefanstefanov/.m2/repository/io/opentelemetry/opentelemetry-sdk/1.39.0/opentelemetry-sdk-1.39.0.jar:/Users/stefanstefanov/.m2/repository/io/opentelemetry/opentelemetry-sdk-metrics/1.39.0/opentelemetry-sdk-metrics-1.39.0.jar:/Users/stefanstefanov/.m2/repository/io/opentelemetry/opentelemetry-sdk-logs/1.39.0/opentelemetry-sdk-logs-1.39.0.jar:/Users/stefanstefanov/.m2/repository/org/seleniumhq/selenium/selenium-os/4.22.0/selenium-os-4.22.0.jar:/Users/stefanstefanov/.m2/repository/org/apache/commons/commons-exec/1.4.0/commons-exec-1.4.0.jar:/Users/stefanstefanov/.m2/repository/org/seleniumhq/selenium/selenium-safari-driver/4.22.0/selenium-safari-driver-4.22.0.jar:/Users/stefanstefanov/.m2/repository/io/appium/java-client/9.2.3/java-client-9.2.3.jar:/Users/stefanstefanov/.m2/repository/org/slf4j/slf4j-api/2.0.13/slf4j-api-2.0.13.jar:/Users/stefanstefanov/.m2/repository/org/testng/testng/7.10.2/testng-7.10.2.jar:/Users/stefanstefanov/.m2/repository/com/beust/jcommander/1.82/jcommander-1.82.jar:/Users/stefanstefanov/.m2/repository/org/webjars/jquery/3.7.1/jquery-3.7.1.jar:/Users/stefanstefanov/.m2/repository/org/seleniumhq/selenium/selenium-support/4.22.0/selenium-support-4.22.0.jar:/Users/stefanstefanov/.m2/repository/com/google/auto/service/auto-service-annotations/1.1.1/auto-service-annotations-1.1.1.jar:/Users/stefanstefanov/.m2/repository/com/google/guava/guava/33.2.1-jre/guava-33.2.1-jre.jar:/Users/stefanstefanov/.m2/repository/com/google/guava/failureaccess/1.0.2/failureaccess-1.0.2.jar:/Users/stefanstefanov/.m2/repository/com/google/guava/listenablefuture/9999.0-empty-to-avoid-conflict-with-guava/listenablefuture-9999.0-empty-to-avoid-conflict-with-guava.jar:/Users/stefanstefanov/.m2/repository/com/google/code/findbugs/jsr305/3.0.2/jsr305-3.0.2.jar:/Users/stefanstefanov/.m2/repository/org/checkerframework/checker-qual/3.42.0/checker-qual-3.42.0.jar:/Users/stefanstefanov/.m2/repository/com/google/errorprone/error_prone_annotations/2.26.1/error_prone_annotations-2.26.1.jar:/Users/stefanstefanov/.m2/repository/com/google/j2objc/j2objc-annotations/3.0.0/j2objc-annotations-3.0.0.jar:/Users/stefanstefanov/.m2/repository/net/bytebuddy/byte-buddy/1.14.17/byte-buddy-1.14.17.jar:/Users/stefanstefanov/.m2/repository/org/seleniumhq/selenium/selenium-json/4.22.0/selenium-json-4.22.0.jar:/Users/stefanstefanov/.m2/repository/commons-io/commons-io/2.16.1/commons-io-2.16.1.jar:/Users/stefanstefanov/.m2/repository/com/fasterxml/jackson/core/jackson-databind/2.17.1/jackson-databind-2.17.1.jar:/Users/stefanstefanov/.m2/repository/com/fasterxml/jackson/core/jackson-annotations/2.17.1/jackson-annotations-2.17.1.jar:/Users/stefanstefanov/.m2/repository/com/fasterxml/jackson/core/jackson-core/2.17.1/jackson-core-2.17.1.jar:"/>
    <property name="sun.cpu.endian" value="little"/>
    <property name="user.home" value="/Users/stefanstefanov"/>
    <property name="user.language" value="en"/>
    <property name="ipAddress" value="127.0.0.1"/>
    <property name="java.specification.vendor" value="Oracle Corporation"/>
    <property name="java.version.date" value="2024-04-16"/>
    <property name="java.home" value="/Library/Java/JavaVirtualMachines/jdk-22.jdk/Contents/Home"/>
    <property name="file.separator" value="/"/>
    <property name="basedir" value="/Users/stefanstefanov/eclipse-workspace/AppiumFrameworkDesign"/>
    <property name="java.vm.compressedOopsMode" value="Zero based"/>
    <property name="line.separator" value="&#10;"/>
    <property name="java.vm.specification.vendor" value="Oracle Corporation"/>
    <property name="java.specification.name" value="Java Platform API Specification"/>
    <property name="apple.awt.application.name" value="ForkedBooter"/>
    <property name="surefire.real.class.path" value="/Users/stefanstefanov/eclipse-workspace/AppiumFrameworkDesign/target/surefire/surefirebooter-20240712112558381_3.jar"/>
    <property name="sun.management.compiler" value="HotSpot 64-Bit Tiered Compilers"/>
    <property name="ftp.nonProxyHosts" value="local|*.local|169.254/16|*.169.254/16"/>
    <property name="java.runtime.version" value="22.0.1+8-16"/>
    <property name="user.name" value="stefanstefanov"/>
    <property name="stdout.encoding" value="UTF-8"/>
    <property name="path.separator" value=":"/>
    <property name="os.version" value="13.6.7"/>
    <property name="java.runtime.name" value="Java(TM) SE Runtime Environment"/>
    <property name="file.encoding" value="UTF-8"/>
    <property name="java.vm.name" value="Java HotSpot(TM) 64-Bit Server VM"/>
    <property name="localRepository" value="/Users/stefanstefanov/.m2/repository"/>
    <property name="java.vendor.url.bug" value="https://bugreport.java.com/bugreport/"/>
    <property name="java.io.tmpdir" value="/var/folders/2_/dhp8w9bn2fdcm79f_kvlc_7w0000gn/T/"/>
    <property name="java.version" value="22.0.1"/>
    <property name="user.dir" value="/Users/stefanstefanov/eclipse-workspace/AppiumFrameworkDesign"/>
    <property name="os.arch" value="x86_64"/>
    <property name="java.vm.specification.name" value="Java Virtual Machine Specification"/>
    <property name="native.encoding" value="UTF-8"/>
    <property name="java.library.path" value="/Users/stefanstefanov/Library/Java/Extensions:/Library/Java/Extensions:/Network/Library/Java/Extensions:/System/Library/Java/Extensions:/usr/lib/java:."/>
    <property name="java.vm.info" value="mixed mode, sharing"/>
    <property name="stderr.encoding" value="UTF-8"/>
    <property name="java.vendor" value="Oracle Corporation"/>
    <property name="java.vm.version" value="22.0.1+8-16"/>
    <property name="sun.io.unicode.encoding" value="UnicodeBig"/>
    <property name="socksNonProxyHosts" value="local|*.local|169.254/16|*.169.254/16"/>
    <property name="java.class.version" value="66.0"/>
  </properties>
  <testcase name="FillForm[{gender=Female, name=rahul shetty, country=Argentina}](1)" classname="org.rahulshettyacademy.AndroidTest" time="17.812">
    <system-out><![CDATA[&amp#27;[35m[Appium]&amp#27;[39m Welcome to Appium v2.9.0
&amp#27;[35m[Appium]&amp#27;[39m Non-default server args:
&amp#27;[35m[Appium]&amp#27;[39m { address: &amp#27;[32m'127.0.0.1'&amp#27;[39m }
&amp#27;[35m[Appium]&amp#27;[39m The autodetected Appium home path: /Users/stefanstefanov
&amp#27;[35m[Appium]&amp#27;[39m Attempting to load driver uiautomator2...
&amp#27;[35m[Appium]&amp#27;[39m Attempting to load driver xcuitest...
&amp#27;[35m[Appium]&amp#27;[39m Attempting to load driver espresso...
&amp#27;[35m[Appium]&amp#27;[39m Requiring driver at /Users/stefanstefanov/node_modules/appium-espresso-driver/build/index.js
&amp#27;[35m[Appium]&amp#27;[39m Requiring driver at /Users/stefanstefanov/node_modules/appium-uiautomator2-driver/build/index.js
&amp#27;[35m[Appium]&amp#27;[39m Requiring driver at /Users/stefanstefanov/node_modules/appium-xcuitest-driver/build/index.js
[Appium] EspressoDriver has been successfully loaded in 5.679s
[Appium] AndroidUiautomator2Driver has been successfully loaded in 5.681s
[Appium] XCUITestDriver has been successfully loaded in 5.681s
[Appium] Attempting to load driver mac2...
[Appium] Attempting to load driver safari...
[Appium] Attempting to load driver chromium...
[Appium] Requiring driver at /Users/stefanstefanov/node_modules/appium-chromium-driver/index.js
[Appium] ChromiumDriver has been successfully loaded in 1.148s
[Appium] Requiring driver at /Users/stefanstefanov/node_modules/appium-safari-driver/build/index.js
[Appium] SafariDriver has been successfully loaded in 1.481s
(node:11044) MaxListenersExceededWarning: Possible EventEmitter memory leak detected. 11 exit listeners added to [process]. MaxListeners is 10. Use emitter.setMaxListeners() to increase limit
(Use `node --trace-warnings ...` to show where the warning was created)
[Appium] Requiring driver at /Users/stefanstefanov/node_modules/appium-mac2-driver/build/index.js
[Appium] Mac2Driver has been successfully loaded in 1.677s
[Appium] Attempting to load driver gecko...
[Appium] Attempting to load driver windows...
[Appium] Requiring driver at /Users/stefanstefanov/node_modules/appium-geckodriver/build/index.js
[Appium] GeckoDriver has been successfully loaded in 0.124s
[Appium] Requiring driver at /Users/stefanstefanov/node_modules/appium-windows-driver/build/index.js
[Appium] WindowsDriver has been successfully loaded in 0.313s
[Appium] Appium REST http interface listener started on http://127.0.0.1:4723
[Appium] Available drivers:
[Appium]   - uiautomator2@3.5.2 (automationName 'UiAutomator2')
[Appium]   - xcuitest@7.16.2 (automationName 'XCUITest')
[Appium]   - espresso@2.40.2 (automationName 'Espresso')
[Appium]   - mac2@1.17.3 (automationName 'Mac2')
[Appium]   - safari@3.5.14 (automationName 'Safari')
[Appium]   - chromium@1.3.25 (automationName 'Chromium')
[Appium]   - gecko@1.3.5 (automationName 'Gecko')
[Appium]   - windows@2.12.23 (automationName 'Windows')
[Appium] Available plugins:
[Appium]   - execute-driver@3.0.30
[Appium]   - relaxed-caps@1.0.6
[Appium]   - universal-xml@1.0.20
[Appium] No plugins activated. Use the --use-plugins flag with names of plugins to activate
&amp#27;[38;5;0m[HTTP]&amp#27;[0m &amp#27;[37m-->&amp#27;[39m &amp#27;[37mGET&amp#27;[39m &amp#27;[37m/status&amp#27;[39m
&amp#27;[38;5;0m[HTTP]&amp#27;[0m {}
&amp#27;[38;5;16m[AppiumDriver@f19d]&amp#27;[0m Calling AppiumDriver.getStatus() with args: []
&amp#27;[38;5;16m[AppiumDriver@f19d]&amp#27;[0m Responding to client with driver.getStatus() result: {"ready":true,"message":"The server is ready to accept new connections","build":{"version":"2.9.0"}}
&amp#27;[38;5;0m[HTTP]&amp#27;[0m <-- GET /status 200 6 ms - 110
&amp#27;[38;5;0m[HTTP]&amp#27;[0m 
&amp#27;[38;5;0m[HTTP]&amp#27;[0m Request idempotency key: a1b9bdbe-3566-4abc-891e-1f0faa8674ff
&amp#27;[38;5;0m[HTTP]&amp#27;[0m &amp#27;[37m-->&amp#27;[39m &amp#27;[37mPOST&amp#27;[39m &amp#27;[37m/session&amp#27;[39m
&amp#27;[38;5;0m[HTTP]&amp#27;[0m {"capabilities":{"firstMatch":[{"appium:deviceName":"Pixel 6a API 31","platformName":"ANDROID","appium:automationName":"UIAutomator2","appium:app":"/Users/stefanstefanov/eclipse-workspace/AppiumFrameworkDesign//src//test//java//org//rahulshettyacademy//resources//General-Store.apk"}]}}
&amp#27;[38;5;16m[AppiumDriver@f19d]&amp#27;[0m Calling AppiumDriver.createSession() with args: [null,null,{"firstMatch":[{"appium:deviceName":"Pixel 6a API 31","platformName":"ANDROID","appium:automationName":"UIAutomator2","appium:app":"/Users/stefanstefanov/eclipse-workspace/AppiumFrameworkDesign//src//test//java//org//rahulshettyacademy//resources//General-Store.apk"}]}]
&amp#27;[38;5;16m[AppiumDriver@f19d]&amp#27;[0m Event 'newSessionRequested' logged at 1720772770634 (11:26:10 GMT+0300 (Eastern European Summer Time))
[Appium] Attempting to find matching driver for automationName 'UIAutomator2' and platformName 'ANDROID'
[Appium] The 'uiautomator2' driver was installed and matched caps.
[Appium] Will require it at /Users/stefanstefanov/node_modules/appium-uiautomator2-driver
[Appium] Requiring driver at /Users/stefanstefanov/node_modules/appium-uiautomator2-driver/build/index.js
&amp#27;[38;5;16m[AppiumDriver@f19d]&amp#27;[0m Appium v2.9.0 creating new AndroidUiautomator2Driver (v3.5.2) session
&amp#27;[38;5;16m[AppiumDriver@f19d]&amp#27;[0m Checking BaseDriver versions for Appium and AndroidUiautomator2Driver
&amp#27;[38;5;16m[AppiumDriver@f19d]&amp#27;[0m Appium's BaseDriver version is 9.9.0
&amp#27;[38;5;16m[AppiumDriver@f19d]&amp#27;[0m AndroidUiautomator2Driver's BaseDriver version is 9.6.0
&amp#27;[38;5;32m[AndroidUiautomator2Driver@2dda]&amp#27;[0m Creating session with W3C capabilities: {
&amp#27;[38;5;32m[AndroidUiautomator2Driver@2dda]&amp#27;[0m   "alwaysMatch": {
&amp#27;[38;5;32m[AndroidUiautomator2Driver@2dda]&amp#27;[0m     "platformName": "ANDROID",
&amp#27;[38;5;32m[AndroidUiautomator2Driver@2dda]&amp#27;[0m     "appium:deviceName": "Pixel 6a API 31",
&amp#27;[38;5;32m[AndroidUiautomator2Driver@2dda]&amp#27;[0m     "appium:automationName": "UIAutomator2",
&amp#27;[38;5;32m[AndroidUiautomator2Driver@2dda]&amp#27;[0m     "appium:app": "/Users/stefanstefanov/eclipse-workspace/AppiumFrameworkDesign//src//test//java//org//rahulshettyacademy//resources//General-Store.apk"
&amp#27;[38;5;32m[AndroidUiautomator2Driver@2dda]&amp#27;[0m   },
&amp#27;[38;5;32m[AndroidUiautomator2Driver@2dda]&amp#27;[0m   "firstMatch": [
&amp#27;[38;5;32m[AndroidUiautomator2Driver@2dda]&amp#27;[0m     {}
&amp#27;[38;5;32m[AndroidUiautomator2Driver@2dda]&amp#27;[0m   ]
&amp#27;[38;5;32m[AndroidUiautomator2Driver@2dda]&amp#27;[0m }
&amp#27;[38;5;32m[AndroidUiautomator2Driver@2dda (735db5ca)]&amp#27;[0m Session created with session id: 735db5ca-b012-4c7d-a1ea-a2adf462b809
&amp#27;[38;5;48m[ADB]&amp#27;[0m Found 1 'build-tools' folders under '/Users/stefanstefanov/Library/Android/sdk' (newest first):
&amp#27;[38;5;48m[ADB]&amp#27;[0m     /Users/stefanstefanov/Library/Android/sdk/build-tools/34.0.0
&amp#27;[38;5;48m[ADB]&amp#27;[0m Using 'adb' from '/Users/stefanstefanov/Library/Android/sdk/platform-tools/adb'
&amp#27;[38;5;48m[ADB]&amp#27;[0m Running '/Users/stefanstefanov/Library/Android/sdk/platform-tools/adb -P 5037 start-server'
&amp#27;[38;5;32m[AndroidUiautomator2Driver@2dda (735db5ca)]&amp#27;[0m Retrieving device list
&amp#27;[38;5;48m[ADB]&amp#27;[0m Trying to find connected Android devices
&amp#27;[38;5;48m[ADB]&amp#27;[0m Getting connected devices
&amp#27;[38;5;48m[ADB]&amp#27;[0m Connected devices: [{"udid":"emulator-5554","state":"device"}]
&amp#27;[38;5;32m[AndroidUiautomator2Driver@2dda (735db5ca)]&amp#27;[0m Using device: emulator-5554
&amp#27;[38;5;48m[ADB]&amp#27;[0m Using 'adb' from '/Users/stefanstefanov/Library/Android/sdk/platform-tools/adb'
&amp#27;[38;5;48m[ADB]&amp#27;[0m Running '/Users/stefanstefanov/Library/Android/sdk/platform-tools/adb -P 5037 start-server'
&amp#27;[38;5;48m[ADB]&amp#27;[0m Setting device id to emulator-5554
&amp#27;[38;5;64m[BaseDriver]&amp#27;[0m Using local app '/Users/stefanstefanov/eclipse-workspace/AppiumFrameworkDesign//src//test//java//org//rahulshettyacademy//resources//General-Store.apk'
&amp#27;[38;5;32m[AndroidUiautomator2Driver@2dda (735db5ca)]&amp#27;[0m Checking whether app is actually present
&amp#27;[38;5;48m[ADB]&amp#27;[0m Running '/Users/stefanstefanov/Library/Android/sdk/platform-tools/adb -P 5037 -s emulator-5554 shell getprop ro.build.version.sdk'
&amp#27;[38;5;48m[ADB]&amp#27;[0m Current device property 'ro.build.version.sdk': 31
&amp#27;[38;5;48m[ADB]&amp#27;[0m Getting device platform version
&amp#27;[38;5;48m[ADB]&amp#27;[0m Running '/Users/stefanstefanov/Library/Android/sdk/platform-tools/adb -P 5037 -s emulator-5554 shell getprop ro.build.version.release'
&amp#27;[38;5;48m[ADB]&amp#27;[0m Current device property 'ro.build.version.release': 12
&amp#27;[38;5;48m[ADB]&amp#27;[0m Device API level: 31
&amp#27;[38;5;32m[AndroidUiautomator2Driver@2dda (735db5ca)]&amp#27;[0m Relaxing hidden api policy
&amp#27;[38;5;48m[ADB]&amp#27;[0m Running '/Users/stefanstefanov/Library/Android/sdk/platform-tools/adb -P 5037 -s emulator-5554 shell 'settings put global hidden_api_policy_pre_p_apps 1;settings put global hidden_api_policy_p_apps 1;settings put global hidden_api_policy 1''
&amp#27;[38;5;32m[AndroidUiautomator2Driver@2dda (735db5ca)]&amp#27;[0m Parsing package and activity from app manifest
&amp#27;[38;5;48m[ADB]&amp#27;[0m Running '/Users/stefanstefanov/Library/Android/sdk/platform-tools/adb -P 5037 -s emulator-5554 wait-for-device'
&amp#27;[38;5;48m[ADB]&amp#27;[0m Running '/Users/stefanstefanov/Library/Android/sdk/platform-tools/adb -P 5037 -s emulator-5554 shell echo ping'
&amp#27;[38;5;48m[ADB]&amp#27;[0m Package name: 'com.androidsample.generalstore'
&amp#27;[38;5;48m[ADB]&amp#27;[0m Main activity name: 'com.androidsample.generalstore.SplashActivity'
&amp#27;[38;5;32m[AndroidUiautomator2Driver@2dda (735db5ca)]&amp#27;[0m Parsed package and activity are: com.androidsample.generalstore/com.androidsample.generalstore.SplashActivity
&amp#27;[38;5;32m[AndroidUiautomator2Driver@2dda (735db5ca)]&amp#27;[0m Pushing settings apk to the device...
&amp#27;[38;5;48m[ADB]&amp#27;[0m Getting package info for 'io.appium.settings'
&amp#27;[38;5;48m[ADB]&amp#27;[0m Running '/Users/stefanstefanov/Library/Android/sdk/platform-tools/adb -P 5037 -s emulator-5554 shell dumpsys package io.appium.settings'
&amp#27;[38;5;48m[ADB]&amp#27;[0m The version name of the installed 'io.appium.settings' is greater or equal to the application version name ('5.9.2' >= '5.9.2')
&amp#27;[38;5;48m[ADB]&amp#27;[0m There is no need to install/upgrade '/Users/stefanstefanov/node_modules/appium-uiautomator2-driver/node_modules/io.appium.settings/apks/settings_apk-debug.apk'
&amp#27;[38;5;48m[ADB]&amp#27;[0m Running '/Users/stefanstefanov/Library/Android/sdk/platform-tools/adb -P 5037 -s emulator-5554 shell dumpsys activity services io.appium.settings'
&amp#27;[38;5;32m[AndroidUiautomator2Driver@2dda (735db5ca)]&amp#27;[0m io.appium.settings is already running. There is no need to reset its permissions.
&amp#27;[38;5;80m[Logcat]&amp#27;[0m Starting logs capture with command: /Users/stefanstefanov/Library/Android/sdk/platform-tools/adb -P 5037 -s emulator-5554 logcat -v threadtime
&amp#27;[38;5;32m[AndroidUiautomator2Driver@2dda (735db5ca)]&amp#27;[0m Forwarding UiAutomator2 Server port 6790 to local port 8201
&amp#27;[38;5;48m[ADB]&amp#27;[0m Forwarding system: 8201 to device: 6790
&amp#27;[38;5;48m[ADB]&amp#27;[0m Running '/Users/stefanstefanov/Library/Android/sdk/platform-tools/adb -P 5037 -s emulator-5554 forward tcp:8201 tcp:6790'
&amp#27;[38;5;48m[ADB]&amp#27;[0m Getting package info for 'io.appium.uiautomator2.server'
&amp#27;[38;5;48m[ADB]&amp#27;[0m Running '/Users/stefanstefanov/Library/Android/sdk/platform-tools/adb -P 5037 -s emulator-5554 shell dumpsys package io.appium.uiautomator2.server'
&amp#27;[38;5;48m[ADB]&amp#27;[0m Getting install status for io.appium.uiautomator2.server.test
&amp#27;[38;5;48m[ADB]&amp#27;[0m Checking app cert for /Users/stefanstefanov/eclipse-workspace/AppiumFrameworkDesign//src//test//java//org//rahulshettyacademy//resources//General-Store.apk
&amp#27;[38;5;48m[ADB]&amp#27;[0m Running '/Users/stefanstefanov/Library/Android/sdk/platform-tools/adb -P 5037 -s emulator-5554 shell cmd package list packages'
&amp#27;[38;5;48m[ADB]&amp#27;[0m Using 'apksigner.jar' from '/Users/stefanstefanov/Library/Android/sdk/build-tools/34.0.0/lib/apksigner.jar'
&amp#27;[38;5;48m[ADB]&amp#27;[0m Starting apksigner: /Library/Java/JavaVirtualMachines/jdk-22.jdk/Contents/Home/bin/java -Xmx1024M -Xss1m -jar /Users/stefanstefanov/Library/Android/sdk/build-tools/34.0.0/lib/apksigner.jar verify --print-certs /Users/stefanstefanov/eclipse-workspace/AppiumFrameworkDesign//src//test//java//org//rahulshettyacademy//resources//General-Store.apk
&amp#27;[38;5;48m[ADB]&amp#27;[0m 'io.appium.uiautomator2.server.test' is not installed
&amp#27;[38;5;48m[ADB]&amp#27;[0m App '/Users/stefanstefanov/node_modules/appium-uiautomator2-driver/node_modules/appium-uiautomator2-server/apks/appium-uiautomator2-server-v7.0.9.apk' is not installed
&amp#27;[38;5;32m[AndroidUiautomator2Driver@2dda (735db5ca)]&amp#27;[0m Server packages status: [{"installState":"notInstalled","appPath":"/Users/stefanstefanov/node_modules/appium-uiautomator2-driver/node_modules/appium-uiautomator2-server/apks/appium-uiautomator2-server-v7.0.9.apk","appId":"io.appium.uiautomator2.server"},{"installState":"notInstalled","appPath":"/Users/stefanstefanov/node_modules/appium-uiautomator2-driver/node_modules/appium-uiautomator2-server/apks/appium-uiautomator2-server-debug-androidTest.apk","appId":"io.appium.uiautomator2.server.test"}]
&amp#27;[38;5;32m[AndroidUiautomator2Driver@2dda (735db5ca)]&amp#27;[0m Server packages are going to be (re)installed
&amp#27;[38;5;48m[ADB]&amp#27;[0m Running '/Users/stefanstefanov/Library/Android/sdk/platform-tools/adb -P 5037 -s emulator-5554 version'
&amp#27;[38;5;48m[ADB]&amp#27;[0m Running '/Users/stefanstefanov/Library/Android/sdk/platform-tools/adb -P 5037 -s emulator-5554 features'
&amp#27;[38;5;48m[ADB]&amp#27;[0m Running '/Users/stefanstefanov/Library/Android/sdk/platform-tools/adb -P 5037 -s emulator-5554 help'
&amp#27;[38;5;48m[ADB]&amp#27;[0m Running '/Users/stefanstefanov/Library/Android/sdk/platform-tools/adb -P 5037 -s emulator-5554 help'
&amp#27;[38;5;48m[ADB]&amp#27;[0m The application at '/Users/stefanstefanov/node_modules/appium-uiautomator2-driver/node_modules/appium-uiautomator2-server/apks/appium-uiautomator2-server-v7.0.9.apk' will not be cached, because the device under test has confirmed the support of streamed installs
&amp#27;[38;5;48m[ADB]&amp#27;[0m Running '/Users/stefanstefanov/Library/Android/sdk/platform-tools/adb -P 5037 -s emulator-5554 install -r --no-incremental /Users/stefanstefanov/node_modules/appium-uiautomator2-driver/node_modules/appium-uiautomator2-server/apks/appium-uiautomator2-server-v7.0.9.apk'
&amp#27;[38;5;48m[ADB]&amp#27;[0m The application at '/Users/stefanstefanov/node_modules/appium-uiautomator2-driver/node_modules/appium-uiautomator2-server/apks/appium-uiautomator2-server-debug-androidTest.apk' will not be cached, because the device under test has confirmed the support of streamed installs
&amp#27;[38;5;48m[ADB]&amp#27;[0m Running '/Users/stefanstefanov/Library/Android/sdk/platform-tools/adb -P 5037 -s emulator-5554 install -r --no-incremental /Users/stefanstefanov/node_modules/appium-uiautomator2-driver/node_modules/appium-uiautomator2-server/apks/appium-uiautomator2-server-debug-androidTest.apk'
&amp#27;[38;5;48m[ADB]&amp#27;[0m apksigner stdout: Signer #1 certificate DN: C=US, O=Android, CN=Android Debug
&amp#27;[38;5;48m[ADB]&amp#27;[0m Signer #1 certificate SHA-256 digest: f5f5931c019be6bff8a26255f76ae9ef8a8e631d2a702ec10e91110231549eef
&amp#27;[38;5;48m[ADB]&amp#27;[0m Signer #1 certificate SHA-1 digest: b250161db8b5d0a1bd39154c9fd749bdad79c1a3
&amp#27;[38;5;48m[ADB]&amp#27;[0m Signer #1 certificate MD5 digest: 7a5550323d84472ca25a0861c63e0a6c
&amp#27;[38;5;48m[ADB]&amp#27;[0m 
&amp#27;[38;5;48m[ADB]&amp#27;[0m '/Users/stefanstefanov/eclipse-workspace/AppiumFrameworkDesign//src//test//java//org//rahulshettyacademy//resources//General-Store.apk' is signed with a non-default certificate
&amp#27;[38;5;48m[ADB]&amp#27;[0m Getting package info for 'com.androidsample.generalstore'
&amp#27;[38;5;48m[ADB]&amp#27;[0m Running '/Users/stefanstefanov/Library/Android/sdk/platform-tools/adb -P 5037 -s emulator-5554 shell dumpsys package com.androidsample.generalstore'
&amp#27;[38;5;48m[ADB]&amp#27;[0m The installation of 'appium-uiautomator2-server-debug-androidTest.apk' took 1074ms
&amp#27;[38;5;48m[ADB]&amp#27;[0m Install command stdout: Performing Streamed Install
&amp#27;[38;5;48m[ADB]&amp#27;[0m Success
&amp#27;[38;5;48m[ADB]&amp#27;[0m The version name of the installed 'com.androidsample.generalstore' is greater or equal to the application version name ('1.0.0' >= '1.0.0')
&amp#27;[38;5;48m[ADB]&amp#27;[0m There is no need to install/upgrade '/Users/stefanstefanov/eclipse-workspace/AppiumFrameworkDesign//src//test//java//org//rahulshettyacademy//resources//General-Store.apk'
&amp#27;[38;5;32m[AndroidUiautomator2Driver@2dda (735db5ca)]&amp#27;[0m Performing fast reset on 'com.androidsample.generalstore'
&amp#27;[38;5;48m[ADB]&amp#27;[0m Getting install status for com.androidsample.generalstore
&amp#27;[38;5;48m[ADB]&amp#27;[0m Running '/Users/stefanstefanov/Library/Android/sdk/platform-tools/adb -P 5037 -s emulator-5554 shell cmd package list packages'
&amp#27;[38;5;48m[ADB]&amp#27;[0m 'com.androidsample.generalstore' is installed
&amp#27;[38;5;48m[ADB]&amp#27;[0m Running '/Users/stefanstefanov/Library/Android/sdk/platform-tools/adb -P 5037 -s emulator-5554 shell am force-stop com.androidsample.generalstore'
&amp#27;[38;5;48m[ADB]&amp#27;[0m Running '/Users/stefanstefanov/Library/Android/sdk/platform-tools/adb -P 5037 -s emulator-5554 shell pm clear com.androidsample.generalstore'
&amp#27;[38;5;32m[AndroidUiautomator2Driver@2dda (735db5ca)]&amp#27;[0m Performed fast reset on the installed 'com.androidsample.generalstore' application (stop and clear)
&amp#27;[38;5;48m[ADB]&amp#27;[0m The installation of 'appium-uiautomator2-server-v7.0.9.apk' took 10480ms
&amp#27;[38;5;48m[ADB]&amp#27;[0m Install command stdout: Performing Streamed Install
&amp#27;[38;5;48m[ADB]&amp#27;[0m Success
&amp#27;[38;5;32m[AndroidUiautomator2Driver@2dda (735db5ca)]&amp#27;[0m Waiting up to 30000ms for services to be available
&amp#27;[38;5;48m[ADB]&amp#27;[0m Running '/Users/stefanstefanov/Library/Android/sdk/platform-tools/adb -P 5037 -s emulator-5554 shell pm list instrumentation'
&amp#27;[38;5;32m[AndroidUiautomator2Driver@2dda (735db5ca)]&amp#27;[0m Instrumentation target 'io.appium.uiautomator2.server.test/androidx.test.runner.AndroidJUnitRunner' is available
&amp#27;[38;5;48m[ADB]&amp#27;[0m Adding packages ["io.appium.settings","io.appium.uiautomator2.server","io.appium.uiautomator2.server.test"] to Doze whitelist
&amp#27;[38;5;48m[ADB]&amp#27;[0m Got the following command chunks to execute: [["dumpsys","deviceidle","whitelist","+io.appium.settings",";","dumpsys","deviceidle","whitelist","+io.appium.uiautomator2.server",";","dumpsys","deviceidle","whitelist","+io.appium.uiautomator2.server.test",";"]]
&amp#27;[38;5;48m[ADB]&amp#27;[0m Running '/Users/stefanstefanov/Library/Android/sdk/platform-tools/adb -P 5037 -s emulator-5554 shell dumpsys deviceidle whitelist +io.appium.settings ; dumpsys deviceidle whitelist +io.appium.uiautomator2.server ; dumpsys deviceidle whitelist +io.appium.uiautomator2.server.test ;'
&amp#27;[38;5;32m[AndroidUiautomator2Driver@2dda (735db5ca)]&amp#27;[0m Performing shallow cleanup of automation leftovers
&amp#27;[38;5;32m[AndroidUiautomator2Driver@2dda (735db5ca)]&amp#27;[0m No obsolete sessions have been detected (socket hang up)
&amp#27;[38;5;48m[ADB]&amp#27;[0m Running '/Users/stefanstefanov/Library/Android/sdk/platform-tools/adb -P 5037 -s emulator-5554 shell am force-stop io.appium.uiautomator2.server.test'
&amp#27;[38;5;32m[AndroidUiautomator2Driver@2dda (735db5ca)]&amp#27;[0m Starting UIAutomator2 server 7.0.9
&amp#27;[38;5;32m[AndroidUiautomator2Driver@2dda (735db5ca)]&amp#27;[0m Using UIAutomator2 server from '/Users/stefanstefanov/node_modules/appium-uiautomator2-driver/node_modules/appium-uiautomator2-server/apks/appium-uiautomator2-server-v7.0.9.apk' and test from '/Users/stefanstefanov/node_modules/appium-uiautomator2-driver/node_modules/appium-uiautomator2-server/apks/appium-uiautomator2-server-debug-androidTest.apk'
&amp#27;[38;5;32m[AndroidUiautomator2Driver@2dda (735db5ca)]&amp#27;[0m Waiting up to 30000ms for UiAutomator2 to be online...
&amp#27;[38;5;48m[ADB]&amp#27;[0m Creating ADB subprocess with args: ["-P","5037","-s","emulator-5554","shell","am","instrument","-w","-e","disableAnalytics","true","io.appium.uiautomator2.server.test/androidx.test.runner.AndroidJUnitRunner"]
&amp#27;[38;5;32m[AndroidUiautomator2Driver@2dda (735db5ca)]&amp#27;[0m Matched '/status' to command name 'getStatus'
&amp#27;[38;5;32m[AndroidUiautomator2Driver@2dda (735db5ca)]&amp#27;[0m Proxying [GET /status] to [GET http://127.0.0.1:8201/status] with no body
&amp#27;[38;5;32m[AndroidUiautomator2Driver@2dda (735db5ca)]&amp#27;[0m socket hang up
&amp#27;[38;5;32m[AndroidUiautomator2Driver@2dda (735db5ca)]&amp#27;[0m Matched '/status' to command name 'getStatus'
&amp#27;[38;5;32m[AndroidUiautomator2Driver@2dda (735db5ca)]&amp#27;[0m Proxying [GET /status] to [GET http://127.0.0.1:8201/status] with no body
&amp#27;[38;5;32m[AndroidUiautomator2Driver@2dda (735db5ca)]&amp#27;[0m socket hang up
&amp#27;[38;5;32m[AndroidUiautomator2Driver@2dda (735db5ca)]&amp#27;[0m Matched '/status' to command name 'getStatus'
&amp#27;[38;5;32m[AndroidUiautomator2Driver@2dda (735db5ca)]&amp#27;[0m Proxying [GET /status] to [GET http://127.0.0.1:8201/status] with no body
&amp#27;[38;5;32m[AndroidUiautomator2Driver@2dda (735db5ca)]&amp#27;[0m socket hang up
&amp#27;[38;5;32m[AndroidUiautomator2Driver@2dda (735db5ca)]&amp#27;[0m Matched '/status' to command name 'getStatus'
&amp#27;[38;5;32m[AndroidUiautomator2Driver@2dda (735db5ca)]&amp#27;[0m Proxying [GET /status] to [GET http://127.0.0.1:8201/status] with no body
&amp#27;[38;5;32m[AndroidUiautomator2Driver@2dda (735db5ca)]&amp#27;[0m socket hang up
&amp#27;[38;5;32m[AndroidUiautomator2Driver@2dda (735db5ca)]&amp#27;[0m Matched '/status' to command name 'getStatus'
&amp#27;[38;5;32m[AndroidUiautomator2Driver@2dda (735db5ca)]&amp#27;[0m Proxying [GET /status] to [GET http://127.0.0.1:8201/status] with no body
&amp#27;[38;5;32m[AndroidUiautomator2Driver@2dda (735db5ca)]&amp#27;[0m socket hang up
&amp#27;[38;5;32m[AndroidUiautomator2Driver@2dda (735db5ca)]&amp#27;[0m Matched '/status' to command name 'getStatus'
&amp#27;[38;5;32m[AndroidUiautomator2Driver@2dda (735db5ca)]&amp#27;[0m Proxying [GET /status] to [GET http://127.0.0.1:8201/status] with no body
&amp#27;[38;5;32m[AndroidUiautomator2Driver@2dda (735db5ca)]&amp#27;[0m socket hang up
&amp#27;[38;5;32m[AndroidUiautomator2Driver@2dda (735db5ca)]&amp#27;[0m Matched '/status' to command name 'getStatus'
&amp#27;[38;5;32m[AndroidUiautomator2Driver@2dda (735db5ca)]&amp#27;[0m Proxying [GET /status] to [GET http://127.0.0.1:8201/status] with no body
&amp#27;[38;5;32m[AndroidUiautomator2Driver@2dda (735db5ca)]&amp#27;[0m socket hang up
&amp#27;[38;5;32m[AndroidUiautomator2Driver@2dda (735db5ca)]&amp#27;[0m Matched '/status' to command name 'getStatus'
&amp#27;[38;5;32m[AndroidUiautomator2Driver@2dda (735db5ca)]&amp#27;[0m Proxying [GET /status] to [GET http://127.0.0.1:8201/status] with no body
&amp#27;[38;5;32m[AndroidUiautomator2Driver@2dda (735db5ca)]&amp#27;[0m socket hang up
&amp#27;[38;5;32m[AndroidUiautomator2Driver@2dda (735db5ca)]&amp#27;[0m Matched '/status' to command name 'getStatus'
&amp#27;[38;5;32m[AndroidUiautomator2Driver@2dda (735db5ca)]&amp#27;[0m Proxying [GET /status] to [GET http://127.0.0.1:8201/status] with no body
&amp#27;[38;5;32m[AndroidUiautomator2Driver@2dda (735db5ca)]&amp#27;[0m socket hang up
&amp#27;[38;5;32m[AndroidUiautomator2Driver@2dda (735db5ca)]&amp#27;[0m Matched '/status' to command name 'getStatus'
&amp#27;[38;5;32m[AndroidUiautomator2Driver@2dda (735db5ca)]&amp#27;[0m Proxying [GET /status] to [GET http://127.0.0.1:8201/status] with no body
&amp#27;[38;5;32m[AndroidUiautomator2Driver@2dda (735db5ca)]&amp#27;[0m socket hang up
&amp#27;[38;5;32m[AndroidUiautomator2Driver@2dda (735db5ca)]&amp#27;[0m Matched '/status' to command name 'getStatus'
&amp#27;[38;5;32m[AndroidUiautomator2Driver@2dda (735db5ca)]&amp#27;[0m Proxying [GET /status] to [GET http://127.0.0.1:8201/status] with no body
&amp#27;[38;5;32m[AndroidUiautomator2Driver@2dda (735db5ca)]&amp#27;[0m socket hang up
&amp#27;[38;5;32m[AndroidUiautomator2Driver@2dda (735db5ca)]&amp#27;[0m Matched '/status' to command name 'getStatus'
&amp#27;[38;5;32m[AndroidUiautomator2Driver@2dda (735db5ca)]&amp#27;[0m Proxying [GET /status] to [GET http://127.0.0.1:8201/status] with no body
&amp#27;[38;5;32m[AndroidUiautomator2Driver@2dda (735db5ca)]&amp#27;[0m socket hang up
&amp#27;[38;5;96m[Instrumentation]&amp#27;[0m io.appium.uiautomator2.server.test.AppiumUiAutomator2Server:
&amp#27;[38;5;32m[AndroidUiautomator2Driver@2dda (735db5ca)]&amp#27;[0m Matched '/status' to command name 'getStatus'
&amp#27;[38;5;32m[AndroidUiautomator2Driver@2dda (735db5ca)]&amp#27;[0m Proxying [GET /status] to [GET http://127.0.0.1:8201/status] with no body
&amp#27;[38;5;32m[AndroidUiautomator2Driver@2dda (735db5ca)]&amp#27;[0m socket hang up
&amp#27;[38;5;32m[AndroidUiautomator2Driver@2dda (735db5ca)]&amp#27;[0m Matched '/status' to command name 'getStatus'
&amp#27;[38;5;32m[AndroidUiautomator2Driver@2dda (735db5ca)]&amp#27;[0m Proxying [GET /status] to [GET http://127.0.0.1:8201/status] with no body
&amp#27;[38;5;32m[AndroidUiautomator2Driver@2dda (735db5ca)]&amp#27;[0m Got response with status 200: {"sessionId":"None","value":{"message":"UiAutomator2 Server is ready to accept commands","ready":true}}
&amp#27;[38;5;32m[AndroidUiautomator2Driver@2dda (735db5ca)]&amp#27;[0m The initialization of the instrumentation process took 13417ms
&amp#27;[38;5;32m[AndroidUiautomator2Driver@2dda (735db5ca)]&amp#27;[0m Matched '/session' to command name 'createSession'
&amp#27;[38;5;32m[AndroidUiautomator2Driver@2dda (735db5ca)]&amp#27;[0m Proxying [POST /session] to [POST http://127.0.0.1:8201/session] with body: {"capabilities":{"firstMatch":[{"platformName":"ANDROID","deviceName":"emulator-5554","automationName":"UIAutomator2","app":"/Users/stefanstefanov/eclipse-workspace/AppiumFrameworkDesign//src//test//java//org//rahulshettyacademy//resources//General-Store.apk","platform":"LINUX","webStorageEnabled":false,"takesScreenshot":true,"javascriptEnabled":true,"databaseEnabled":false,"networkConnectionEnabled":true,"locationContextEnabled":false,"warnings":{},"desired":{"platformName":"ANDROID","deviceName":"Pixel 6a API 31","automationName":"UIAutomator2","app":"/Users/stefanstefanov/eclipse-workspace/AppiumFrameworkDesign//src//test//java//org//rahulshettyacademy//resources//General-Store.apk"},"deviceUDID":"emulator-5554","appPackage":"com.androidsample.generalstore"}],"alwaysMatch":{}}}
&amp#27;[38;5;32m[AndroidUiautomator2Driver@2dda (735db5ca)]&amp#27;[0m Got response with status 200: {"sessionId":"0a6d7faf-2b8f-4219-871a-f868e2a954d8","value":{"capabilities":{"firstMatch":[{"platformName":"ANDROID","deviceName":"emulator-5554","automationName":"UIAutomator2","app":"/Users/stefanstefanov/eclipse-workspace/AppiumFrameworkDesign//src//test//java//org//rahulshettyacademy//resources//General-Store.apk","platform":"LINUX","webStorageEnabled":false,"takesScreenshot":true,"javascriptEnabled":true,"databaseEnabled":false,"networkConnectionEnabled":true,"locationContextEnabled":false,"warnings":{},"desired":{"platformName":"ANDROID","deviceName":"Pixel 6a API 31","automationName":"UIAutomator2","app":"/Users/stefanstefanov/eclipse-workspace/AppiumFrameworkDesign//src//test//java//org//rahulshettyacademy//resources//General-Store.apk"},"deviceUDID":"emulator-5554","appPackage":"com.androidsample.generalstore"}],"alwaysMatch":{}},"sessionId":"0a6d7faf-2b8f-4219-871a-f868e2a954d8"}}
&amp#27;[38;5;32m[AndroidUiautomator2Driver@2dda (735db5ca)]&amp#27;[0m Determined the downstream protocol as 'W3C'
&amp#27;[38;5;32m[AndroidUiautomator2Driver@2dda (735db5ca)]&amp#27;[0m Proxying [GET /appium/device/pixel_ratio] to [GET http://127.0.0.1:8201/session/0a6d7faf-2b8f-4219-871a-f868e2a954d8/appium/device/pixel_ratio] with no body
&amp#27;[38;5;32m[AndroidUiautomator2Driver@2dda (735db5ca)]&amp#27;[0m Matched '/appium/device/system_bars' to command name 'getSystemBars'
&amp#27;[38;5;32m[AndroidUiautomator2Driver@2dda (735db5ca)]&amp#27;[0m Proxying [GET /appium/device/system_bars] to [GET http://127.0.0.1:8201/session/0a6d7faf-2b8f-4219-871a-f868e2a954d8/appium/device/system_bars] with no body
&amp#27;[38;5;32m[AndroidUiautomator2Driver@2dda (735db5ca)]&amp#27;[0m Matched '/window/current/size' to command name 'getWindowSize'
&amp#27;[38;5;32m[AndroidUiautomator2Driver@2dda (735db5ca)]&amp#27;[0m Proxying [GET /window/current/size] to [GET http://127.0.0.1:8201/session/0a6d7faf-2b8f-4219-871a-f868e2a954d8/window/current/size] with no body
&amp#27;[38;5;32m[AndroidUiautomator2Driver@2dda (735db5ca)]&amp#27;[0m Proxying [GET /appium/device/info] to [GET http://127.0.0.1:8201/session/0a6d7faf-2b8f-4219-871a-f868e2a954d8/appium/device/info] with no body
&amp#27;[38;5;48m[ADB]&amp#27;[0m Running '/Users/stefanstefanov/Library/Android/sdk/platform-tools/adb -P 5037 -s emulator-5554 shell dumpsys window'
&amp#27;[38;5;48m[ADB]&amp#27;[0m Running '/Users/stefanstefanov/Library/Android/sdk/platform-tools/adb -P 5037 -s emulator-5554 shell dumpsys power'
&amp#27;[38;5;32m[AndroidUiautomator2Driver@2dda (735db5ca)]&amp#27;[0m Got response with status 200: {"sessionId":"0a6d7faf-2b8f-4219-871a-f868e2a954d8","value":2.625}
&amp#27;[38;5;32m[AndroidUiautomator2Driver@2dda (735db5ca)]&amp#27;[0m Got response with status 200: {"sessionId":"0a6d7faf-2b8f-4219-871a-f868e2a954d8","value":{"height":2400,"width":1080}}
&amp#27;[38;5;32m[AndroidUiautomator2Driver@2dda (735db5ca)]&amp#27;[0m Got response with status 200: {"sessionId":"0a6d7faf-2b8f-4219-871a-f868e2a954d8","value":{"statusBar":63}}
&amp#27;[38;5;32m[AndroidUiautomator2Driver@2dda (735db5ca)]&amp#27;[0m Got response with status 200: {"sessionId":"0a6d7faf-2b8f-4219-871a-f868e2a954d8","value":{"androidId":"42564272a2fb53c3","apiVersion":"31","bluetooth":{"state":"ON"},"brand":"google","carrierName":"T-Mobile","displayDensity":420,"locale":"en_US","manufacturer":"Google","model":"sdk_gphone64_x86_64","networks":[{"capabilities":{"SSID":null,"linkDownBandwidthKbps":4300,"linkUpstreamBandwidthKbps":1800,"networkCapabilities":"NET_CAPABILITY_MMS,NET_CAPABILITY_SUPL,NET_CAPABILITY_DUN,NET_CAPABILITY_FOTA,NET_CAPABILITY_IMS,NET_CAPABILITY_CBS,NET_CAPABILITY_INTERNET,NET_CAPABILITY_NOT_RESTRICTED,NET_CAPABILITY_TRUSTED,NET_CAPABILITY_NOT_VPN,NET_CAPABILITY_VALIDATED,NET_CAPABILITY_NOT_ROAMING,NET_CAPABILITY_NOT_CONGESTED,NET_CAPABILITY_NOT_SUSPENDED","signalStrength":-2147483648,"transportTypes":"TRANSPORT_CELLULAR"},"detailedState":"CONNECTED","extraInfo":"epc.tmobile.com","isAvailable":true,"isConnected":true,"isFailover":false,"isRoaming":false,"state":"CONNECTED","subtype":10,"subtypeName":"HSPA","type":0,"typeName":"MOBILE"},{"capabiliti...
&amp#27;[38;5;32m[AndroidUiautomator2Driver@2dda (735db5ca)]&amp#27;[0m Screen already unlocked, doing nothing
&amp#27;[38;5;32m[AndroidUiautomator2Driver@2dda (735db5ca)]&amp#27;[0m Starting 'com.androidsample.generalstore/com.androidsample.generalstore.SplashActivity and waiting for 'com.androidsample.generalstore/com.androidsample.generalstore.SplashActivity'
&amp#27;[38;5;48m[ADB]&amp#27;[0m Running '/Users/stefanstefanov/Library/Android/sdk/platform-tools/adb -P 5037 -s emulator-5554 shell am start -W -n com.androidsample.generalstore/com.androidsample.generalstore.SplashActivity -S -a android.intent.action.MAIN -c android.intent.category.LAUNCHER -f 0x10200000'
&amp#27;[38;5;48m[ADB]&amp#27;[0m Waiting up to 20000ms for activity matching pkg: 'com.androidsample.generalstore' and activity: 'com.androidsample.generalstore.SplashActivity' to be focused
&amp#27;[38;5;48m[ADB]&amp#27;[0m Possible activities, to be checked: 'com.androidsample.generalstore.SplashActivity', 'com.androidsample.generalstore.com.androidsample.generalstore.SplashActivity'
&amp#27;[38;5;48m[ADB]&amp#27;[0m Getting focused package and activity
&amp#27;[38;5;48m[ADB]&amp#27;[0m Running '/Users/stefanstefanov/Library/Android/sdk/platform-tools/adb -P 5037 -s emulator-5554 shell dumpsys window displays'
&amp#27;[38;5;48m[ADB]&amp#27;[0m Found package: 'com.androidsample.generalstore' and fully qualified activity name : 'com.androidsample.generalstore.SplashActivity'
&amp#27;[38;5;16m[AppiumDriver@f19d]&amp#27;[0m New AndroidUiautomator2Driver session created successfully, session 735db5ca-b012-4c7d-a1ea-a2adf462b809 added to master session list
&amp#27;[38;5;16m[AppiumDriver@f19d]&amp#27;[0m Event 'newSessionStarted' logged at 1720772799573 (11:26:39 GMT+0300 (Eastern European Summer Time))
&amp#27;[38;5;32m[AndroidUiautomator2Driver@2dda (735db5ca)]&amp#27;[0m Cached the protocol value 'W3C' for the new session 735db5ca-b012-4c7d-a1ea-a2adf462b809
&amp#27;[38;5;32m[AndroidUiautomator2Driver@2dda (735db5ca)]&amp#27;[0m Responding to client with driver.createSession() result: {"capabilities":{"platformName":"ANDROID","deviceName":"emulator-5554","automationName":"UIAutomator2","app":"/Users/stefanstefanov/eclipse-workspace/AppiumFrameworkDesign//src//test//java//org//rahulshettyacademy//resources//General-Store.apk","platform":"LINUX","webStorageEnabled":false,"takesScreenshot":true,"javascriptEnabled":true,"databaseEnabled":false,"networkConnectionEnabled":true,"locationContextEnabled":false,"warnings":{},"desired":{"platformName":"ANDROID","deviceName":"Pixel 6a API 31","automationName":"UIAutomator2","app":"/Users/stefanstefanov/eclipse-workspace/AppiumFrameworkDesign//src//test//java//org//rahulshettyacademy//resources//General-Store.apk"},"deviceUDID":"emulator-5554","appPackage":"com.androidsample.generalstore","pixelRatio":"2.625","statBarHeight":63,"viewportRect":{"left":0,"top":63,"width":1080,"height":2337},"deviceApiLevel":31,"platformVersion":"12","deviceManufacturer":"Google","deviceModel":"sdk_gphone64_x86_64","deviceScreenSize":"1080x2400","deviceScreenDensity":4...
&amp#27;[38;5;0m[HTTP]&amp#27;[0m <-- POST /session 200 28941 ms - 1086
&amp#27;[38;5;0m[HTTP]&amp#27;[0m 
&amp#27;[38;5;0m[HTTP]&amp#27;[0m &amp#27;[37m-->&amp#27;[39m &amp#27;[37mPOST&amp#27;[39m &amp#27;[37m/session/735db5ca-b012-4c7d-a1ea-a2adf462b809/timeouts&amp#27;[39m
&amp#27;[38;5;0m[HTTP]&amp#27;[0m {"implicit":10000}
&amp#27;[38;5;32m[AndroidUiautomator2Driver@2dda (735db5ca)]&amp#27;[0m Calling AppiumDriver.timeouts() with args: [null,null,null,null,10000,"735db5ca-b012-4c7d-a1ea-a2adf462b809"]
&amp#27;[38;5;32m[AndroidUiautomator2Driver@2dda (735db5ca)]&amp#27;[0m W3C timeout argument: {"implicit":10000}}
&amp#27;[38;5;32m[AndroidUiautomator2Driver@2dda (735db5ca)]&amp#27;[0m Set implicit wait to 10000ms
&amp#27;[38;5;32m[AndroidUiautomator2Driver@2dda (735db5ca)]&amp#27;[0m Responding to client with driver.timeouts() result: null
&amp#27;[38;5;0m[HTTP]&amp#27;[0m <-- POST /session/735db5ca-b012-4c7d-a1ea-a2adf462b809/timeouts 200 3 ms - 14
&amp#27;[38;5;0m[HTTP]&amp#27;[0m 
&amp#27;[38;5;0m[HTTP]&amp#27;[0m &amp#27;[37m-->&amp#27;[39m &amp#27;[37mPOST&amp#27;[39m &amp#27;[37m/session/735db5ca-b012-4c7d-a1ea-a2adf462b809/execute/sync&amp#27;[39m
&amp#27;[38;5;0m[HTTP]&amp#27;[0m {"script":"mobile:startActivity","args":[{"intent":"com.androidsample.generalstore/com.androidsample.generalstore.MainActivity"}]}
&amp#27;[38;5;32m[AndroidUiautomator2Driver@2dda (735db5ca)]&amp#27;[0m Calling AppiumDriver.execute() with args: ["mobile:startActivity",[{"intent":"com.androidsample.generalstore/com.androidsample.generalstore.MainActivity"}],"735db5ca-b012-4c7d-a1ea-a2adf462b809"]
&amp#27;[38;5;32m[AndroidUiautomator2Driver@2dda (735db5ca)]&amp#27;[0m Executing native command 'mobile:startActivity'
&amp#27;[38;5;48m[ADB]&amp#27;[0m Running '/Users/stefanstefanov/Library/Android/sdk/platform-tools/adb -P 5037 -s emulator-5554 shell am start-activity com.androidsample.generalstore/com.androidsample.generalstore.MainActivity'
&amp#27;[38;5;32m[AndroidUiautomator2Driver@2dda (735db5ca)]&amp#27;[0m Responding to client with driver.execute() result: "Starting: Intent { act=android.intent.action.MAIN cat=[android.intent.category.LAUNCHER] cmp=com.androidsample.generalstore/.MainActivity }"
&amp#27;[38;5;0m[HTTP]&amp#27;[0m <-- POST /session/735db5ca-b012-4c7d-a1ea-a2adf462b809/execute/sync 200 138 ms - 151
&amp#27;[38;5;0m[HTTP]&amp#27;[0m 
&amp#27;[38;5;0m[HTTP]&amp#27;[0m &amp#27;[37m-->&amp#27;[39m &amp#27;[37mGET&amp#27;[39m &amp#27;[37m/session/735db5ca-b012-4c7d-a1ea-a2adf462b809/context&amp#27;[39m
&amp#27;[38;5;0m[HTTP]&amp#27;[0m {}
&amp#27;[38;5;32m[AndroidUiautomator2Driver@2dda (735db5ca)]&amp#27;[0m Calling AppiumDriver.getCurrentContext() with args: ["735db5ca-b012-4c7d-a1ea-a2adf462b809"]
&amp#27;[38;5;32m[AndroidUiautomator2Driver@2dda (735db5ca)]&amp#27;[0m Responding to client with driver.getCurrentContext() result: "NATIVE_APP"
&amp#27;[38;5;0m[HTTP]&amp#27;[0m <-- GET /session/735db5ca-b012-4c7d-a1ea-a2adf462b809/context 200 3 ms - 22
&amp#27;[38;5;0m[HTTP]&amp#27;[0m 
&amp#27;[38;5;0m[HTTP]&amp#27;[0m &amp#27;[37m-->&amp#27;[39m &amp#27;[37mPOST&amp#27;[39m &amp#27;[37m/session/735db5ca-b012-4c7d-a1ea-a2adf462b809/element&amp#27;[39m
&amp#27;[38;5;0m[HTTP]&amp#27;[0m {"value":"com.androidsample.generalstore:id/nameField","using":"id"}
&amp#27;[38;5;32m[AndroidUiautomator2Driver@2dda (735db5ca)]&amp#27;[0m Calling AppiumDriver.findElement() with args: ["id","com.androidsample.generalstore:id/nameField","735db5ca-b012-4c7d-a1ea-a2adf462b809"]
&amp#27;[38;5;32m[AndroidUiautomator2Driver@2dda (735db5ca)]&amp#27;[0m Valid locator strategies for this request: xpath, id, class name, accessibility id, css selector, -android uiautomator
&amp#27;[38;5;32m[AndroidUiautomator2Driver@2dda (735db5ca)]&amp#27;[0m Waiting up to 10000 ms for condition
&amp#27;[38;5;32m[AndroidUiautomator2Driver@2dda (735db5ca)]&amp#27;[0m Matched '/element' to command name 'findElement'
&amp#27;[38;5;32m[AndroidUiautomator2Driver@2dda (735db5ca)]&amp#27;[0m Proxying [POST /element] to [POST http://127.0.0.1:8201/session/0a6d7faf-2b8f-4219-871a-f868e2a954d8/element] with body: {"strategy":"id","selector":"com.androidsample.generalstore:id/nameField","context":"","multiple":false}
&amp#27;[38;5;32m[AndroidUiautomator2Driver@2dda (735db5ca)]&amp#27;[0m Got response with status 404: {"sessionId":"0a6d7faf-2b8f-4219-871a-f868e2a954d8","value":{"error":"no such element","message":"An element could not be located on the page using the given search parameters","stacktrace":"io.appium.uiautomator2.common.exceptions.ElementNotFoundException: An element could not be located on the page using the given search parameters\n\tat io.appium.uiautomator2.handler.FindElement.safeHandle(FindElement.java:63)\n\tat io.appium.uiautomator2.handler.request.SafeRequestHandler.handle(SafeRequestHandler.java:59)\n\tat io.appium.uiautomator2.server.AppiumServlet.handleRequest(AppiumServlet.java:259)\n\tat io.appium.uiautomator2.server.AppiumServlet.handleHttpRequest(AppiumServlet.java:253)\n\tat io.appium.uiautomator2.http.ServerHandler.channelRead(ServerHandler.java:77)\n\tat io.netty.channel.AbstractChannelHandlerContext.invokeChannelRead(AbstractChannelHandlerContext.java:366)\n\tat io.netty.channel.AbstractChannelHandlerContext.invokeChannelRead(AbstractChannelHandlerContext.java:352)\n\tat io.netty.chann...
&amp#27;[38;5;112m[W3C]&amp#27;[0m Matched W3C error code 'no such element' to NoSuchElementError
&amp#27;[38;5;32m[AndroidUiautomator2Driver@2dda (735db5ca)]&amp#27;[0m Waited for 415 ms so far
&amp#27;[38;5;32m[AndroidUiautomator2Driver@2dda (735db5ca)]&amp#27;[0m Matched '/element' to command name 'findElement'
&amp#27;[38;5;32m[AndroidUiautomator2Driver@2dda (735db5ca)]&amp#27;[0m Proxying [POST /element] to [POST http://127.0.0.1:8201/session/0a6d7faf-2b8f-4219-871a-f868e2a954d8/element] with body: {"strategy":"id","selector":"com.androidsample.generalstore:id/nameField","context":"","multiple":false}
&amp#27;[38;5;32m[AndroidUiautomator2Driver@2dda (735db5ca)]&amp#27;[0m Got response with status 404: {"sessionId":"0a6d7faf-2b8f-4219-871a-f868e2a954d8","value":{"error":"no such element","message":"An element could not be located on the page using the given search parameters","stacktrace":"io.appium.uiautomator2.common.exceptions.ElementNotFoundException: An element could not be located on the page using the given search parameters\n\tat io.appium.uiautomator2.handler.FindElement.safeHandle(FindElement.java:63)\n\tat io.appium.uiautomator2.handler.request.SafeRequestHandler.handle(SafeRequestHandler.java:59)\n\tat io.appium.uiautomator2.server.AppiumServlet.handleRequest(AppiumServlet.java:259)\n\tat io.appium.uiautomator2.server.AppiumServlet.handleHttpRequest(AppiumServlet.java:253)\n\tat io.appium.uiautomator2.http.ServerHandler.channelRead(ServerHandler.java:77)\n\tat io.netty.channel.AbstractChannelHandlerContext.invokeChannelRead(AbstractChannelHandlerContext.java:366)\n\tat io.netty.channel.AbstractChannelHandlerContext.invokeChannelRead(AbstractChannelHandlerContext.java:352)\n\tat io.netty.chann...
&amp#27;[38;5;112m[W3C]&amp#27;[0m Matched W3C error code 'no such element' to NoSuchElementError
&amp#27;[38;5;32m[AndroidUiautomator2Driver@2dda (735db5ca)]&amp#27;[0m Waited for 1320 ms so far
&amp#27;[38;5;32m[AndroidUiautomator2Driver@2dda (735db5ca)]&amp#27;[0m Matched '/element' to command name 'findElement'
&amp#27;[38;5;32m[AndroidUiautomator2Driver@2dda (735db5ca)]&amp#27;[0m Proxying [POST /element] to [POST http://127.0.0.1:8201/session/0a6d7faf-2b8f-4219-871a-f868e2a954d8/element] with body: {"strategy":"id","selector":"com.androidsample.generalstore:id/nameField","context":"","multiple":false}
&amp#27;[38;5;32m[AndroidUiautomator2Driver@2dda (735db5ca)]&amp#27;[0m Got response with status 200: {"sessionId":"0a6d7faf-2b8f-4219-871a-f868e2a954d8","value":{"ELEMENT":"00000000-0000-0069-ffff-ffff00000039","element-6066-11e4-a52e-4f735466cecf":"00000000-0000-0069-ffff-ffff00000039"}}
&amp#27;[38;5;32m[AndroidUiautomator2Driver@2dda (735db5ca)]&amp#27;[0m Responding to client with driver.findElement() result: {"element-6066-11e4-a52e-4f735466cecf":"00000000-0000-0069-ffff-ffff00000039","ELEMENT":"00000000-0000-0069-ffff-ffff00000039"}
&amp#27;[38;5;0m[HTTP]&amp#27;[0m <-- POST /session/735db5ca-b012-4c7d-a1ea-a2adf462b809/element 200 1922 ms - 137
&amp#27;[38;5;0m[HTTP]&amp#27;[0m 
&amp#27;[38;5;0m[HTTP]&amp#27;[0m &amp#27;[37m-->&amp#27;[39m &amp#27;[37mPOST&amp#27;[39m &amp#27;[37m/session/735db5ca-b012-4c7d-a1ea-a2adf462b809/element/00000000-0000-0069-ffff-ffff00000039/value&amp#27;[39m
&amp#27;[38;5;0m[HTTP]&amp#27;[0m {"text":"rahul shetty","value":["r","a","h","u","l"," ","s","h","e","t","t","y"],"id":"00000000-0000-0069-ffff-ffff00000039"}
&amp#27;[38;5;32m[AndroidUiautomator2Driver@2dda (735db5ca)]&amp#27;[0m Calling AppiumDriver.setValue() with args: [["r","a","h","u","l"," ","s","h","e","t","t","y"],"00000000-0000-0069-ffff-ffff00000039","735db5ca-b012-4c7d-a1ea-a2adf462b809"]
&amp#27;[38;5;32m[AndroidUiautomator2Driver@2dda (735db5ca)]&amp#27;[0m Matched '/element/00000000-0000-0069-ffff-ffff00000039/value' to command name 'setValue'
&amp#27;[38;5;32m[AndroidUiautomator2Driver@2dda (735db5ca)]&amp#27;[0m Added 'value' property ["r","a","h","u","l"," ","s","h","e","t","t","y"] to 'setValue' request body
&amp#27;[38;5;32m[AndroidUiautomator2Driver@2dda (735db5ca)]&amp#27;[0m Proxying [POST /element/00000000-0000-0069-ffff-ffff00000039/value] to [POST http://127.0.0.1:8201/session/0a6d7faf-2b8f-4219-871a-f868e2a954d8/element/00000000-0000-0069-ffff-ffff00000039/value] with body: {"elementId":"00000000-0000-0069-ffff-ffff00000039","text":"rahul shetty","replace":false,"value":["r","a","h","u","l"," ","s","h","e","t","t","y"]}
&amp#27;[38;5;32m[AndroidUiautomator2Driver@2dda (735db5ca)]&amp#27;[0m Got response with status 200: {"sessionId":"0a6d7faf-2b8f-4219-871a-f868e2a954d8","value":null}
&amp#27;[38;5;32m[AndroidUiautomator2Driver@2dda (735db5ca)]&amp#27;[0m Responding to client with driver.setValue() result: null
&amp#27;[38;5;0m[HTTP]&amp#27;[0m <-- POST /session/735db5ca-b012-4c7d-a1ea-a2adf462b809/element/00000000-0000-0069-ffff-ffff00000039/value 200 583 ms - 14
&amp#27;[38;5;0m[HTTP]&amp#27;[0m 
&amp#27;[38;5;0m[HTTP]&amp#27;[0m &amp#27;[37m-->&amp#27;[39m &amp#27;[37mPOST&amp#27;[39m &amp#27;[37m/session/735db5ca-b012-4c7d-a1ea-a2adf462b809/execute/sync&amp#27;[39m
&amp#27;[38;5;0m[HTTP]&amp#27;[0m {"script":"mobile: hideKeyboard","args":[]}
&amp#27;[38;5;32m[AndroidUiautomator2Driver@2dda (735db5ca)]&amp#27;[0m Calling AppiumDriver.execute() with args: ["mobile: hideKeyboard",[],"735db5ca-b012-4c7d-a1ea-a2adf462b809"]
&amp#27;[38;5;32m[AndroidUiautomator2Driver@2dda (735db5ca)]&amp#27;[0m Executing native command 'mobile: hideKeyboard'
&amp#27;[38;5;48m[ADB]&amp#27;[0m Running '/Users/stefanstefanov/Library/Android/sdk/platform-tools/adb -P 5037 -s emulator-5554 shell dumpsys input_method'
&amp#27;[38;5;48m[ADB]&amp#27;[0m Keyboard has no UI; no closing necessary
&amp#27;[38;5;32m[AndroidUiautomator2Driver@2dda (735db5ca)]&amp#27;[0m Responding to client with driver.execute() result: false
&amp#27;[38;5;0m[HTTP]&amp#27;[0m <-- POST /session/735db5ca-b012-4c7d-a1ea-a2adf462b809/execute/sync 200 329 ms - 15
&amp#27;[38;5;0m[HTTP]&amp#27;[0m 
&amp#27;[38;5;0m[HTTP]&amp#27;[0m &amp#27;[37m-->&amp#27;[39m &amp#27;[37mGET&amp#27;[39m &amp#27;[37m/session/735db5ca-b012-4c7d-a1ea-a2adf462b809/context&amp#27;[39m
&amp#27;[38;5;0m[HTTP]&amp#27;[0m {}
&amp#27;[38;5;32m[AndroidUiautomator2Driver@2dda (735db5ca)]&amp#27;[0m Calling AppiumDriver.getCurrentContext() with args: ["735db5ca-b012-4c7d-a1ea-a2adf462b809"]
&amp#27;[38;5;32m[AndroidUiautomator2Driver@2dda (735db5ca)]&amp#27;[0m Responding to client with driver.getCurrentContext() result: "NATIVE_APP"
&amp#27;[38;5;0m[HTTP]&amp#27;[0m <-- GET /session/735db5ca-b012-4c7d-a1ea-a2adf462b809/context 200 2 ms - 22
&amp#27;[38;5;0m[HTTP]&amp#27;[0m 
&amp#27;[38;5;0m[HTTP]&amp#27;[0m &amp#27;[37m-->&amp#27;[39m &amp#27;[37mPOST&amp#27;[39m &amp#27;[37m/session/735db5ca-b012-4c7d-a1ea-a2adf462b809/element&amp#27;[39m
&amp#27;[38;5;0m[HTTP]&amp#27;[0m {"value":"//android.widget.RadioButton[@text='Female']","using":"xpath"}
&amp#27;[38;5;32m[AndroidUiautomator2Driver@2dda (735db5ca)]&amp#27;[0m Calling AppiumDriver.findElement() with args: ["xpath","//android.widget.RadioButton[@text='Female']","735db5ca-b012-4c7d-a1ea-a2adf462b809"]
&amp#27;[38;5;32m[AndroidUiautomator2Driver@2dda (735db5ca)]&amp#27;[0m Valid locator strategies for this request: xpath, id, class name, accessibility id, css selector, -android uiautomator
&amp#27;[38;5;32m[AndroidUiautomator2Driver@2dda (735db5ca)]&amp#27;[0m Waiting up to 10000 ms for condition
&amp#27;[38;5;32m[AndroidUiautomator2Driver@2dda (735db5ca)]&amp#27;[0m Matched '/element' to command name 'findElement'
&amp#27;[38;5;32m[AndroidUiautomator2Driver@2dda (735db5ca)]&amp#27;[0m Proxying [POST /element] to [POST http://127.0.0.1:8201/session/0a6d7faf-2b8f-4219-871a-f868e2a954d8/element] with body: {"strategy":"xpath","selector":"//android.widget.RadioButton[@text='Female']","context":"","multiple":false}
&amp#27;[38;5;32m[AndroidUiautomator2Driver@2dda (735db5ca)]&amp#27;[0m Got response with status 200: {"sessionId":"0a6d7faf-2b8f-4219-871a-f868e2a954d8","value":{"ELEMENT":"00000000-0000-0069-ffff-ffff0000003d","element-6066-11e4-a52e-4f735466cecf":"00000000-0000-0069-ffff-ffff0000003d"}}
&amp#27;[38;5;32m[AndroidUiautomator2Driver@2dda (735db5ca)]&amp#27;[0m Responding to client with driver.findElement() result: {"element-6066-11e4-a52e-4f735466cecf":"00000000-0000-0069-ffff-ffff0000003d","ELEMENT":"00000000-0000-0069-ffff-ffff0000003d"}
&amp#27;[38;5;0m[HTTP]&amp#27;[0m <-- POST /session/735db5ca-b012-4c7d-a1ea-a2adf462b809/element 200 1079 ms - 137
&amp#27;[38;5;0m[HTTP]&amp#27;[0m 
&amp#27;[38;5;0m[HTTP]&amp#27;[0m &amp#27;[37m-->&amp#27;[39m &amp#27;[37mPOST&amp#27;[39m &amp#27;[37m/session/735db5ca-b012-4c7d-a1ea-a2adf462b809/element/00000000-0000-0069-ffff-ffff0000003d/click&amp#27;[39m
&amp#27;[38;5;0m[HTTP]&amp#27;[0m {"id":"00000000-0000-0069-ffff-ffff0000003d"}
&amp#27;[38;5;32m[AndroidUiautomator2Driver@2dda (735db5ca)]&amp#27;[0m Calling AppiumDriver.click() with args: ["00000000-0000-0069-ffff-ffff0000003d","735db5ca-b012-4c7d-a1ea-a2adf462b809"]
&amp#27;[38;5;32m[AndroidUiautomator2Driver@2dda (735db5ca)]&amp#27;[0m Matched '/element/00000000-0000-0069-ffff-ffff0000003d/click' to command name 'click'
&amp#27;[38;5;32m[AndroidUiautomator2Driver@2dda (735db5ca)]&amp#27;[0m Proxying [POST /element/00000000-0000-0069-ffff-ffff0000003d/click] to [POST http://127.0.0.1:8201/session/0a6d7faf-2b8f-4219-871a-f868e2a954d8/element/00000000-0000-0069-ffff-ffff0000003d/click] with body: {"element":"00000000-0000-0069-ffff-ffff0000003d"}
&amp#27;[38;5;32m[AndroidUiautomator2Driver@2dda (735db5ca)]&amp#27;[0m Got response with status 200: {"sessionId":"0a6d7faf-2b8f-4219-871a-f868e2a954d8","value":null}
&amp#27;[38;5;32m[AndroidUiautomator2Driver@2dda (735db5ca)]&amp#27;[0m Responding to client with driver.click() result: null
&amp#27;[38;5;0m[HTTP]&amp#27;[0m <-- POST /session/735db5ca-b012-4c7d-a1ea-a2adf462b809/element/00000000-0000-0069-ffff-ffff0000003d/click 200 133 ms - 14
&amp#27;[38;5;0m[HTTP]&amp#27;[0m 
&amp#27;[38;5;0m[HTTP]&amp#27;[0m &amp#27;[37m-->&amp#27;[39m &amp#27;[37mGET&amp#27;[39m &amp#27;[37m/session/735db5ca-b012-4c7d-a1ea-a2adf462b809/context&amp#27;[39m
&amp#27;[38;5;0m[HTTP]&amp#27;[0m {}
&amp#27;[38;5;32m[AndroidUiautomator2Driver@2dda (735db5ca)]&amp#27;[0m Calling AppiumDriver.getCurrentContext() with args: ["735db5ca-b012-4c7d-a1ea-a2adf462b809"]
&amp#27;[38;5;32m[AndroidUiautomator2Driver@2dda (735db5ca)]&amp#27;[0m Responding to client with driver.getCurrentContext() result: "NATIVE_APP"
&amp#27;[38;5;0m[HTTP]&amp#27;[0m <-- GET /session/735db5ca-b012-4c7d-a1ea-a2adf462b809/context 200 1 ms - 22
&amp#27;[38;5;0m[HTTP]&amp#27;[0m 
&amp#27;[38;5;0m[HTTP]&amp#27;[0m &amp#27;[37m-->&amp#27;[39m &amp#27;[37mPOST&amp#27;[39m &amp#27;[37m/session/735db5ca-b012-4c7d-a1ea-a2adf462b809/element&amp#27;[39m
&amp#27;[38;5;0m[HTTP]&amp#27;[0m {"value":"android:id/text1","using":"id"}
&amp#27;[38;5;32m[AndroidUiautomator2Driver@2dda (735db5ca)]&amp#27;[0m Calling AppiumDriver.findElement() with args: ["id","android:id/text1","735db5ca-b012-4c7d-a1ea-a2adf462b809"]
&amp#27;[38;5;32m[AndroidUiautomator2Driver@2dda (735db5ca)]&amp#27;[0m Valid locator strategies for this request: xpath, id, class name, accessibility id, css selector, -android uiautomator
&amp#27;[38;5;32m[AndroidUiautomator2Driver@2dda (735db5ca)]&amp#27;[0m Waiting up to 10000 ms for condition
&amp#27;[38;5;32m[AndroidUiautomator2Driver@2dda (735db5ca)]&amp#27;[0m Matched '/element' to command name 'findElement'
&amp#27;[38;5;32m[AndroidUiautomator2Driver@2dda (735db5ca)]&amp#27;[0m Proxying [POST /element] to [POST http://127.0.0.1:8201/session/0a6d7faf-2b8f-4219-871a-f868e2a954d8/element] with body: {"strategy":"id","selector":"android:id/text1","context":"","multiple":false}
&amp#27;[38;5;32m[AndroidUiautomator2Driver@2dda (735db5ca)]&amp#27;[0m Got response with status 200: {"sessionId":"0a6d7faf-2b8f-4219-871a-f868e2a954d8","value":{"ELEMENT":"00000000-0000-0069-ffff-ffff00000041","element-6066-11e4-a52e-4f735466cecf":"00000000-0000-0069-ffff-ffff00000041"}}
&amp#27;[38;5;32m[AndroidUiautomator2Driver@2dda (735db5ca)]&amp#27;[0m Responding to client with driver.findElement() result: {"element-6066-11e4-a52e-4f735466cecf":"00000000-0000-0069-ffff-ffff00000041","ELEMENT":"00000000-0000-0069-ffff-ffff00000041"}
&amp#27;[38;5;0m[HTTP]&amp#27;[0m <-- POST /session/735db5ca-b012-4c7d-a1ea-a2adf462b809/element 200 271 ms - 137
&amp#27;[38;5;0m[HTTP]&amp#27;[0m 
&amp#27;[38;5;0m[HTTP]&amp#27;[0m &amp#27;[37m-->&amp#27;[39m &amp#27;[37mPOST&amp#27;[39m &amp#27;[37m/session/735db5ca-b012-4c7d-a1ea-a2adf462b809/element/00000000-0000-0069-ffff-ffff00000041/click&amp#27;[39m
&amp#27;[38;5;0m[HTTP]&amp#27;[0m {"id":"00000000-0000-0069-ffff-ffff00000041"}
&amp#27;[38;5;32m[AndroidUiautomator2Driver@2dda (735db5ca)]&amp#27;[0m Calling AppiumDriver.click() with args: ["00000000-0000-0069-ffff-ffff00000041","735db5ca-b012-4c7d-a1ea-a2adf462b809"]
&amp#27;[38;5;32m[AndroidUiautomator2Driver@2dda (735db5ca)]&amp#27;[0m Matched '/element/00000000-0000-0069-ffff-ffff00000041/click' to command name 'click'
&amp#27;[38;5;32m[AndroidUiautomator2Driver@2dda (735db5ca)]&amp#27;[0m Proxying [POST /element/00000000-0000-0069-ffff-ffff00000041/click] to [POST http://127.0.0.1:8201/session/0a6d7faf-2b8f-4219-871a-f868e2a954d8/element/00000000-0000-0069-ffff-ffff00000041/click] with body: {"element":"00000000-0000-0069-ffff-ffff00000041"}
&amp#27;[38;5;32m[AndroidUiautomator2Driver@2dda (735db5ca)]&amp#27;[0m Got response with status 200: {"sessionId":"0a6d7faf-2b8f-4219-871a-f868e2a954d8","value":null}
&amp#27;[38;5;32m[AndroidUiautomator2Driver@2dda (735db5ca)]&amp#27;[0m Responding to client with driver.click() result: null
&amp#27;[38;5;0m[HTTP]&amp#27;[0m <-- POST /session/735db5ca-b012-4c7d-a1ea-a2adf462b809/element/00000000-0000-0069-ffff-ffff00000041/click 200 550 ms - 14
&amp#27;[38;5;0m[HTTP]&amp#27;[0m 
&amp#27;[38;5;0m[HTTP]&amp#27;[0m &amp#27;[37m-->&amp#27;[39m &amp#27;[37mPOST&amp#27;[39m &amp#27;[37m/session/735db5ca-b012-4c7d-a1ea-a2adf462b809/element&amp#27;[39m
&amp#27;[38;5;0m[HTTP]&amp#27;[0m {"value":"new UiScrollable(new UiSelector()).scrollIntoView(text(\"Argentina\"));","using":"-android uiautomator"}
&amp#27;[38;5;32m[AndroidUiautomator2Driver@2dda (735db5ca)]&amp#27;[0m Calling AppiumDriver.findElement() with args: ["-android uiautomator","new UiScrollable(new UiSelector()).scrollIntoView(text(\"Argentina\"));","735db5ca-b012-4c7d-a1ea-a2adf462b809"]
&amp#27;[38;5;32m[AndroidUiautomator2Driver@2dda (735db5ca)]&amp#27;[0m Valid locator strategies for this request: xpath, id, class name, accessibility id, css selector, -android uiautomator
&amp#27;[38;5;32m[AndroidUiautomator2Driver@2dda (735db5ca)]&amp#27;[0m Waiting up to 10000 ms for condition
&amp#27;[38;5;32m[AndroidUiautomator2Driver@2dda (735db5ca)]&amp#27;[0m Matched '/element' to command name 'findElement'
&amp#27;[38;5;32m[AndroidUiautomator2Driver@2dda (735db5ca)]&amp#27;[0m Proxying [POST /element] to [POST http://127.0.0.1:8201/session/0a6d7faf-2b8f-4219-871a-f868e2a954d8/element] with body: {"strategy":"-android uiautomator","selector":"new UiScrollable(new UiSelector()).scrollIntoView(text(\"Argentina\"));","context":"","multiple":false}
&amp#27;[38;5;32m[AndroidUiautomator2Driver@2dda (735db5ca)]&amp#27;[0m Got response with status 200: {"sessionId":"0a6d7faf-2b8f-4219-871a-f868e2a954d8","value":{"ELEMENT":"00000000-0000-006a-ffff-ffff0000004f","element-6066-11e4-a52e-4f735466cecf":"00000000-0000-006a-ffff-ffff0000004f"}}
&amp#27;[38;5;32m[AndroidUiautomator2Driver@2dda (735db5ca)]&amp#27;[0m Responding to client with driver.findElement() result: {"element-6066-11e4-a52e-4f735466cecf":"00000000-0000-006a-ffff-ffff0000004f","ELEMENT":"00000000-0000-006a-ffff-ffff0000004f"}
&amp#27;[38;5;0m[HTTP]&amp#27;[0m <-- POST /session/735db5ca-b012-4c7d-a1ea-a2adf462b809/element 200 1140 ms - 137
&amp#27;[38;5;0m[HTTP]&amp#27;[0m 
&amp#27;[38;5;0m[HTTP]&amp#27;[0m &amp#27;[37m-->&amp#27;[39m &amp#27;[37mPOST&amp#27;[39m &amp#27;[37m/session/735db5ca-b012-4c7d-a1ea-a2adf462b809/element&amp#27;[39m
&amp#27;[38;5;0m[HTTP]&amp#27;[0m {"value":"//android.widget.TextView[@text='Argentina']","using":"xpath"}
&amp#27;[38;5;32m[AndroidUiautomator2Driver@2dda (735db5ca)]&amp#27;[0m Calling AppiumDriver.findElement() with args: ["xpath","//android.widget.TextView[@text='Argentina']","735db5ca-b012-4c7d-a1ea-a2adf462b809"]
&amp#27;[38;5;32m[AndroidUiautomator2Driver@2dda (735db5ca)]&amp#27;[0m Valid locator strategies for this request: xpath, id, class name, accessibility id, css selector, -android uiautomator
&amp#27;[38;5;32m[AndroidUiautomator2Driver@2dda (735db5ca)]&amp#27;[0m Waiting up to 10000 ms for condition
&amp#27;[38;5;32m[AndroidUiautomator2Driver@2dda (735db5ca)]&amp#27;[0m Matched '/element' to command name 'findElement'
&amp#27;[38;5;32m[AndroidUiautomator2Driver@2dda (735db5ca)]&amp#27;[0m Proxying [POST /element] to [POST http://127.0.0.1:8201/session/0a6d7faf-2b8f-4219-871a-f868e2a954d8/element] with body: {"strategy":"xpath","selector":"//android.widget.TextView[@text='Argentina']","context":"","multiple":false}
&amp#27;[38;5;32m[AndroidUiautomator2Driver@2dda (735db5ca)]&amp#27;[0m Got response with status 200: {"sessionId":"0a6d7faf-2b8f-4219-871a-f868e2a954d8","value":{"ELEMENT":"00000000-0000-006a-ffff-ffff0000004f","element-6066-11e4-a52e-4f735466cecf":"00000000-0000-006a-ffff-ffff0000004f"}}
&amp#27;[38;5;32m[AndroidUiautomator2Driver@2dda (735db5ca)]&amp#27;[0m Responding to client with driver.findElement() result: {"element-6066-11e4-a52e-4f735466cecf":"00000000-0000-006a-ffff-ffff0000004f","ELEMENT":"00000000-0000-006a-ffff-ffff0000004f"}
&amp#27;[38;5;0m[HTTP]&amp#27;[0m <-- POST /session/735db5ca-b012-4c7d-a1ea-a2adf462b809/element 200 93 ms - 137
&amp#27;[38;5;0m[HTTP]&amp#27;[0m 
&amp#27;[38;5;0m[HTTP]&amp#27;[0m &amp#27;[37m-->&amp#27;[39m &amp#27;[37mPOST&amp#27;[39m &amp#27;[37m/session/735db5ca-b012-4c7d-a1ea-a2adf462b809/element/00000000-0000-006a-ffff-ffff0000004f/click&amp#27;[39m
&amp#27;[38;5;0m[HTTP]&amp#27;[0m {"id":"00000000-0000-006a-ffff-ffff0000004f"}
&amp#27;[38;5;32m[AndroidUiautomator2Driver@2dda (735db5ca)]&amp#27;[0m Calling AppiumDriver.click() with args: ["00000000-0000-006a-ffff-ffff0000004f","735db5ca-b012-4c7d-a1ea-a2adf462b809"]
&amp#27;[38;5;32m[AndroidUiautomator2Driver@2dda (735db5ca)]&amp#27;[0m Matched '/element/00000000-0000-006a-ffff-ffff0000004f/click' to command name 'click'
&amp#27;[38;5;32m[AndroidUiautomator2Driver@2dda (735db5ca)]&amp#27;[0m Proxying [POST /element/00000000-0000-006a-ffff-ffff0000004f/click] to [POST http://127.0.0.1:8201/session/0a6d7faf-2b8f-4219-871a-f868e2a954d8/element/00000000-0000-006a-ffff-ffff0000004f/click] with body: {"element":"00000000-0000-006a-ffff-ffff0000004f"}
&amp#27;[38;5;32m[AndroidUiautomator2Driver@2dda (735db5ca)]&amp#27;[0m Got response with status 200: {"sessionId":"0a6d7faf-2b8f-4219-871a-f868e2a954d8","value":null}
&amp#27;[38;5;32m[AndroidUiautomator2Driver@2dda (735db5ca)]&amp#27;[0m Responding to client with driver.click() result: null
&amp#27;[38;5;0m[HTTP]&amp#27;[0m <-- POST /session/735db5ca-b012-4c7d-a1ea-a2adf462b809/element/00000000-0000-006a-ffff-ffff0000004f/click 200 817 ms - 14
&amp#27;[38;5;0m[HTTP]&amp#27;[0m 
&amp#27;[38;5;0m[HTTP]&amp#27;[0m &amp#27;[37m-->&amp#27;[39m &amp#27;[37mGET&amp#27;[39m &amp#27;[37m/session/735db5ca-b012-4c7d-a1ea-a2adf462b809/context&amp#27;[39m
&amp#27;[38;5;0m[HTTP]&amp#27;[0m {}
&amp#27;[38;5;32m[AndroidUiautomator2Driver@2dda (735db5ca)]&amp#27;[0m Calling AppiumDriver.getCurrentContext() with args: ["735db5ca-b012-4c7d-a1ea-a2adf462b809"]
&amp#27;[38;5;32m[AndroidUiautomator2Driver@2dda (735db5ca)]&amp#27;[0m Responding to client with driver.getCurrentContext() result: "NATIVE_APP"
&amp#27;[38;5;0m[HTTP]&amp#27;[0m <-- GET /session/735db5ca-b012-4c7d-a1ea-a2adf462b809/context 200 1 ms - 22
&amp#27;[38;5;0m[HTTP]&amp#27;[0m 
&amp#27;[38;5;0m[HTTP]&amp#27;[0m &amp#27;[37m-->&amp#27;[39m &amp#27;[37mPOST&amp#27;[39m &amp#27;[37m/session/735db5ca-b012-4c7d-a1ea-a2adf462b809/element&amp#27;[39m
&amp#27;[38;5;0m[HTTP]&amp#27;[0m {"value":"com.androidsample.generalstore:id/btnLetsShop","using":"id"}
&amp#27;[38;5;32m[AndroidUiautomator2Driver@2dda (735db5ca)]&amp#27;[0m Calling AppiumDriver.findElement() with args: ["id","com.androidsample.generalstore:id/btnLetsShop","735db5ca-b012-4c7d-a1ea-a2adf462b809"]
&amp#27;[38;5;32m[AndroidUiautomator2Driver@2dda (735db5ca)]&amp#27;[0m Valid locator strategies for this request: xpath, id, class name, accessibility id, css selector, -android uiautomator
&amp#27;[38;5;32m[AndroidUiautomator2Driver@2dda (735db5ca)]&amp#27;[0m Waiting up to 10000 ms for condition
&amp#27;[38;5;32m[AndroidUiautomator2Driver@2dda (735db5ca)]&amp#27;[0m Matched '/element' to command name 'findElement'
&amp#27;[38;5;32m[AndroidUiautomator2Driver@2dda (735db5ca)]&amp#27;[0m Proxying [POST /element] to [POST http://127.0.0.1:8201/session/0a6d7faf-2b8f-4219-871a-f868e2a954d8/element] with body: {"strategy":"id","selector":"com.androidsample.generalstore:id/btnLetsShop","context":"","multiple":false}
&amp#27;[38;5;32m[AndroidUiautomator2Driver@2dda (735db5ca)]&amp#27;[0m Got response with status 200: {"sessionId":"0a6d7faf-2b8f-4219-871a-f868e2a954d8","value":{"ELEMENT":"00000000-0000-0069-ffff-ffff0000003e","element-6066-11e4-a52e-4f735466cecf":"00000000-0000-0069-ffff-ffff0000003e"}}
&amp#27;[38;5;32m[AndroidUiautomator2Driver@2dda (735db5ca)]&amp#27;[0m Responding to client with driver.findElement() result: {"element-6066-11e4-a52e-4f735466cecf":"00000000-0000-0069-ffff-ffff0000003e","ELEMENT":"00000000-0000-0069-ffff-ffff0000003e"}
&amp#27;[38;5;0m[HTTP]&amp#27;[0m <-- POST /session/735db5ca-b012-4c7d-a1ea-a2adf462b809/element 200 40 ms - 137
&amp#27;[38;5;0m[HTTP]&amp#27;[0m 
&amp#27;[38;5;0m[HTTP]&amp#27;[0m &amp#27;[37m-->&amp#27;[39m &amp#27;[37mPOST&amp#27;[39m &amp#27;[37m/session/735db5ca-b012-4c7d-a1ea-a2adf462b809/element/00000000-0000-0069-ffff-ffff0000003e/click&amp#27;[39m
&amp#27;[38;5;0m[HTTP]&amp#27;[0m {"id":"00000000-0000-0069-ffff-ffff0000003e"}
&amp#27;[38;5;32m[AndroidUiautomator2Driver@2dda (735db5ca)]&amp#27;[0m Calling AppiumDriver.click() with args: ["00000000-0000-0069-ffff-ffff0000003e","735db5ca-b012-4c7d-a1ea-a2adf462b809"]
&amp#27;[38;5;32m[AndroidUiautomator2Driver@2dda (735db5ca)]&amp#27;[0m Matched '/element/00000000-0000-0069-ffff-ffff0000003e/click' to command name 'click'
&amp#27;[38;5;32m[AndroidUiautomator2Driver@2dda (735db5ca)]&amp#27;[0m Proxying [POST /element/00000000-0000-0069-ffff-ffff0000003e/click] to [POST http://127.0.0.1:8201/session/0a6d7faf-2b8f-4219-871a-f868e2a954d8/element/00000000-0000-0069-ffff-ffff0000003e/click] with body: {"element":"00000000-0000-0069-ffff-ffff0000003e"}
&amp#27;[38;5;32m[AndroidUiautomator2Driver@2dda (735db5ca)]&amp#27;[0m Got response with status 200: {"sessionId":"0a6d7faf-2b8f-4219-871a-f868e2a954d8","value":null}
&amp#27;[38;5;32m[AndroidUiautomator2Driver@2dda (735db5ca)]&amp#27;[0m Responding to client with driver.click() result: null
&amp#27;[38;5;0m[HTTP]&amp#27;[0m <-- POST /session/735db5ca-b012-4c7d-a1ea-a2adf462b809/element/00000000-0000-0069-ffff-ffff0000003e/click 200 87 ms - 14
&amp#27;[38;5;0m[HTTP]&amp#27;[0m 
&amp#27;[38;5;0m[HTTP]&amp#27;[0m &amp#27;[37m-->&amp#27;[39m &amp#27;[37mGET&amp#27;[39m &amp#27;[37m/session/735db5ca-b012-4c7d-a1ea-a2adf462b809/context&amp#27;[39m
&amp#27;[38;5;0m[HTTP]&amp#27;[0m {}
&amp#27;[38;5;32m[AndroidUiautomator2Driver@2dda (735db5ca)]&amp#27;[0m Calling AppiumDriver.getCurrentContext() with args: ["735db5ca-b012-4c7d-a1ea-a2adf462b809"]
&amp#27;[38;5;32m[AndroidUiautomator2Driver@2dda (735db5ca)]&amp#27;[0m Responding to client with driver.getCurrentContext() result: "NATIVE_APP"
&amp#27;[38;5;0m[HTTP]&amp#27;[0m <-- GET /session/735db5ca-b012-4c7d-a1ea-a2adf462b809/context 200 1 ms - 22
&amp#27;[38;5;0m[HTTP]&amp#27;[0m 
&amp#27;[38;5;0m[HTTP]&amp#27;[0m &amp#27;[37m-->&amp#27;[39m &amp#27;[37mPOST&amp#27;[39m &amp#27;[37m/session/735db5ca-b012-4c7d-a1ea-a2adf462b809/elements&amp#27;[39m
&amp#27;[38;5;0m[HTTP]&amp#27;[0m {"value":"//android.widget.TextView[@text = 'ADD TO CART']","using":"xpath"}
&amp#27;[38;5;32m[AndroidUiautomator2Driver@2dda (735db5ca)]&amp#27;[0m Calling AppiumDriver.findElements() with args: ["xpath","//android.widget.TextView[@text = 'ADD TO CART']","735db5ca-b012-4c7d-a1ea-a2adf462b809"]
&amp#27;[38;5;32m[AndroidUiautomator2Driver@2dda (735db5ca)]&amp#27;[0m Valid locator strategies for this request: xpath, id, class name, accessibility id, css selector, -android uiautomator
&amp#27;[38;5;32m[AndroidUiautomator2Driver@2dda (735db5ca)]&amp#27;[0m Waiting up to 10000 ms for condition
&amp#27;[38;5;32m[AndroidUiautomator2Driver@2dda (735db5ca)]&amp#27;[0m Matched '/elements' to command name 'findElements'
&amp#27;[38;5;32m[AndroidUiautomator2Driver@2dda (735db5ca)]&amp#27;[0m Proxying [POST /elements] to [POST http://127.0.0.1:8201/session/0a6d7faf-2b8f-4219-871a-f868e2a954d8/elements] with body: {"strategy":"xpath","selector":"//android.widget.TextView[@text = 'ADD TO CART']","context":"","multiple":true}
&amp#27;[38;5;32m[AndroidUiautomator2Driver@2dda (735db5ca)]&amp#27;[0m Got response with status 200: {"sessionId":"0a6d7faf-2b8f-4219-871a-f868e2a954d8","value":[]}
&amp#27;[38;5;32m[AndroidUiautomator2Driver@2dda (735db5ca)]&amp#27;[0m Waited for 778 ms so far
&amp#27;[38;5;32m[AndroidUiautomator2Driver@2dda (735db5ca)]&amp#27;[0m Matched '/elements' to command name 'findElements'
&amp#27;[38;5;32m[AndroidUiautomator2Driver@2dda (735db5ca)]&amp#27;[0m Proxying [POST /elements] to [POST http://127.0.0.1:8201/session/0a6d7faf-2b8f-4219-871a-f868e2a954d8/elements] with body: {"strategy":"xpath","selector":"//android.widget.TextView[@text = 'ADD TO CART']","context":"","multiple":true}
&amp#27;[38;5;32m[AndroidUiautomator2Driver@2dda (735db5ca)]&amp#27;[0m Got response with status 200: {"sessionId":"0a6d7faf-2b8f-4219-871a-f868e2a954d8","value":[{"ELEMENT":"00000000-0000-006b-ffff-ffff0000006f","element-6066-11e4-a52e-4f735466cecf":"00000000-0000-006b-ffff-ffff0000006f"},{"ELEMENT":"00000000-0000-006b-ffff-ffff00000077","element-6066-11e4-a52e-4f735466cecf":"00000000-0000-006b-ffff-ffff00000077"}]}
&amp#27;[38;5;32m[AndroidUiautomator2Driver@2dda (735db5ca)]&amp#27;[0m Responding to client with driver.findElements() result: [{"element-6066-11e4-a52e-4f735466cecf":"00000000-0000-006b-ffff-ffff0000006f","ELEMENT":"00000000-0000-006b-ffff-ffff0000006f"},{"element-6066-11e4-a52e-4f735466cecf":"00000000-0000-006b-ffff-ffff00000077","ELEMENT":"00000000-0000-006b-ffff-ffff00000077"}]
&amp#27;[38;5;0m[HTTP]&amp#27;[0m <-- POST /session/735db5ca-b012-4c7d-a1ea-a2adf462b809/elements 200 1479 ms - 267
&amp#27;[38;5;0m[HTTP]&amp#27;[0m 
&amp#27;[38;5;0m[HTTP]&amp#27;[0m &amp#27;[37m-->&amp#27;[39m &amp#27;[37mPOST&amp#27;[39m &amp#27;[37m/session/735db5ca-b012-4c7d-a1ea-a2adf462b809/element/00000000-0000-006b-ffff-ffff0000006f/click&amp#27;[39m
&amp#27;[38;5;0m[HTTP]&amp#27;[0m {"id":"00000000-0000-006b-ffff-ffff0000006f"}
&amp#27;[38;5;32m[AndroidUiautomator2Driver@2dda (735db5ca)]&amp#27;[0m Calling AppiumDriver.click() with args: ["00000000-0000-006b-ffff-ffff0000006f","735db5ca-b012-4c7d-a1ea-a2adf462b809"]
&amp#27;[38;5;32m[AndroidUiautomator2Driver@2dda (735db5ca)]&amp#27;[0m Matched '/element/00000000-0000-006b-ffff-ffff0000006f/click' to command name 'click'
&amp#27;[38;5;32m[AndroidUiautomator2Driver@2dda (735db5ca)]&amp#27;[0m Proxying [POST /element/00000000-0000-006b-ffff-ffff0000006f/click] to [POST http://127.0.0.1:8201/session/0a6d7faf-2b8f-4219-871a-f868e2a954d8/element/00000000-0000-006b-ffff-ffff0000006f/click] with body: {"element":"00000000-0000-006b-ffff-ffff0000006f"}
&amp#27;[38;5;32m[AndroidUiautomator2Driver@2dda (735db5ca)]&amp#27;[0m Got response with status 200: {"sessionId":"0a6d7faf-2b8f-4219-871a-f868e2a954d8","value":null}
&amp#27;[38;5;32m[AndroidUiautomator2Driver@2dda (735db5ca)]&amp#27;[0m Responding to client with driver.click() result: null
&amp#27;[38;5;0m[HTTP]&amp#27;[0m <-- POST /session/735db5ca-b012-4c7d-a1ea-a2adf462b809/element/00000000-0000-006b-ffff-ffff0000006f/click 200 556 ms - 14
&amp#27;[38;5;0m[HTTP]&amp#27;[0m 
&amp#27;[38;5;0m[HTTP]&amp#27;[0m &amp#27;[37m-->&amp#27;[39m &amp#27;[37mGET&amp#27;[39m &amp#27;[37m/session/735db5ca-b012-4c7d-a1ea-a2adf462b809/context&amp#27;[39m
&amp#27;[38;5;0m[HTTP]&amp#27;[0m {}
&amp#27;[38;5;32m[AndroidUiautomator2Driver@2dda (735db5ca)]&amp#27;[0m Calling AppiumDriver.getCurrentContext() with args: ["735db5ca-b012-4c7d-a1ea-a2adf462b809"]
&amp#27;[38;5;32m[AndroidUiautomator2Driver@2dda (735db5ca)]&amp#27;[0m Responding to client with driver.getCurrentContext() result: "NATIVE_APP"
&amp#27;[38;5;0m[HTTP]&amp#27;[0m <-- GET /session/735db5ca-b012-4c7d-a1ea-a2adf462b809/context 200 1 ms - 22
&amp#27;[38;5;0m[HTTP]&amp#27;[0m 
&amp#27;[38;5;0m[HTTP]&amp#27;[0m &amp#27;[37m-->&amp#27;[39m &amp#27;[37mPOST&amp#27;[39m &amp#27;[37m/session/735db5ca-b012-4c7d-a1ea-a2adf462b809/elements&amp#27;[39m
&amp#27;[38;5;0m[HTTP]&amp#27;[0m {"value":"//android.widget.TextView[@text = 'ADD TO CART']","using":"xpath"}
&amp#27;[38;5;32m[AndroidUiautomator2Driver@2dda (735db5ca)]&amp#27;[0m Calling AppiumDriver.findElements() with args: ["xpath","//android.widget.TextView[@text = 'ADD TO CART']","735db5ca-b012-4c7d-a1ea-a2adf462b809"]
&amp#27;[38;5;32m[AndroidUiautomator2Driver@2dda (735db5ca)]&amp#27;[0m Valid locator strategies for this request: xpath, id, class name, accessibility id, css selector, -android uiautomator
&amp#27;[38;5;32m[AndroidUiautomator2Driver@2dda (735db5ca)]&amp#27;[0m Waiting up to 10000 ms for condition
&amp#27;[38;5;32m[AndroidUiautomator2Driver@2dda (735db5ca)]&amp#27;[0m Matched '/elements' to command name 'findElements'
&amp#27;[38;5;32m[AndroidUiautomator2Driver@2dda (735db5ca)]&amp#27;[0m Proxying [POST /elements] to [POST http://127.0.0.1:8201/session/0a6d7faf-2b8f-4219-871a-f868e2a954d8/elements] with body: {"strategy":"xpath","selector":"//android.widget.TextView[@text = 'ADD TO CART']","context":"","multiple":true}
&amp#27;[38;5;32m[AndroidUiautomator2Driver@2dda (735db5ca)]&amp#27;[0m Got response with status 200: {"sessionId":"0a6d7faf-2b8f-4219-871a-f868e2a954d8","value":[{"ELEMENT":"00000000-0000-006b-ffff-ffff00000077","element-6066-11e4-a52e-4f735466cecf":"00000000-0000-006b-ffff-ffff00000077"}]}
&amp#27;[38;5;32m[AndroidUiautomator2Driver@2dda (735db5ca)]&amp#27;[0m Responding to client with driver.findElements() result: [{"element-6066-11e4-a52e-4f735466cecf":"00000000-0000-006b-ffff-ffff00000077","ELEMENT":"00000000-0000-006b-ffff-ffff00000077"}]
&amp#27;[38;5;0m[HTTP]&amp#27;[0m <-- POST /session/735db5ca-b012-4c7d-a1ea-a2adf462b809/elements 200 105 ms - 139
&amp#27;[38;5;0m[HTTP]&amp#27;[0m 
&amp#27;[38;5;0m[HTTP]&amp#27;[0m &amp#27;[37m-->&amp#27;[39m &amp#27;[37mPOST&amp#27;[39m &amp#27;[37m/session/735db5ca-b012-4c7d-a1ea-a2adf462b809/element/00000000-0000-006b-ffff-ffff00000077/click&amp#27;[39m
&amp#27;[38;5;0m[HTTP]&amp#27;[0m {"id":"00000000-0000-006b-ffff-ffff00000077"}
&amp#27;[38;5;32m[AndroidUiautomator2Driver@2dda (735db5ca)]&amp#27;[0m Calling AppiumDriver.click() with args: ["00000000-0000-006b-ffff-ffff00000077","735db5ca-b012-4c7d-a1ea-a2adf462b809"]
&amp#27;[38;5;32m[AndroidUiautomator2Driver@2dda (735db5ca)]&amp#27;[0m Matched '/element/00000000-0000-006b-ffff-ffff00000077/click' to command name 'click'
&amp#27;[38;5;32m[AndroidUiautomator2Driver@2dda (735db5ca)]&amp#27;[0m Proxying [POST /element/00000000-0000-006b-ffff-ffff00000077/click] to [POST http://127.0.0.1:8201/session/0a6d7faf-2b8f-4219-871a-f868e2a954d8/element/00000000-0000-006b-ffff-ffff00000077/click] with body: {"element":"00000000-0000-006b-ffff-ffff00000077"}
&amp#27;[38;5;32m[AndroidUiautomator2Driver@2dda (735db5ca)]&amp#27;[0m Got response with status 200: {"sessionId":"0a6d7faf-2b8f-4219-871a-f868e2a954d8","value":null}
&amp#27;[38;5;32m[AndroidUiautomator2Driver@2dda (735db5ca)]&amp#27;[0m Responding to client with driver.click() result: null
&amp#27;[38;5;0m[HTTP]&amp#27;[0m <-- POST /session/735db5ca-b012-4c7d-a1ea-a2adf462b809/element/00000000-0000-006b-ffff-ffff00000077/click 200 544 ms - 14
&amp#27;[38;5;0m[HTTP]&amp#27;[0m 
&amp#27;[38;5;0m[HTTP]&amp#27;[0m &amp#27;[37m-->&amp#27;[39m &amp#27;[37mGET&amp#27;[39m &amp#27;[37m/session/735db5ca-b012-4c7d-a1ea-a2adf462b809/context&amp#27;[39m
&amp#27;[38;5;0m[HTTP]&amp#27;[0m {}
&amp#27;[38;5;32m[AndroidUiautomator2Driver@2dda (735db5ca)]&amp#27;[0m Calling AppiumDriver.getCurrentContext() with args: ["735db5ca-b012-4c7d-a1ea-a2adf462b809"]
&amp#27;[38;5;32m[AndroidUiautomator2Driver@2dda (735db5ca)]&amp#27;[0m Responding to client with driver.getCurrentContext() result: "NATIVE_APP"
&amp#27;[38;5;0m[HTTP]&amp#27;[0m <-- GET /session/735db5ca-b012-4c7d-a1ea-a2adf462b809/context 200 1 ms - 22
&amp#27;[38;5;0m[HTTP]&amp#27;[0m 
&amp#27;[38;5;0m[HTTP]&amp#27;[0m &amp#27;[37m-->&amp#27;[39m &amp#27;[37mPOST&amp#27;[39m &amp#27;[37m/session/735db5ca-b012-4c7d-a1ea-a2adf462b809/element&amp#27;[39m
&amp#27;[38;5;0m[HTTP]&amp#27;[0m {"value":"com.androidsample.generalstore:id/appbar_btn_cart","using":"id"}
&amp#27;[38;5;32m[AndroidUiautomator2Driver@2dda (735db5ca)]&amp#27;[0m Calling AppiumDriver.findElement() with args: ["id","com.androidsample.generalstore:id/appbar_btn_cart","735db5ca-b012-4c7d-a1ea-a2adf462b809"]
&amp#27;[38;5;32m[AndroidUiautomator2Driver@2dda (735db5ca)]&amp#27;[0m Valid locator strategies for this request: xpath, id, class name, accessibility id, css selector, -android uiautomator
&amp#27;[38;5;32m[AndroidUiautomator2Driver@2dda (735db5ca)]&amp#27;[0m Waiting up to 10000 ms for condition
&amp#27;[38;5;32m[AndroidUiautomator2Driver@2dda (735db5ca)]&amp#27;[0m Matched '/element' to command name 'findElement'
&amp#27;[38;5;32m[AndroidUiautomator2Driver@2dda (735db5ca)]&amp#27;[0m Proxying [POST /element] to [POST http://127.0.0.1:8201/session/0a6d7faf-2b8f-4219-871a-f868e2a954d8/element] with body: {"strategy":"id","selector":"com.androidsample.generalstore:id/appbar_btn_cart","context":"","multiple":false}
&amp#27;[38;5;32m[AndroidUiautomator2Driver@2dda (735db5ca)]&amp#27;[0m Got response with status 200: {"sessionId":"0a6d7faf-2b8f-4219-871a-f868e2a954d8","value":{"ELEMENT":"00000000-0000-006b-ffff-ffff00000062","element-6066-11e4-a52e-4f735466cecf":"00000000-0000-006b-ffff-ffff00000062"}}
&amp#27;[38;5;32m[AndroidUiautomator2Driver@2dda (735db5ca)]&amp#27;[0m Responding to client with driver.findElement() result: {"element-6066-11e4-a52e-4f735466cecf":"00000000-0000-006b-ffff-ffff00000062","ELEMENT":"00000000-0000-006b-ffff-ffff00000062"}
&amp#27;[38;5;0m[HTTP]&amp#27;[0m <-- POST /session/735db5ca-b012-4c7d-a1ea-a2adf462b809/element 200 61 ms - 137
&amp#27;[38;5;0m[HTTP]&amp#27;[0m 
&amp#27;[38;5;0m[HTTP]&amp#27;[0m &amp#27;[37m-->&amp#27;[39m &amp#27;[37mPOST&amp#27;[39m &amp#27;[37m/session/735db5ca-b012-4c7d-a1ea-a2adf462b809/element/00000000-0000-006b-ffff-ffff00000062/click&amp#27;[39m
&amp#27;[38;5;0m[HTTP]&amp#27;[0m {"id":"00000000-0000-006b-ffff-ffff00000062"}
&amp#27;[38;5;32m[AndroidUiautomator2Driver@2dda (735db5ca)]&amp#27;[0m Calling AppiumDriver.click() with args: ["00000000-0000-006b-ffff-ffff00000062","735db5ca-b012-4c7d-a1ea-a2adf462b809"]
&amp#27;[38;5;32m[AndroidUiautomator2Driver@2dda (735db5ca)]&amp#27;[0m Matched '/element/00000000-0000-006b-ffff-ffff00000062/click' to command name 'click'
&amp#27;[38;5;32m[AndroidUiautomator2Driver@2dda (735db5ca)]&amp#27;[0m Proxying [POST /element/00000000-0000-006b-ffff-ffff00000062/click] to [POST http://127.0.0.1:8201/session/0a6d7faf-2b8f-4219-871a-f868e2a954d8/element/00000000-0000-006b-ffff-ffff00000062/click] with body: {"element":"00000000-0000-006b-ffff-ffff00000062"}
&amp#27;[38;5;32m[AndroidUiautomator2Driver@2dda (735db5ca)]&amp#27;[0m Got response with status 200: {"sessionId":"0a6d7faf-2b8f-4219-871a-f868e2a954d8","value":null}
&amp#27;[38;5;32m[AndroidUiautomator2Driver@2dda (735db5ca)]&amp#27;[0m Responding to client with driver.click() result: null
&amp#27;[38;5;0m[HTTP]&amp#27;[0m <-- POST /session/735db5ca-b012-4c7d-a1ea-a2adf462b809/element/00000000-0000-006b-ffff-ffff00000062/click 200 81 ms - 14
&amp#27;[38;5;0m[HTTP]&amp#27;[0m 
&amp#27;[38;5;0m[HTTP]&amp#27;[0m &amp#27;[37m-->&amp#27;[39m &amp#27;[37mGET&amp#27;[39m &amp#27;[37m/session/735db5ca-b012-4c7d-a1ea-a2adf462b809/context&amp#27;[39m
&amp#27;[38;5;0m[HTTP]&amp#27;[0m {}
&amp#27;[38;5;32m[AndroidUiautomator2Driver@2dda (735db5ca)]&amp#27;[0m Calling AppiumDriver.getCurrentContext() with args: ["735db5ca-b012-4c7d-a1ea-a2adf462b809"]
&amp#27;[38;5;32m[AndroidUiautomator2Driver@2dda (735db5ca)]&amp#27;[0m Responding to client with driver.getCurrentContext() result: "NATIVE_APP"
&amp#27;[38;5;0m[HTTP]&amp#27;[0m <-- GET /session/735db5ca-b012-4c7d-a1ea-a2adf462b809/context 200 1 ms - 22
&amp#27;[38;5;0m[HTTP]&amp#27;[0m 
&amp#27;[38;5;0m[HTTP]&amp#27;[0m &amp#27;[37m-->&amp#27;[39m &amp#27;[37mPOST&amp#27;[39m &amp#27;[37m/session/735db5ca-b012-4c7d-a1ea-a2adf462b809/elements&amp#27;[39m
&amp#27;[38;5;0m[HTTP]&amp#27;[0m {"value":"com.androidsample.generalstore:id/productPrice","using":"id"}
&amp#27;[38;5;32m[AndroidUiautomator2Driver@2dda (735db5ca)]&amp#27;[0m Calling AppiumDriver.findElements() with args: ["id","com.androidsample.generalstore:id/productPrice","735db5ca-b012-4c7d-a1ea-a2adf462b809"]
&amp#27;[38;5;32m[AndroidUiautomator2Driver@2dda (735db5ca)]&amp#27;[0m Valid locator strategies for this request: xpath, id, class name, accessibility id, css selector, -android uiautomator
&amp#27;[38;5;32m[AndroidUiautomator2Driver@2dda (735db5ca)]&amp#27;[0m Waiting up to 10000 ms for condition
&amp#27;[38;5;32m[AndroidUiautomator2Driver@2dda (735db5ca)]&amp#27;[0m Matched '/elements' to command name 'findElements'
&amp#27;[38;5;32m[AndroidUiautomator2Driver@2dda (735db5ca)]&amp#27;[0m Proxying [POST /elements] to [POST http://127.0.0.1:8201/session/0a6d7faf-2b8f-4219-871a-f868e2a954d8/elements] with body: {"strategy":"id","selector":"com.androidsample.generalstore:id/productPrice","context":"","multiple":true}
&amp#27;[38;5;32m[AndroidUiautomator2Driver@2dda (735db5ca)]&amp#27;[0m Got response with status 200: {"sessionId":"0a6d7faf-2b8f-4219-871a-f868e2a954d8","value":[{"ELEMENT":"00000000-0000-006c-ffff-ffff000000a4","element-6066-11e4-a52e-4f735466cecf":"00000000-0000-006c-ffff-ffff000000a4"},{"ELEMENT":"00000000-0000-006c-ffff-ffff000000ac","element-6066-11e4-a52e-4f735466cecf":"00000000-0000-006c-ffff-ffff000000ac"}]}
&amp#27;[38;5;32m[AndroidUiautomator2Driver@2dda (735db5ca)]&amp#27;[0m Responding to client with driver.findElements() result: [{"element-6066-11e4-a52e-4f735466cecf":"00000000-0000-006c-ffff-ffff000000a4","ELEMENT":"00000000-0000-006c-ffff-ffff000000a4"},{"element-6066-11e4-a52e-4f735466cecf":"00000000-0000-006c-ffff-ffff000000ac","ELEMENT":"00000000-0000-006c-ffff-ffff000000ac"}]
&amp#27;[38;5;0m[HTTP]&amp#27;[0m <-- POST /session/735db5ca-b012-4c7d-a1ea-a2adf462b809/elements 200 55 ms - 267
&amp#27;[38;5;0m[HTTP]&amp#27;[0m 
&amp#27;[38;5;0m[HTTP]&amp#27;[0m &amp#27;[37m-->&amp#27;[39m &amp#27;[37mGET&amp#27;[39m &amp#27;[37m/session/735db5ca-b012-4c7d-a1ea-a2adf462b809/context&amp#27;[39m
&amp#27;[38;5;0m[HTTP]&amp#27;[0m {}
&amp#27;[38;5;32m[AndroidUiautomator2Driver@2dda (735db5ca)]&amp#27;[0m Calling AppiumDriver.getCurrentContext() with args: ["735db5ca-b012-4c7d-a1ea-a2adf462b809"]
&amp#27;[38;5;32m[AndroidUiautomator2Driver@2dda (735db5ca)]&amp#27;[0m Responding to client with driver.getCurrentContext() result: "NATIVE_APP"
&amp#27;[38;5;0m[HTTP]&amp#27;[0m <-- GET /session/735db5ca-b012-4c7d-a1ea-a2adf462b809/context 200 5 ms - 22
&amp#27;[38;5;0m[HTTP]&amp#27;[0m 
&amp#27;[38;5;0m[HTTP]&amp#27;[0m &amp#27;[37m-->&amp#27;[39m &amp#27;[37mPOST&amp#27;[39m &amp#27;[37m/session/735db5ca-b012-4c7d-a1ea-a2adf462b809/elements&amp#27;[39m
&amp#27;[38;5;0m[HTTP]&amp#27;[0m {"value":"com.androidsample.generalstore:id/productPrice","using":"id"}
&amp#27;[38;5;32m[AndroidUiautomator2Driver@2dda (735db5ca)]&amp#27;[0m Calling AppiumDriver.findElements() with args: ["id","com.androidsample.generalstore:id/productPrice","735db5ca-b012-4c7d-a1ea-a2adf462b809"]
&amp#27;[38;5;32m[AndroidUiautomator2Driver@2dda (735db5ca)]&amp#27;[0m Valid locator strategies for this request: xpath, id, class name, accessibility id, css selector, -android uiautomator
&amp#27;[38;5;32m[AndroidUiautomator2Driver@2dda (735db5ca)]&amp#27;[0m Waiting up to 10000 ms for condition
&amp#27;[38;5;32m[AndroidUiautomator2Driver@2dda (735db5ca)]&amp#27;[0m Matched '/elements' to command name 'findElements'
&amp#27;[38;5;32m[AndroidUiautomator2Driver@2dda (735db5ca)]&amp#27;[0m Proxying [POST /elements] to [POST http://127.0.0.1:8201/session/0a6d7faf-2b8f-4219-871a-f868e2a954d8/elements] with body: {"strategy":"id","selector":"com.androidsample.generalstore:id/productPrice","context":"","multiple":true}
&amp#27;[38;5;32m[AndroidUiautomator2Driver@2dda (735db5ca)]&amp#27;[0m Got response with status 200: {"sessionId":"0a6d7faf-2b8f-4219-871a-f868e2a954d8","value":[{"ELEMENT":"00000000-0000-006c-ffff-ffff000000a4","element-6066-11e4-a52e-4f735466cecf":"00000000-0000-006c-ffff-ffff000000a4"},{"ELEMENT":"00000000-0000-006c-ffff-ffff000000ac","element-6066-11e4-a52e-4f735466cecf":"00000000-0000-006c-ffff-ffff000000ac"}]}
&amp#27;[38;5;32m[AndroidUiautomator2Driver@2dda (735db5ca)]&amp#27;[0m Responding to client with driver.findElements() result: [{"element-6066-11e4-a52e-4f735466cecf":"00000000-0000-006c-ffff-ffff000000a4","ELEMENT":"00000000-0000-006c-ffff-ffff000000a4"},{"element-6066-11e4-a52e-4f735466cecf":"00000000-0000-006c-ffff-ffff000000ac","ELEMENT":"00000000-0000-006c-ffff-ffff000000ac"}]
&amp#27;[38;5;0m[HTTP]&amp#27;[0m <-- POST /session/735db5ca-b012-4c7d-a1ea-a2adf462b809/elements 200 46 ms - 267
&amp#27;[38;5;0m[HTTP]&amp#27;[0m 
&amp#27;[38;5;0m[HTTP]&amp#27;[0m &amp#27;[37m-->&amp#27;[39m &amp#27;[37mGET&amp#27;[39m &amp#27;[37m/session/735db5ca-b012-4c7d-a1ea-a2adf462b809/element/00000000-0000-006c-ffff-ffff000000a4/text&amp#27;[39m
&amp#27;[38;5;0m[HTTP]&amp#27;[0m {}
&amp#27;[38;5;32m[AndroidUiautomator2Driver@2dda (735db5ca)]&amp#27;[0m Driver proxy active, passing request on via HTTP proxy
&amp#27;[38;5;32m[AndroidUiautomator2Driver@2dda (735db5ca)]&amp#27;[0m Matched '/session/735db5ca-b012-4c7d-a1ea-a2adf462b809/element/00000000-0000-006c-ffff-ffff000000a4/text' to command name 'getText'
&amp#27;[38;5;32m[AndroidUiautomator2Driver@2dda (735db5ca)]&amp#27;[0m Proxying [GET /session/735db5ca-b012-4c7d-a1ea-a2adf462b809/element/00000000-0000-006c-ffff-ffff000000a4/text] to [GET http://127.0.0.1:8201/session/0a6d7faf-2b8f-4219-871a-f868e2a954d8/element/00000000-0000-006c-ffff-ffff000000a4/text] with no body
&amp#27;[38;5;32m[AndroidUiautomator2Driver@2dda (735db5ca)]&amp#27;[0m Got response with status 200: {"sessionId":"0a6d7faf-2b8f-4219-871a-f868e2a954d8","value":"$160.97"}
&amp#27;[38;5;32m[AndroidUiautomator2Driver@2dda (735db5ca)]&amp#27;[0m Replacing sessionId 0a6d7faf-2b8f-4219-871a-f868e2a954d8 with 735db5ca-b012-4c7d-a1ea-a2adf462b809
&amp#27;[38;5;0m[HTTP]&amp#27;[0m <-- GET /session/735db5ca-b012-4c7d-a1ea-a2adf462b809/element/00000000-0000-006c-ffff-ffff000000a4/text 200 17 ms - 70
&amp#27;[38;5;0m[HTTP]&amp#27;[0m 
&amp#27;[38;5;0m[HTTP]&amp#27;[0m &amp#27;[37m-->&amp#27;[39m &amp#27;[37mGET&amp#27;[39m &amp#27;[37m/session/735db5ca-b012-4c7d-a1ea-a2adf462b809/context&amp#27;[39m
&amp#27;[38;5;0m[HTTP]&amp#27;[0m {}
&amp#27;[38;5;32m[AndroidUiautomator2Driver@2dda (735db5ca)]&amp#27;[0m Calling AppiumDriver.getCurrentContext() with args: ["735db5ca-b012-4c7d-a1ea-a2adf462b809"]
&amp#27;[38;5;32m[AndroidUiautomator2Driver@2dda (735db5ca)]&amp#27;[0m Responding to client with driver.getCurrentContext() result: "NATIVE_APP"
&amp#27;[38;5;0m[HTTP]&amp#27;[0m <-- GET /session/735db5ca-b012-4c7d-a1ea-a2adf462b809/context 200 1 ms - 22
&amp#27;[38;5;0m[HTTP]&amp#27;[0m 
&amp#27;[38;5;0m[HTTP]&amp#27;[0m &amp#27;[37m-->&amp#27;[39m &amp#27;[37mPOST&amp#27;[39m &amp#27;[37m/session/735db5ca-b012-4c7d-a1ea-a2adf462b809/elements&amp#27;[39m
&amp#27;[38;5;0m[HTTP]&amp#27;[0m {"value":"com.androidsample.generalstore:id/productPrice","using":"id"}
&amp#27;[38;5;32m[AndroidUiautomator2Driver@2dda (735db5ca)]&amp#27;[0m Calling AppiumDriver.findElements() with args: ["id","com.androidsample.generalstore:id/productPrice","735db5ca-b012-4c7d-a1ea-a2adf462b809"]
&amp#27;[38;5;32m[AndroidUiautomator2Driver@2dda (735db5ca)]&amp#27;[0m Valid locator strategies for this request: xpath, id, class name, accessibility id, css selector, -android uiautomator
&amp#27;[38;5;32m[AndroidUiautomator2Driver@2dda (735db5ca)]&amp#27;[0m Waiting up to 10000 ms for condition
&amp#27;[38;5;32m[AndroidUiautomator2Driver@2dda (735db5ca)]&amp#27;[0m Matched '/elements' to command name 'findElements'
&amp#27;[38;5;32m[AndroidUiautomator2Driver@2dda (735db5ca)]&amp#27;[0m Proxying [POST /elements] to [POST http://127.0.0.1:8201/session/0a6d7faf-2b8f-4219-871a-f868e2a954d8/elements] with body: {"strategy":"id","selector":"com.androidsample.generalstore:id/productPrice","context":"","multiple":true}
&amp#27;[38;5;32m[AndroidUiautomator2Driver@2dda (735db5ca)]&amp#27;[0m Got response with status 200: {"sessionId":"0a6d7faf-2b8f-4219-871a-f868e2a954d8","value":[{"ELEMENT":"00000000-0000-006c-ffff-ffff000000a4","element-6066-11e4-a52e-4f735466cecf":"00000000-0000-006c-ffff-ffff000000a4"},{"ELEMENT":"00000000-0000-006c-ffff-ffff000000ac","element-6066-11e4-a52e-4f735466cecf":"00000000-0000-006c-ffff-ffff000000ac"}]}
&amp#27;[38;5;32m[AndroidUiautomator2Driver@2dda (735db5ca)]&amp#27;[0m Responding to client with driver.findElements() result: [{"element-6066-11e4-a52e-4f735466cecf":"00000000-0000-006c-ffff-ffff000000a4","ELEMENT":"00000000-0000-006c-ffff-ffff000000a4"},{"element-6066-11e4-a52e-4f735466cecf":"00000000-0000-006c-ffff-ffff000000ac","ELEMENT":"00000000-0000-006c-ffff-ffff000000ac"}]
&amp#27;[38;5;0m[HTTP]&amp#27;[0m <-- POST /session/735db5ca-b012-4c7d-a1ea-a2adf462b809/elements 200 68 ms - 267
&amp#27;[38;5;0m[HTTP]&amp#27;[0m 
&amp#27;[38;5;0m[HTTP]&amp#27;[0m &amp#27;[37m-->&amp#27;[39m &amp#27;[37mGET&amp#27;[39m &amp#27;[37m/session/735db5ca-b012-4c7d-a1ea-a2adf462b809/element/00000000-0000-006c-ffff-ffff000000ac/text&amp#27;[39m
&amp#27;[38;5;0m[HTTP]&amp#27;[0m {}
&amp#27;[38;5;32m[AndroidUiautomator2Driver@2dda (735db5ca)]&amp#27;[0m Driver proxy active, passing request on via HTTP proxy
&amp#27;[38;5;32m[AndroidUiautomator2Driver@2dda (735db5ca)]&amp#27;[0m Matched '/session/735db5ca-b012-4c7d-a1ea-a2adf462b809/element/00000000-0000-006c-ffff-ffff000000ac/text' to command name 'getText'
&amp#27;[38;5;32m[AndroidUiautomator2Driver@2dda (735db5ca)]&amp#27;[0m Proxying [GET /session/735db5ca-b012-4c7d-a1ea-a2adf462b809/element/00000000-0000-006c-ffff-ffff000000ac/text] to [GET http://127.0.0.1:8201/session/0a6d7faf-2b8f-4219-871a-f868e2a954d8/element/00000000-0000-006c-ffff-ffff000000ac/text] with no body
&amp#27;[38;5;32m[AndroidUiautomator2Driver@2dda (735db5ca)]&amp#27;[0m Got response with status 200: {"sessionId":"0a6d7faf-2b8f-4219-871a-f868e2a954d8","value":"$120.0"}
&amp#27;[38;5;32m[AndroidUiautomator2Driver@2dda (735db5ca)]&amp#27;[0m Replacing sessionId 0a6d7faf-2b8f-4219-871a-f868e2a954d8 with 735db5ca-b012-4c7d-a1ea-a2adf462b809
&amp#27;[38;5;0m[HTTP]&amp#27;[0m <-- GET /session/735db5ca-b012-4c7d-a1ea-a2adf462b809/element/00000000-0000-006c-ffff-ffff000000ac/text 200 13 ms - 69
&amp#27;[38;5;0m[HTTP]&amp#27;[0m 
&amp#27;[38;5;0m[HTTP]&amp#27;[0m &amp#27;[37m-->&amp#27;[39m &amp#27;[37mGET&amp#27;[39m &amp#27;[37m/session/735db5ca-b012-4c7d-a1ea-a2adf462b809/context&amp#27;[39m
&amp#27;[38;5;0m[HTTP]&amp#27;[0m {}
&amp#27;[38;5;32m[AndroidUiautomator2Driver@2dda (735db5ca)]&amp#27;[0m Calling AppiumDriver.getCurrentContext() with args: ["735db5ca-b012-4c7d-a1ea-a2adf462b809"]
&amp#27;[38;5;32m[AndroidUiautomator2Driver@2dda (735db5ca)]&amp#27;[0m Responding to client with driver.getCurrentContext() result: "NATIVE_APP"
&amp#27;[38;5;0m[HTTP]&amp#27;[0m <-- GET /session/735db5ca-b012-4c7d-a1ea-a2adf462b809/context 200 1 ms - 22
&amp#27;[38;5;0m[HTTP]&amp#27;[0m 
&amp#27;[38;5;0m[HTTP]&amp#27;[0m &amp#27;[37m-->&amp#27;[39m &amp#27;[37mPOST&amp#27;[39m &amp#27;[37m/session/735db5ca-b012-4c7d-a1ea-a2adf462b809/element&amp#27;[39m
&amp#27;[38;5;0m[HTTP]&amp#27;[0m {"value":"com.androidsample.generalstore:id/totalAmountLbl","using":"id"}
&amp#27;[38;5;32m[AndroidUiautomator2Driver@2dda (735db5ca)]&amp#27;[0m Calling AppiumDriver.findElement() with args: ["id","com.androidsample.generalstore:id/totalAmountLbl","735db5ca-b012-4c7d-a1ea-a2adf462b809"]
&amp#27;[38;5;32m[AndroidUiautomator2Driver@2dda (735db5ca)]&amp#27;[0m Valid locator strategies for this request: xpath, id, class name, accessibility id, css selector, -android uiautomator
&amp#27;[38;5;32m[AndroidUiautomator2Driver@2dda (735db5ca)]&amp#27;[0m Waiting up to 10000 ms for condition
&amp#27;[38;5;32m[AndroidUiautomator2Driver@2dda (735db5ca)]&amp#27;[0m Matched '/element' to command name 'findElement'
&amp#27;[38;5;32m[AndroidUiautomator2Driver@2dda (735db5ca)]&amp#27;[0m Proxying [POST /element] to [POST http://127.0.0.1:8201/session/0a6d7faf-2b8f-4219-871a-f868e2a954d8/element] with body: {"strategy":"id","selector":"com.androidsample.generalstore:id/totalAmountLbl","context":"","multiple":false}
&amp#27;[38;5;32m[AndroidUiautomator2Driver@2dda (735db5ca)]&amp#27;[0m Got response with status 200: {"sessionId":"0a6d7faf-2b8f-4219-871a-f868e2a954d8","value":{"ELEMENT":"00000000-0000-006c-ffff-ffff00000098","element-6066-11e4-a52e-4f735466cecf":"00000000-0000-006c-ffff-ffff00000098"}}
&amp#27;[38;5;32m[AndroidUiautomator2Driver@2dda (735db5ca)]&amp#27;[0m Responding to client with driver.findElement() result: {"element-6066-11e4-a52e-4f735466cecf":"00000000-0000-006c-ffff-ffff00000098","ELEMENT":"00000000-0000-006c-ffff-ffff00000098"}
&amp#27;[38;5;0m[HTTP]&amp#27;[0m <-- POST /session/735db5ca-b012-4c7d-a1ea-a2adf462b809/element 200 35 ms - 137
&amp#27;[38;5;0m[HTTP]&amp#27;[0m 
&amp#27;[38;5;0m[HTTP]&amp#27;[0m &amp#27;[37m-->&amp#27;[39m &amp#27;[37mGET&amp#27;[39m &amp#27;[37m/session/735db5ca-b012-4c7d-a1ea-a2adf462b809/element/00000000-0000-006c-ffff-ffff00000098/text&amp#27;[39m
&amp#27;[38;5;0m[HTTP]&amp#27;[0m {}
&amp#27;[38;5;32m[AndroidUiautomator2Driver@2dda (735db5ca)]&amp#27;[0m Driver proxy active, passing request on via HTTP proxy
&amp#27;[38;5;32m[AndroidUiautomator2Driver@2dda (735db5ca)]&amp#27;[0m Matched '/session/735db5ca-b012-4c7d-a1ea-a2adf462b809/element/00000000-0000-006c-ffff-ffff00000098/text' to command name 'getText'
&amp#27;[38;5;32m[AndroidUiautomator2Driver@2dda (735db5ca)]&amp#27;[0m Proxying [GET /session/735db5ca-b012-4c7d-a1ea-a2adf462b809/element/00000000-0000-006c-ffff-ffff00000098/text] to [GET http://127.0.0.1:8201/session/0a6d7faf-2b8f-4219-871a-f868e2a954d8/element/00000000-0000-006c-ffff-ffff00000098/text] with no body
&amp#27;[38;5;32m[AndroidUiautomator2Driver@2dda (735db5ca)]&amp#27;[0m Got response with status 200: {"sessionId":"0a6d7faf-2b8f-4219-871a-f868e2a954d8","value":"$ 280.97"}
&amp#27;[38;5;32m[AndroidUiautomator2Driver@2dda (735db5ca)]&amp#27;[0m Replacing sessionId 0a6d7faf-2b8f-4219-871a-f868e2a954d8 with 735db5ca-b012-4c7d-a1ea-a2adf462b809
&amp#27;[38;5;0m[HTTP]&amp#27;[0m <-- GET /session/735db5ca-b012-4c7d-a1ea-a2adf462b809/element/00000000-0000-006c-ffff-ffff00000098/text 200 16 ms - 71
&amp#27;[38;5;0m[HTTP]&amp#27;[0m 
&amp#27;[38;5;0m[HTTP]&amp#27;[0m &amp#27;[37m-->&amp#27;[39m &amp#27;[37mGET&amp#27;[39m &amp#27;[37m/session/735db5ca-b012-4c7d-a1ea-a2adf462b809/context&amp#27;[39m
&amp#27;[38;5;0m[HTTP]&amp#27;[0m {}
&amp#27;[38;5;32m[AndroidUiautomator2Driver@2dda (735db5ca)]&amp#27;[0m Calling AppiumDriver.getCurrentContext() with args: ["735db5ca-b012-4c7d-a1ea-a2adf462b809"]
&amp#27;[38;5;32m[AndroidUiautomator2Driver@2dda (735db5ca)]&amp#27;[0m Responding to client with driver.getCurrentContext() result: "NATIVE_APP"
&amp#27;[38;5;0m[HTTP]&amp#27;[0m <-- GET /session/735db5ca-b012-4c7d-a1ea-a2adf462b809/context 200 1 ms - 22
&amp#27;[38;5;0m[HTTP]&amp#27;[0m 
&amp#27;[38;5;0m[HTTP]&amp#27;[0m &amp#27;[37m-->&amp#27;[39m &amp#27;[37mPOST&amp#27;[39m &amp#27;[37m/session/735db5ca-b012-4c7d-a1ea-a2adf462b809/element&amp#27;[39m
&amp#27;[38;5;0m[HTTP]&amp#27;[0m {"value":"com.androidsample.generalstore:id/termsButton","using":"id"}
&amp#27;[38;5;32m[AndroidUiautomator2Driver@2dda (735db5ca)]&amp#27;[0m Calling AppiumDriver.findElement() with args: ["id","com.androidsample.generalstore:id/termsButton","735db5ca-b012-4c7d-a1ea-a2adf462b809"]
&amp#27;[38;5;32m[AndroidUiautomator2Driver@2dda (735db5ca)]&amp#27;[0m Valid locator strategies for this request: xpath, id, class name, accessibility id, css selector, -android uiautomator
&amp#27;[38;5;32m[AndroidUiautomator2Driver@2dda (735db5ca)]&amp#27;[0m Waiting up to 10000 ms for condition
&amp#27;[38;5;32m[AndroidUiautomator2Driver@2dda (735db5ca)]&amp#27;[0m Matched '/element' to command name 'findElement'
&amp#27;[38;5;32m[AndroidUiautomator2Driver@2dda (735db5ca)]&amp#27;[0m Proxying [POST /element] to [POST http://127.0.0.1:8201/session/0a6d7faf-2b8f-4219-871a-f868e2a954d8/element] with body: {"strategy":"id","selector":"com.androidsample.generalstore:id/termsButton","context":"","multiple":false}
&amp#27;[38;5;32m[AndroidUiautomator2Driver@2dda (735db5ca)]&amp#27;[0m Got response with status 200: {"sessionId":"0a6d7faf-2b8f-4219-871a-f868e2a954d8","value":{"ELEMENT":"00000000-0000-006c-ffff-ffff0000009b","element-6066-11e4-a52e-4f735466cecf":"00000000-0000-006c-ffff-ffff0000009b"}}
&amp#27;[38;5;32m[AndroidUiautomator2Driver@2dda (735db5ca)]&amp#27;[0m Responding to client with driver.findElement() result: {"element-6066-11e4-a52e-4f735466cecf":"00000000-0000-006c-ffff-ffff0000009b","ELEMENT":"00000000-0000-006c-ffff-ffff0000009b"}
&amp#27;[38;5;0m[HTTP]&amp#27;[0m <-- POST /session/735db5ca-b012-4c7d-a1ea-a2adf462b809/element 200 33 ms - 137
&amp#27;[38;5;0m[HTTP]&amp#27;[0m 
&amp#27;[38;5;0m[HTTP]&amp#27;[0m &amp#27;[37m-->&amp#27;[39m &amp#27;[37mPOST&amp#27;[39m &amp#27;[37m/session/735db5ca-b012-4c7d-a1ea-a2adf462b809/execute/sync&amp#27;[39m
&amp#27;[38;5;0m[HTTP]&amp#27;[0m {"script":"mobile: longClickGesture","args":[{"elementId":"00000000-0000-006c-ffff-ffff0000009b","duration":2000}]}
&amp#27;[38;5;32m[AndroidUiautomator2Driver@2dda (735db5ca)]&amp#27;[0m Calling AppiumDriver.execute() with args: ["mobile: longClickGesture",[{"elementId":"00000000-0000-006c-ffff-ffff0000009b","duration":2000}],"735db5ca-b012-4c7d-a1ea-a2adf462b809"]
&amp#27;[38;5;32m[AndroidUiautomator2Driver@2dda (735db5ca)]&amp#27;[0m Executing native command 'mobile: longClickGesture'
&amp#27;[38;5;32m[AndroidUiautomator2Driver@2dda (735db5ca)]&amp#27;[0m Proxying [POST /appium/gestures/long_click] to [POST http://127.0.0.1:8201/session/0a6d7faf-2b8f-4219-871a-f868e2a954d8/appium/gestures/long_click] with body: {"origin":{"ELEMENT":"00000000-0000-006c-ffff-ffff0000009b","element-6066-11e4-a52e-4f735466cecf":"00000000-0000-006c-ffff-ffff0000009b"},"duration":2000}
&amp#27;[38;5;32m[AndroidUiautomator2Driver@2dda (735db5ca)]&amp#27;[0m Got response with status 200: {"sessionId":"0a6d7faf-2b8f-4219-871a-f868e2a954d8","value":null}
&amp#27;[38;5;32m[AndroidUiautomator2Driver@2dda (735db5ca)]&amp#27;[0m Responding to client with driver.execute() result: null
&amp#27;[38;5;0m[HTTP]&amp#27;[0m <-- POST /session/735db5ca-b012-4c7d-a1ea-a2adf462b809/execute/sync 200 3414 ms - 14
&amp#27;[38;5;0m[HTTP]&amp#27;[0m 
&amp#27;[38;5;0m[HTTP]&amp#27;[0m &amp#27;[37m-->&amp#27;[39m &amp#27;[37mGET&amp#27;[39m &amp#27;[37m/session/735db5ca-b012-4c7d-a1ea-a2adf462b809/context&amp#27;[39m
&amp#27;[38;5;0m[HTTP]&amp#27;[0m {}
&amp#27;[38;5;32m[AndroidUiautomator2Driver@2dda (735db5ca)]&amp#27;[0m Calling AppiumDriver.getCurrentContext() with args: ["735db5ca-b012-4c7d-a1ea-a2adf462b809"]
&amp#27;[38;5;32m[AndroidUiautomator2Driver@2dda (735db5ca)]&amp#27;[0m Responding to client with driver.getCurrentContext() result: "NATIVE_APP"
&amp#27;[38;5;0m[HTTP]&amp#27;[0m <-- GET /session/735db5ca-b012-4c7d-a1ea-a2adf462b809/context 200 1 ms - 22
&amp#27;[38;5;0m[HTTP]&amp#27;[0m 
&amp#27;[38;5;0m[HTTP]&amp#27;[0m &amp#27;[37m-->&amp#27;[39m &amp#27;[37mPOST&amp#27;[39m &amp#27;[37m/session/735db5ca-b012-4c7d-a1ea-a2adf462b809/element&amp#27;[39m
&amp#27;[38;5;0m[HTTP]&amp#27;[0m {"value":"android:id/button1","using":"id"}
&amp#27;[38;5;32m[AndroidUiautomator2Driver@2dda (735db5ca)]&amp#27;[0m Calling AppiumDriver.findElement() with args: ["id","android:id/button1","735db5ca-b012-4c7d-a1ea-a2adf462b809"]
&amp#27;[38;5;32m[AndroidUiautomator2Driver@2dda (735db5ca)]&amp#27;[0m Valid locator strategies for this request: xpath, id, class name, accessibility id, css selector, -android uiautomator
&amp#27;[38;5;32m[AndroidUiautomator2Driver@2dda (735db5ca)]&amp#27;[0m Waiting up to 10000 ms for condition
&amp#27;[38;5;32m[AndroidUiautomator2Driver@2dda (735db5ca)]&amp#27;[0m Matched '/element' to command name 'findElement'
&amp#27;[38;5;32m[AndroidUiautomator2Driver@2dda (735db5ca)]&amp#27;[0m Proxying [POST /element] to [POST http://127.0.0.1:8201/session/0a6d7faf-2b8f-4219-871a-f868e2a954d8/element] with body: {"strategy":"id","selector":"android:id/button1","context":"","multiple":false}
&amp#27;[38;5;32m[AndroidUiautomator2Driver@2dda (735db5ca)]&amp#27;[0m Got response with status 200: {"sessionId":"0a6d7faf-2b8f-4219-871a-f868e2a954d8","value":{"ELEMENT":"00000000-0000-006d-ffff-ffff000000c7","element-6066-11e4-a52e-4f735466cecf":"00000000-0000-006d-ffff-ffff000000c7"}}
&amp#27;[38;5;32m[AndroidUiautomator2Driver@2dda (735db5ca)]&amp#27;[0m Responding to client with driver.findElement() result: {"element-6066-11e4-a52e-4f735466cecf":"00000000-0000-006d-ffff-ffff000000c7","ELEMENT":"00000000-0000-006d-ffff-ffff000000c7"}
&amp#27;[38;5;0m[HTTP]&amp#27;[0m <-- POST /session/735db5ca-b012-4c7d-a1ea-a2adf462b809/element 200 43 ms - 137
&amp#27;[38;5;0m[HTTP]&amp#27;[0m 
&amp#27;[38;5;0m[HTTP]&amp#27;[0m &amp#27;[37m-->&amp#27;[39m &amp#27;[37mPOST&amp#27;[39m &amp#27;[37m/session/735db5ca-b012-4c7d-a1ea-a2adf462b809/element/00000000-0000-006d-ffff-ffff000000c7/click&amp#27;[39m
&amp#27;[38;5;0m[HTTP]&amp#27;[0m {"id":"00000000-0000-006d-ffff-ffff000000c7"}
&amp#27;[38;5;32m[AndroidUiautomator2Driver@2dda (735db5ca)]&amp#27;[0m Calling AppiumDriver.click() with args: ["00000000-0000-006d-ffff-ffff000000c7","735db5ca-b012-4c7d-a1ea-a2adf462b809"]
&amp#27;[38;5;32m[AndroidUiautomator2Driver@2dda (735db5ca)]&amp#27;[0m Matched '/element/00000000-0000-006d-ffff-ffff000000c7/click' to command name 'click'
&amp#27;[38;5;32m[AndroidUiautomator2Driver@2dda (735db5ca)]&amp#27;[0m Proxying [POST /element/00000000-0000-006d-ffff-ffff000000c7/click] to [POST http://127.0.0.1:8201/session/0a6d7faf-2b8f-4219-871a-f868e2a954d8/element/00000000-0000-006d-ffff-ffff000000c7/click] with body: {"element":"00000000-0000-006d-ffff-ffff000000c7"}
&amp#27;[38;5;32m[AndroidUiautomator2Driver@2dda (735db5ca)]&amp#27;[0m Got response with status 200: {"sessionId":"0a6d7faf-2b8f-4219-871a-f868e2a954d8","value":null}
&amp#27;[38;5;32m[AndroidUiautomator2Driver@2dda (735db5ca)]&amp#27;[0m Responding to client with driver.click() result: null
&amp#27;[38;5;0m[HTTP]&amp#27;[0m <-- POST /session/735db5ca-b012-4c7d-a1ea-a2adf462b809/element/00000000-0000-006d-ffff-ffff000000c7/click 200 88 ms - 14
&amp#27;[38;5;0m[HTTP]&amp#27;[0m 
&amp#27;[38;5;0m[HTTP]&amp#27;[0m &amp#27;[37m-->&amp#27;[39m &amp#27;[37mGET&amp#27;[39m &amp#27;[37m/session/735db5ca-b012-4c7d-a1ea-a2adf462b809/context&amp#27;[39m
&amp#27;[38;5;0m[HTTP]&amp#27;[0m {}
&amp#27;[38;5;32m[AndroidUiautomator2Driver@2dda (735db5ca)]&amp#27;[0m Calling AppiumDriver.getCurrentContext() with args: ["735db5ca-b012-4c7d-a1ea-a2adf462b809"]
&amp#27;[38;5;32m[AndroidUiautomator2Driver@2dda (735db5ca)]&amp#27;[0m Responding to client with driver.getCurrentContext() result: "NATIVE_APP"
&amp#27;[38;5;0m[HTTP]&amp#27;[0m <-- GET /session/735db5ca-b012-4c7d-a1ea-a2adf462b809/context 200 1 ms - 22
&amp#27;[38;5;0m[HTTP]&amp#27;[0m 
&amp#27;[38;5;0m[HTTP]&amp#27;[0m &amp#27;[37m-->&amp#27;[39m &amp#27;[37mPOST&amp#27;[39m &amp#27;[37m/session/735db5ca-b012-4c7d-a1ea-a2adf462b809/element&amp#27;[39m
&amp#27;[38;5;0m[HTTP]&amp#27;[0m {"value":"android.widget.CheckBox","using":"class name"}
&amp#27;[38;5;32m[AndroidUiautomator2Driver@2dda (735db5ca)]&amp#27;[0m Calling AppiumDriver.findElement() with args: ["class name","android.widget.CheckBox","735db5ca-b012-4c7d-a1ea-a2adf462b809"]
&amp#27;[38;5;32m[AndroidUiautomator2Driver@2dda (735db5ca)]&amp#27;[0m Valid locator strategies for this request: xpath, id, class name, accessibility id, css selector, -android uiautomator
&amp#27;[38;5;32m[AndroidUiautomator2Driver@2dda (735db5ca)]&amp#27;[0m Waiting up to 10000 ms for condition
&amp#27;[38;5;32m[AndroidUiautomator2Driver@2dda (735db5ca)]&amp#27;[0m Matched '/element' to command name 'findElement'
&amp#27;[38;5;32m[AndroidUiautomator2Driver@2dda (735db5ca)]&amp#27;[0m Proxying [POST /element] to [POST http://127.0.0.1:8201/session/0a6d7faf-2b8f-4219-871a-f868e2a954d8/element] with body: {"strategy":"class name","selector":"android.widget.CheckBox","context":"","multiple":false}
&amp#27;[38;5;32m[AndroidUiautomator2Driver@2dda (735db5ca)]&amp#27;[0m Got response with status 200: {"sessionId":"0a6d7faf-2b8f-4219-871a-f868e2a954d8","value":{"ELEMENT":"00000000-0000-006c-ffff-ffff00000099","element-6066-11e4-a52e-4f735466cecf":"00000000-0000-006c-ffff-ffff00000099"}}
&amp#27;[38;5;32m[AndroidUiautomator2Driver@2dda (735db5ca)]&amp#27;[0m Responding to client with driver.findElement() result: {"element-6066-11e4-a52e-4f735466cecf":"00000000-0000-006c-ffff-ffff00000099","ELEMENT":"00000000-0000-006c-ffff-ffff00000099"}
&amp#27;[38;5;0m[HTTP]&amp#27;[0m <-- POST /session/735db5ca-b012-4c7d-a1ea-a2adf462b809/element 200 265 ms - 137
&amp#27;[38;5;0m[HTTP]&amp#27;[0m 
&amp#27;[38;5;0m[HTTP]&amp#27;[0m &amp#27;[37m-->&amp#27;[39m &amp#27;[37mPOST&amp#27;[39m &amp#27;[37m/session/735db5ca-b012-4c7d-a1ea-a2adf462b809/element/00000000-0000-006c-ffff-ffff00000099/click&amp#27;[39m
&amp#27;[38;5;0m[HTTP]&amp#27;[0m {"id":"00000000-0000-006c-ffff-ffff00000099"}
&amp#27;[38;5;32m[AndroidUiautomator2Driver@2dda (735db5ca)]&amp#27;[0m Calling AppiumDriver.click() with args: ["00000000-0000-006c-ffff-ffff00000099","735db5ca-b012-4c7d-a1ea-a2adf462b809"]
&amp#27;[38;5;32m[AndroidUiautomator2Driver@2dda (735db5ca)]&amp#27;[0m Matched '/element/00000000-0000-006c-ffff-ffff00000099/click' to command name 'click'
&amp#27;[38;5;32m[AndroidUiautomator2Driver@2dda (735db5ca)]&amp#27;[0m Proxying [POST /element/00000000-0000-006c-ffff-ffff00000099/click] to [POST http://127.0.0.1:8201/session/0a6d7faf-2b8f-4219-871a-f868e2a954d8/element/00000000-0000-006c-ffff-ffff00000099/click] with body: {"element":"00000000-0000-006c-ffff-ffff00000099"}
&amp#27;[38;5;32m[AndroidUiautomator2Driver@2dda (735db5ca)]&amp#27;[0m Got response with status 200: {"sessionId":"0a6d7faf-2b8f-4219-871a-f868e2a954d8","value":null}
&amp#27;[38;5;32m[AndroidUiautomator2Driver@2dda (735db5ca)]&amp#27;[0m Responding to client with driver.click() result: null
&amp#27;[38;5;0m[HTTP]&amp#27;[0m <-- POST /session/735db5ca-b012-4c7d-a1ea-a2adf462b809/element/00000000-0000-006c-ffff-ffff00000099/click 200 506 ms - 14
&amp#27;[38;5;0m[HTTP]&amp#27;[0m 
&amp#27;[38;5;0m[HTTP]&amp#27;[0m &amp#27;[37m-->&amp#27;[39m &amp#27;[37mGET&amp#27;[39m &amp#27;[37m/session/735db5ca-b012-4c7d-a1ea-a2adf462b809/context&amp#27;[39m
&amp#27;[38;5;0m[HTTP]&amp#27;[0m {}
&amp#27;[38;5;32m[AndroidUiautomator2Driver@2dda (735db5ca)]&amp#27;[0m Calling AppiumDriver.getCurrentContext() with args: ["735db5ca-b012-4c7d-a1ea-a2adf462b809"]
&amp#27;[38;5;32m[AndroidUiautomator2Driver@2dda (735db5ca)]&amp#27;[0m Responding to client with driver.getCurrentContext() result: "NATIVE_APP"
&amp#27;[38;5;0m[HTTP]&amp#27;[0m <-- GET /session/735db5ca-b012-4c7d-a1ea-a2adf462b809/context 200 1 ms - 22
&amp#27;[38;5;0m[HTTP]&amp#27;[0m 
&amp#27;[38;5;0m[HTTP]&amp#27;[0m &amp#27;[37m-->&amp#27;[39m &amp#27;[37mPOST&amp#27;[39m &amp#27;[37m/session/735db5ca-b012-4c7d-a1ea-a2adf462b809/element&amp#27;[39m
&amp#27;[38;5;0m[HTTP]&amp#27;[0m {"value":"com.androidsample.generalstore:id/btnProceed","using":"id"}
&amp#27;[38;5;32m[AndroidUiautomator2Driver@2dda (735db5ca)]&amp#27;[0m Calling AppiumDriver.findElement() with args: ["id","com.androidsample.generalstore:id/btnProceed","735db5ca-b012-4c7d-a1ea-a2adf462b809"]
&amp#27;[38;5;32m[AndroidUiautomator2Driver@2dda (735db5ca)]&amp#27;[0m Valid locator strategies for this request: xpath, id, class name, accessibility id, css selector, -android uiautomator
&amp#27;[38;5;32m[AndroidUiautomator2Driver@2dda (735db5ca)]&amp#27;[0m Waiting up to 10000 ms for condition
&amp#27;[38;5;32m[AndroidUiautomator2Driver@2dda (735db5ca)]&amp#27;[0m Matched '/element' to command name 'findElement'
&amp#27;[38;5;32m[AndroidUiautomator2Driver@2dda (735db5ca)]&amp#27;[0m Proxying [POST /element] to [POST http://127.0.0.1:8201/session/0a6d7faf-2b8f-4219-871a-f868e2a954d8/element] with body: {"strategy":"id","selector":"com.androidsample.generalstore:id/btnProceed","context":"","multiple":false}
&amp#27;[38;5;32m[AndroidUiautomator2Driver@2dda (735db5ca)]&amp#27;[0m Got response with status 200: {"sessionId":"0a6d7faf-2b8f-4219-871a-f868e2a954d8","value":{"ELEMENT":"00000000-0000-006c-ffff-ffff0000009a","element-6066-11e4-a52e-4f735466cecf":"00000000-0000-006c-ffff-ffff0000009a"}}
&amp#27;[38;5;32m[AndroidUiautomator2Driver@2dda (735db5ca)]&amp#27;[0m Responding to client with driver.findElement() result: {"element-6066-11e4-a52e-4f735466cecf":"00000000-0000-006c-ffff-ffff0000009a","ELEMENT":"00000000-0000-006c-ffff-ffff0000009a"}
&amp#27;[38;5;0m[HTTP]&amp#27;[0m <-- POST /session/735db5ca-b012-4c7d-a1ea-a2adf462b809/element 200 223 ms - 137
&amp#27;[38;5;0m[HTTP]&amp#27;[0m 
&amp#27;[38;5;0m[HTTP]&amp#27;[0m &amp#27;[37m-->&amp#27;[39m &amp#27;[37mPOST&amp#27;[39m &amp#27;[37m/session/735db5ca-b012-4c7d-a1ea-a2adf462b809/element/00000000-0000-006c-ffff-ffff0000009a/click&amp#27;[39m
&amp#27;[38;5;0m[HTTP]&amp#27;[0m {"id":"00000000-0000-006c-ffff-ffff0000009a"}
&amp#27;[38;5;32m[AndroidUiautomator2Driver@2dda (735db5ca)]&amp#27;[0m Calling AppiumDriver.click() with args: ["00000000-0000-006c-ffff-ffff0000009a","735db5ca-b012-4c7d-a1ea-a2adf462b809"]
&amp#27;[38;5;32m[AndroidUiautomator2Driver@2dda (735db5ca)]&amp#27;[0m Matched '/element/00000000-0000-006c-ffff-ffff0000009a/click' to command name 'click'
&amp#27;[38;5;32m[AndroidUiautomator2Driver@2dda (735db5ca)]&amp#27;[0m Proxying [POST /element/00000000-0000-006c-ffff-ffff0000009a/click] to [POST http://127.0.0.1:8201/session/0a6d7faf-2b8f-4219-871a-f868e2a954d8/element/00000000-0000-006c-ffff-ffff0000009a/click] with body: {"element":"00000000-0000-006c-ffff-ffff0000009a"}
&amp#27;[38;5;32m[AndroidUiautomator2Driver@2dda (735db5ca)]&amp#27;[0m Got response with status 200: {"sessionId":"0a6d7faf-2b8f-4219-871a-f868e2a954d8","value":null}
&amp#27;[38;5;32m[AndroidUiautomator2Driver@2dda (735db5ca)]&amp#27;[0m Responding to client with driver.click() result: null
&amp#27;[38;5;0m[HTTP]&amp#27;[0m <-- POST /session/735db5ca-b012-4c7d-a1ea-a2adf462b809/element/00000000-0000-006c-ffff-ffff0000009a/click 200 498 ms - 14
&amp#27;[38;5;0m[HTTP]&amp#27;[0m 
]]></system-out>
    <system-err><![CDATA[SLF4J(W): No SLF4J providers were found.
SLF4J(W): Defaulting to no-operation (NOP) logger implementation
SLF4J(W): See https://www.slf4j.org/codes.html#noProviders for further details.
]]></system-err>
  </testcase>
  <testcase name="FillForm[{gender=Male, name=Shetty Mr, country=Argentina}](2)" classname="org.rahulshettyacademy.AndroidTest" time="35.047">
    <system-out><![CDATA[&amp#27;[38;5;0m[HTTP]&amp#27;[0m &amp#27;[37m-->&amp#27;[39m &amp#27;[37mPOST&amp#27;[39m &amp#27;[37m/session/735db5ca-b012-4c7d-a1ea-a2adf462b809/execute/sync&amp#27;[39m
&amp#27;[38;5;0m[HTTP]&amp#27;[0m {"script":"mobile:startActivity","args":[{"intent":"com.androidsample.generalstore/com.androidsample.generalstore.MainActivity"}]}
&amp#27;[38;5;32m[AndroidUiautomator2Driver@2dda (735db5ca)]&amp#27;[0m Calling AppiumDriver.execute() with args: ["mobile:startActivity",[{"intent":"com.androidsample.generalstore/com.androidsample.generalstore.MainActivity"}],"735db5ca-b012-4c7d-a1ea-a2adf462b809"]
&amp#27;[38;5;32m[AndroidUiautomator2Driver@2dda (735db5ca)]&amp#27;[0m Executing native command 'mobile:startActivity'
&amp#27;[38;5;48m[ADB]&amp#27;[0m Running '/Users/stefanstefanov/Library/Android/sdk/platform-tools/adb -P 5037 -s emulator-5554 shell am start-activity com.androidsample.generalstore/com.androidsample.generalstore.MainActivity'
&amp#27;[38;5;32m[AndroidUiautomator2Driver@2dda (735db5ca)]&amp#27;[0m Responding to client with driver.execute() result: "Starting: Intent { act=android.intent.action.MAIN cat=[android.intent.category.LAUNCHER] cmp=com.androidsample.generalstore/.MainActivity }"
&amp#27;[38;5;0m[HTTP]&amp#27;[0m <-- POST /session/735db5ca-b012-4c7d-a1ea-a2adf462b809/execute/sync 200 271 ms - 151
&amp#27;[38;5;0m[HTTP]&amp#27;[0m 
&amp#27;[38;5;0m[HTTP]&amp#27;[0m &amp#27;[37m-->&amp#27;[39m &amp#27;[37mGET&amp#27;[39m &amp#27;[37m/session/735db5ca-b012-4c7d-a1ea-a2adf462b809/context&amp#27;[39m
&amp#27;[38;5;0m[HTTP]&amp#27;[0m {}
&amp#27;[38;5;32m[AndroidUiautomator2Driver@2dda (735db5ca)]&amp#27;[0m Calling AppiumDriver.getCurrentContext() with args: ["735db5ca-b012-4c7d-a1ea-a2adf462b809"]
&amp#27;[38;5;32m[AndroidUiautomator2Driver@2dda (735db5ca)]&amp#27;[0m Responding to client with driver.getCurrentContext() result: "NATIVE_APP"
&amp#27;[38;5;0m[HTTP]&amp#27;[0m <-- GET /session/735db5ca-b012-4c7d-a1ea-a2adf462b809/context 200 1 ms - 22
&amp#27;[38;5;0m[HTTP]&amp#27;[0m 
&amp#27;[38;5;0m[HTTP]&amp#27;[0m &amp#27;[37m-->&amp#27;[39m &amp#27;[37mPOST&amp#27;[39m &amp#27;[37m/session/735db5ca-b012-4c7d-a1ea-a2adf462b809/element&amp#27;[39m
&amp#27;[38;5;0m[HTTP]&amp#27;[0m {"value":"com.androidsample.generalstore:id/nameField","using":"id"}
&amp#27;[38;5;32m[AndroidUiautomator2Driver@2dda (735db5ca)]&amp#27;[0m Calling AppiumDriver.findElement() with args: ["id","com.androidsample.generalstore:id/nameField","735db5ca-b012-4c7d-a1ea-a2adf462b809"]
&amp#27;[38;5;32m[AndroidUiautomator2Driver@2dda (735db5ca)]&amp#27;[0m Valid locator strategies for this request: xpath, id, class name, accessibility id, css selector, -android uiautomator
&amp#27;[38;5;32m[AndroidUiautomator2Driver@2dda (735db5ca)]&amp#27;[0m Waiting up to 10000 ms for condition
&amp#27;[38;5;32m[AndroidUiautomator2Driver@2dda (735db5ca)]&amp#27;[0m Matched '/element' to command name 'findElement'
&amp#27;[38;5;32m[AndroidUiautomator2Driver@2dda (735db5ca)]&amp#27;[0m Proxying [POST /element] to [POST http://127.0.0.1:8201/session/0a6d7faf-2b8f-4219-871a-f868e2a954d8/element] with body: {"strategy":"id","selector":"com.androidsample.generalstore:id/nameField","context":"","multiple":false}
&amp#27;[38;5;32m[AndroidUiautomator2Driver@2dda (735db5ca)]&amp#27;[0m Got response with status 404: {"sessionId":"0a6d7faf-2b8f-4219-871a-f868e2a954d8","value":{"error":"no such element","message":"An element could not be located on the page using the given search parameters","stacktrace":"io.appium.uiautomator2.common.exceptions.ElementNotFoundException: An element could not be located on the page using the given search parameters\n\tat io.appium.uiautomator2.handler.FindElement.safeHandle(FindElement.java:63)\n\tat io.appium.uiautomator2.handler.request.SafeRequestHandler.handle(SafeRequestHandler.java:59)\n\tat io.appium.uiautomator2.server.AppiumServlet.handleRequest(AppiumServlet.java:259)\n\tat io.appium.uiautomator2.server.AppiumServlet.handleHttpRequest(AppiumServlet.java:253)\n\tat io.appium.uiautomator2.http.ServerHandler.channelRead(ServerHandler.java:77)\n\tat io.netty.channel.AbstractChannelHandlerContext.invokeChannelRead(AbstractChannelHandlerContext.java:366)\n\tat io.netty.channel.AbstractChannelHandlerContext.invokeChannelRead(AbstractChannelHandlerContext.java:352)\n\tat io.netty.chann...
&amp#27;[38;5;112m[W3C]&amp#27;[0m Matched W3C error code 'no such element' to NoSuchElementError
&amp#27;[38;5;32m[AndroidUiautomator2Driver@2dda (735db5ca)]&amp#27;[0m Waited for 1445 ms so far
&amp#27;[38;5;32m[AndroidUiautomator2Driver@2dda (735db5ca)]&amp#27;[0m Matched '/element' to command name 'findElement'
&amp#27;[38;5;32m[AndroidUiautomator2Driver@2dda (735db5ca)]&amp#27;[0m Proxying [POST /element] to [POST http://127.0.0.1:8201/session/0a6d7faf-2b8f-4219-871a-f868e2a954d8/element] with body: {"strategy":"id","selector":"com.androidsample.generalstore:id/nameField","context":"","multiple":false}
&amp#27;[38;5;32m[AndroidUiautomator2Driver@2dda (735db5ca)]&amp#27;[0m Got response with status 200: {"sessionId":"0a6d7faf-2b8f-4219-871a-f868e2a954d8","value":{"ELEMENT":"00000000-0000-006e-ffff-ffff000000dc","element-6066-11e4-a52e-4f735466cecf":"00000000-0000-006e-ffff-ffff000000dc"}}
&amp#27;[38;5;32m[AndroidUiautomator2Driver@2dda (735db5ca)]&amp#27;[0m Responding to client with driver.findElement() result: {"element-6066-11e4-a52e-4f735466cecf":"00000000-0000-006e-ffff-ffff000000dc","ELEMENT":"00000000-0000-006e-ffff-ffff000000dc"}
&amp#27;[38;5;0m[HTTP]&amp#27;[0m <-- POST /session/735db5ca-b012-4c7d-a1ea-a2adf462b809/element 200 2227 ms - 137
&amp#27;[38;5;0m[HTTP]&amp#27;[0m 
&amp#27;[38;5;0m[HTTP]&amp#27;[0m &amp#27;[37m-->&amp#27;[39m &amp#27;[37mPOST&amp#27;[39m &amp#27;[37m/session/735db5ca-b012-4c7d-a1ea-a2adf462b809/element/00000000-0000-006e-ffff-ffff000000dc/value&amp#27;[39m
&amp#27;[38;5;0m[HTTP]&amp#27;[0m {"text":"Shetty Mr","value":["S","h","e","t","t","y"," ","M","r"],"id":"00000000-0000-006e-ffff-ffff000000dc"}
&amp#27;[38;5;32m[AndroidUiautomator2Driver@2dda (735db5ca)]&amp#27;[0m Calling AppiumDriver.setValue() with args: [["S","h","e","t","t","y"," ","M","r"],"00000000-0000-006e-ffff-ffff000000dc","735db5ca-b012-4c7d-a1ea-a2adf462b809"]
&amp#27;[38;5;32m[AndroidUiautomator2Driver@2dda (735db5ca)]&amp#27;[0m Matched '/element/00000000-0000-006e-ffff-ffff000000dc/value' to command name 'setValue'
&amp#27;[38;5;32m[AndroidUiautomator2Driver@2dda (735db5ca)]&amp#27;[0m Added 'value' property ["S","h","e","t","t","y"," ","M","r"] to 'setValue' request body
&amp#27;[38;5;32m[AndroidUiautomator2Driver@2dda (735db5ca)]&amp#27;[0m Proxying [POST /element/00000000-0000-006e-ffff-ffff000000dc/value] to [POST http://127.0.0.1:8201/session/0a6d7faf-2b8f-4219-871a-f868e2a954d8/element/00000000-0000-006e-ffff-ffff000000dc/value] with body: {"elementId":"00000000-0000-006e-ffff-ffff000000dc","text":"Shetty Mr","replace":false,"value":["S","h","e","t","t","y"," ","M","r"]}
&amp#27;[38;5;32m[AndroidUiautomator2Driver@2dda (735db5ca)]&amp#27;[0m Got response with status 200: {"sessionId":"0a6d7faf-2b8f-4219-871a-f868e2a954d8","value":null}
&amp#27;[38;5;32m[AndroidUiautomator2Driver@2dda (735db5ca)]&amp#27;[0m Responding to client with driver.setValue() result: null
&amp#27;[38;5;0m[HTTP]&amp#27;[0m <-- POST /session/735db5ca-b012-4c7d-a1ea-a2adf462b809/element/00000000-0000-006e-ffff-ffff000000dc/value 200 713 ms - 14
&amp#27;[38;5;0m[HTTP]&amp#27;[0m 
&amp#27;[38;5;0m[HTTP]&amp#27;[0m &amp#27;[37m-->&amp#27;[39m &amp#27;[37mPOST&amp#27;[39m &amp#27;[37m/session/735db5ca-b012-4c7d-a1ea-a2adf462b809/execute/sync&amp#27;[39m
&amp#27;[38;5;0m[HTTP]&amp#27;[0m {"script":"mobile: hideKeyboard","args":[]}
&amp#27;[38;5;32m[AndroidUiautomator2Driver@2dda (735db5ca)]&amp#27;[0m Calling AppiumDriver.execute() with args: ["mobile: hideKeyboard",[],"735db5ca-b012-4c7d-a1ea-a2adf462b809"]
&amp#27;[38;5;32m[AndroidUiautomator2Driver@2dda (735db5ca)]&amp#27;[0m Executing native command 'mobile: hideKeyboard'
&amp#27;[38;5;48m[ADB]&amp#27;[0m Running '/Users/stefanstefanov/Library/Android/sdk/platform-tools/adb -P 5037 -s emulator-5554 shell dumpsys input_method'
&amp#27;[38;5;48m[ADB]&amp#27;[0m Keyboard has no UI; no closing necessary
&amp#27;[38;5;32m[AndroidUiautomator2Driver@2dda (735db5ca)]&amp#27;[0m Responding to client with driver.execute() result: false
&amp#27;[38;5;0m[HTTP]&amp#27;[0m <-- POST /session/735db5ca-b012-4c7d-a1ea-a2adf462b809/execute/sync 200 371 ms - 15
&amp#27;[38;5;0m[HTTP]&amp#27;[0m 
&amp#27;[38;5;0m[HTTP]&amp#27;[0m &amp#27;[37m-->&amp#27;[39m &amp#27;[37mGET&amp#27;[39m &amp#27;[37m/session/735db5ca-b012-4c7d-a1ea-a2adf462b809/context&amp#27;[39m
&amp#27;[38;5;0m[HTTP]&amp#27;[0m {}
&amp#27;[38;5;32m[AndroidUiautomator2Driver@2dda (735db5ca)]&amp#27;[0m Calling AppiumDriver.getCurrentContext() with args: ["735db5ca-b012-4c7d-a1ea-a2adf462b809"]
&amp#27;[38;5;32m[AndroidUiautomator2Driver@2dda (735db5ca)]&amp#27;[0m Responding to client with driver.getCurrentContext() result: "NATIVE_APP"
&amp#27;[38;5;0m[HTTP]&amp#27;[0m <-- GET /session/735db5ca-b012-4c7d-a1ea-a2adf462b809/context 200 1 ms - 22
&amp#27;[38;5;0m[HTTP]&amp#27;[0m 
&amp#27;[38;5;0m[HTTP]&amp#27;[0m &amp#27;[37m-->&amp#27;[39m &amp#27;[37mPOST&amp#27;[39m &amp#27;[37m/session/735db5ca-b012-4c7d-a1ea-a2adf462b809/element&amp#27;[39m
&amp#27;[38;5;0m[HTTP]&amp#27;[0m {"value":"//android.widget.RadioButton[@text='Male']","using":"xpath"}
&amp#27;[38;5;32m[AndroidUiautomator2Driver@2dda (735db5ca)]&amp#27;[0m Calling AppiumDriver.findElement() with args: ["xpath","//android.widget.RadioButton[@text='Male']","735db5ca-b012-4c7d-a1ea-a2adf462b809"]
&amp#27;[38;5;32m[AndroidUiautomator2Driver@2dda (735db5ca)]&amp#27;[0m Valid locator strategies for this request: xpath, id, class name, accessibility id, css selector, -android uiautomator
&amp#27;[38;5;32m[AndroidUiautomator2Driver@2dda (735db5ca)]&amp#27;[0m Waiting up to 10000 ms for condition
&amp#27;[38;5;32m[AndroidUiautomator2Driver@2dda (735db5ca)]&amp#27;[0m Matched '/element' to command name 'findElement'
&amp#27;[38;5;32m[AndroidUiautomator2Driver@2dda (735db5ca)]&amp#27;[0m Proxying [POST /element] to [POST http://127.0.0.1:8201/session/0a6d7faf-2b8f-4219-871a-f868e2a954d8/element] with body: {"strategy":"xpath","selector":"//android.widget.RadioButton[@text='Male']","context":"","multiple":false}
&amp#27;[38;5;32m[AndroidUiautomator2Driver@2dda (735db5ca)]&amp#27;[0m Got response with status 200: {"sessionId":"0a6d7faf-2b8f-4219-871a-f868e2a954d8","value":{"ELEMENT":"00000000-0000-006e-ffff-ffff000000df","element-6066-11e4-a52e-4f735466cecf":"00000000-0000-006e-ffff-ffff000000df"}}
&amp#27;[38;5;32m[AndroidUiautomator2Driver@2dda (735db5ca)]&amp#27;[0m Responding to client with driver.findElement() result: {"element-6066-11e4-a52e-4f735466cecf":"00000000-0000-006e-ffff-ffff000000df","ELEMENT":"00000000-0000-006e-ffff-ffff000000df"}
&amp#27;[38;5;0m[HTTP]&amp#27;[0m <-- POST /session/735db5ca-b012-4c7d-a1ea-a2adf462b809/element 200 186 ms - 137
&amp#27;[38;5;0m[HTTP]&amp#27;[0m 
&amp#27;[38;5;0m[HTTP]&amp#27;[0m &amp#27;[37m-->&amp#27;[39m &amp#27;[37mPOST&amp#27;[39m &amp#27;[37m/session/735db5ca-b012-4c7d-a1ea-a2adf462b809/element/00000000-0000-006e-ffff-ffff000000df/click&amp#27;[39m
&amp#27;[38;5;0m[HTTP]&amp#27;[0m {"id":"00000000-0000-006e-ffff-ffff000000df"}
&amp#27;[38;5;32m[AndroidUiautomator2Driver@2dda (735db5ca)]&amp#27;[0m Calling AppiumDriver.click() with args: ["00000000-0000-006e-ffff-ffff000000df","735db5ca-b012-4c7d-a1ea-a2adf462b809"]
&amp#27;[38;5;32m[AndroidUiautomator2Driver@2dda (735db5ca)]&amp#27;[0m Matched '/element/00000000-0000-006e-ffff-ffff000000df/click' to command name 'click'
&amp#27;[38;5;32m[AndroidUiautomator2Driver@2dda (735db5ca)]&amp#27;[0m Proxying [POST /element/00000000-0000-006e-ffff-ffff000000df/click] to [POST http://127.0.0.1:8201/session/0a6d7faf-2b8f-4219-871a-f868e2a954d8/element/00000000-0000-006e-ffff-ffff000000df/click] with body: {"element":"00000000-0000-006e-ffff-ffff000000df"}
&amp#27;[38;5;32m[AndroidUiautomator2Driver@2dda (735db5ca)]&amp#27;[0m Got response with status 200: {"sessionId":"0a6d7faf-2b8f-4219-871a-f868e2a954d8","value":null}
&amp#27;[38;5;32m[AndroidUiautomator2Driver@2dda (735db5ca)]&amp#27;[0m Responding to client with driver.click() result: null
&amp#27;[38;5;0m[HTTP]&amp#27;[0m <-- POST /session/735db5ca-b012-4c7d-a1ea-a2adf462b809/element/00000000-0000-006e-ffff-ffff000000df/click 200 107 ms - 14
&amp#27;[38;5;0m[HTTP]&amp#27;[0m 
&amp#27;[38;5;0m[HTTP]&amp#27;[0m &amp#27;[37m-->&amp#27;[39m &amp#27;[37mGET&amp#27;[39m &amp#27;[37m/session/735db5ca-b012-4c7d-a1ea-a2adf462b809/context&amp#27;[39m
&amp#27;[38;5;0m[HTTP]&amp#27;[0m {}
&amp#27;[38;5;32m[AndroidUiautomator2Driver@2dda (735db5ca)]&amp#27;[0m Calling AppiumDriver.getCurrentContext() with args: ["735db5ca-b012-4c7d-a1ea-a2adf462b809"]
&amp#27;[38;5;32m[AndroidUiautomator2Driver@2dda (735db5ca)]&amp#27;[0m Responding to client with driver.getCurrentContext() result: "NATIVE_APP"
&amp#27;[38;5;0m[HTTP]&amp#27;[0m <-- GET /session/735db5ca-b012-4c7d-a1ea-a2adf462b809/context 200 2 ms - 22
&amp#27;[38;5;0m[HTTP]&amp#27;[0m 
&amp#27;[38;5;0m[HTTP]&amp#27;[0m &amp#27;[37m-->&amp#27;[39m &amp#27;[37mPOST&amp#27;[39m &amp#27;[37m/session/735db5ca-b012-4c7d-a1ea-a2adf462b809/element&amp#27;[39m
&amp#27;[38;5;0m[HTTP]&amp#27;[0m {"value":"android:id/text1","using":"id"}
&amp#27;[38;5;32m[AndroidUiautomator2Driver@2dda (735db5ca)]&amp#27;[0m Calling AppiumDriver.findElement() with args: ["id","android:id/text1","735db5ca-b012-4c7d-a1ea-a2adf462b809"]
&amp#27;[38;5;32m[AndroidUiautomator2Driver@2dda (735db5ca)]&amp#27;[0m Valid locator strategies for this request: xpath, id, class name, accessibility id, css selector, -android uiautomator
&amp#27;[38;5;32m[AndroidUiautomator2Driver@2dda (735db5ca)]&amp#27;[0m Waiting up to 10000 ms for condition
&amp#27;[38;5;32m[AndroidUiautomator2Driver@2dda (735db5ca)]&amp#27;[0m Matched '/element' to command name 'findElement'
&amp#27;[38;5;32m[AndroidUiautomator2Driver@2dda (735db5ca)]&amp#27;[0m Proxying [POST /element] to [POST http://127.0.0.1:8201/session/0a6d7faf-2b8f-4219-871a-f868e2a954d8/element] with body: {"strategy":"id","selector":"android:id/text1","context":"","multiple":false}
&amp#27;[38;5;32m[AndroidUiautomator2Driver@2dda (735db5ca)]&amp#27;[0m Got response with status 200: {"sessionId":"0a6d7faf-2b8f-4219-871a-f868e2a954d8","value":{"ELEMENT":"00000000-0000-006e-ffff-ffff000000e4","element-6066-11e4-a52e-4f735466cecf":"00000000-0000-006e-ffff-ffff000000e4"}}
&amp#27;[38;5;32m[AndroidUiautomator2Driver@2dda (735db5ca)]&amp#27;[0m Responding to client with driver.findElement() result: {"element-6066-11e4-a52e-4f735466cecf":"00000000-0000-006e-ffff-ffff000000e4","ELEMENT":"00000000-0000-006e-ffff-ffff000000e4"}
&amp#27;[38;5;0m[HTTP]&amp#27;[0m <-- POST /session/735db5ca-b012-4c7d-a1ea-a2adf462b809/element 200 519 ms - 137
&amp#27;[38;5;0m[HTTP]&amp#27;[0m 
&amp#27;[38;5;0m[HTTP]&amp#27;[0m &amp#27;[37m-->&amp#27;[39m &amp#27;[37mPOST&amp#27;[39m &amp#27;[37m/session/735db5ca-b012-4c7d-a1ea-a2adf462b809/element/00000000-0000-006e-ffff-ffff000000e4/click&amp#27;[39m
&amp#27;[38;5;0m[HTTP]&amp#27;[0m {"id":"00000000-0000-006e-ffff-ffff000000e4"}
&amp#27;[38;5;32m[AndroidUiautomator2Driver@2dda (735db5ca)]&amp#27;[0m Calling AppiumDriver.click() with args: ["00000000-0000-006e-ffff-ffff000000e4","735db5ca-b012-4c7d-a1ea-a2adf462b809"]
&amp#27;[38;5;32m[AndroidUiautomator2Driver@2dda (735db5ca)]&amp#27;[0m Matched '/element/00000000-0000-006e-ffff-ffff000000e4/click' to command name 'click'
&amp#27;[38;5;32m[AndroidUiautomator2Driver@2dda (735db5ca)]&amp#27;[0m Proxying [POST /element/00000000-0000-006e-ffff-ffff000000e4/click] to [POST http://127.0.0.1:8201/session/0a6d7faf-2b8f-4219-871a-f868e2a954d8/element/00000000-0000-006e-ffff-ffff000000e4/click] with body: {"element":"00000000-0000-006e-ffff-ffff000000e4"}
&amp#27;[38;5;32m[AndroidUiautomator2Driver@2dda (735db5ca)]&amp#27;[0m Got response with status 200: {"sessionId":"0a6d7faf-2b8f-4219-871a-f868e2a954d8","value":null}
&amp#27;[38;5;32m[AndroidUiautomator2Driver@2dda (735db5ca)]&amp#27;[0m Responding to client with driver.click() result: null
&amp#27;[38;5;0m[HTTP]&amp#27;[0m <-- POST /session/735db5ca-b012-4c7d-a1ea-a2adf462b809/element/00000000-0000-006e-ffff-ffff000000e4/click 200 134 ms - 14
&amp#27;[38;5;0m[HTTP]&amp#27;[0m 
&amp#27;[38;5;0m[HTTP]&amp#27;[0m &amp#27;[37m-->&amp#27;[39m &amp#27;[37mPOST&amp#27;[39m &amp#27;[37m/session/735db5ca-b012-4c7d-a1ea-a2adf462b809/element&amp#27;[39m
&amp#27;[38;5;0m[HTTP]&amp#27;[0m {"value":"new UiScrollable(new UiSelector()).scrollIntoView(text(\"Argentina\"));","using":"-android uiautomator"}
&amp#27;[38;5;32m[AndroidUiautomator2Driver@2dda (735db5ca)]&amp#27;[0m Calling AppiumDriver.findElement() with args: ["-android uiautomator","new UiScrollable(new UiSelector()).scrollIntoView(text(\"Argentina\"));","735db5ca-b012-4c7d-a1ea-a2adf462b809"]
&amp#27;[38;5;32m[AndroidUiautomator2Driver@2dda (735db5ca)]&amp#27;[0m Valid locator strategies for this request: xpath, id, class name, accessibility id, css selector, -android uiautomator
&amp#27;[38;5;32m[AndroidUiautomator2Driver@2dda (735db5ca)]&amp#27;[0m Waiting up to 10000 ms for condition
&amp#27;[38;5;32m[AndroidUiautomator2Driver@2dda (735db5ca)]&amp#27;[0m Matched '/element' to command name 'findElement'
&amp#27;[38;5;32m[AndroidUiautomator2Driver@2dda (735db5ca)]&amp#27;[0m Proxying [POST /element] to [POST http://127.0.0.1:8201/session/0a6d7faf-2b8f-4219-871a-f868e2a954d8/element] with body: {"strategy":"-android uiautomator","selector":"new UiScrollable(new UiSelector()).scrollIntoView(text(\"Argentina\"));","context":"","multiple":false}
&amp#27;[38;5;32m[AndroidUiautomator2Driver@2dda (735db5ca)]&amp#27;[0m Got response with status 200: {"sessionId":"0a6d7faf-2b8f-4219-871a-f868e2a954d8","value":{"ELEMENT":"00000000-0000-006f-ffff-ffff000000f2","element-6066-11e4-a52e-4f735466cecf":"00000000-0000-006f-ffff-ffff000000f2"}}
&amp#27;[38;5;32m[AndroidUiautomator2Driver@2dda (735db5ca)]&amp#27;[0m Responding to client with driver.findElement() result: {"element-6066-11e4-a52e-4f735466cecf":"00000000-0000-006f-ffff-ffff000000f2","ELEMENT":"00000000-0000-006f-ffff-ffff000000f2"}
&amp#27;[38;5;0m[HTTP]&amp#27;[0m <-- POST /session/735db5ca-b012-4c7d-a1ea-a2adf462b809/element 200 1365 ms - 137
&amp#27;[38;5;0m[HTTP]&amp#27;[0m 
&amp#27;[38;5;0m[HTTP]&amp#27;[0m &amp#27;[37m-->&amp#27;[39m &amp#27;[37mPOST&amp#27;[39m &amp#27;[37m/session/735db5ca-b012-4c7d-a1ea-a2adf462b809/element&amp#27;[39m
&amp#27;[38;5;0m[HTTP]&amp#27;[0m {"value":"//android.widget.TextView[@text='Argentina']","using":"xpath"}
&amp#27;[38;5;32m[AndroidUiautomator2Driver@2dda (735db5ca)]&amp#27;[0m Calling AppiumDriver.findElement() with args: ["xpath","//android.widget.TextView[@text='Argentina']","735db5ca-b012-4c7d-a1ea-a2adf462b809"]
&amp#27;[38;5;32m[AndroidUiautomator2Driver@2dda (735db5ca)]&amp#27;[0m Valid locator strategies for this request: xpath, id, class name, accessibility id, css selector, -android uiautomator
&amp#27;[38;5;32m[AndroidUiautomator2Driver@2dda (735db5ca)]&amp#27;[0m Waiting up to 10000 ms for condition
&amp#27;[38;5;32m[AndroidUiautomator2Driver@2dda (735db5ca)]&amp#27;[0m Matched '/element' to command name 'findElement'
&amp#27;[38;5;32m[AndroidUiautomator2Driver@2dda (735db5ca)]&amp#27;[0m Proxying [POST /element] to [POST http://127.0.0.1:8201/session/0a6d7faf-2b8f-4219-871a-f868e2a954d8/element] with body: {"strategy":"xpath","selector":"//android.widget.TextView[@text='Argentina']","context":"","multiple":false}
&amp#27;[38;5;32m[AndroidUiautomator2Driver@2dda (735db5ca)]&amp#27;[0m Got response with status 200: {"sessionId":"0a6d7faf-2b8f-4219-871a-f868e2a954d8","value":{"ELEMENT":"00000000-0000-006f-ffff-ffff000000f2","element-6066-11e4-a52e-4f735466cecf":"00000000-0000-006f-ffff-ffff000000f2"}}
&amp#27;[38;5;32m[AndroidUiautomator2Driver@2dda (735db5ca)]&amp#27;[0m Responding to client with driver.findElement() result: {"element-6066-11e4-a52e-4f735466cecf":"00000000-0000-006f-ffff-ffff000000f2","ELEMENT":"00000000-0000-006f-ffff-ffff000000f2"}
&amp#27;[38;5;0m[HTTP]&amp#27;[0m <-- POST /session/735db5ca-b012-4c7d-a1ea-a2adf462b809/element 200 114 ms - 137
&amp#27;[38;5;0m[HTTP]&amp#27;[0m 
&amp#27;[38;5;0m[HTTP]&amp#27;[0m &amp#27;[37m-->&amp#27;[39m &amp#27;[37mPOST&amp#27;[39m &amp#27;[37m/session/735db5ca-b012-4c7d-a1ea-a2adf462b809/element/00000000-0000-006f-ffff-ffff000000f2/click&amp#27;[39m
&amp#27;[38;5;0m[HTTP]&amp#27;[0m {"id":"00000000-0000-006f-ffff-ffff000000f2"}
&amp#27;[38;5;32m[AndroidUiautomator2Driver@2dda (735db5ca)]&amp#27;[0m Calling AppiumDriver.click() with args: ["00000000-0000-006f-ffff-ffff000000f2","735db5ca-b012-4c7d-a1ea-a2adf462b809"]
&amp#27;[38;5;32m[AndroidUiautomator2Driver@2dda (735db5ca)]&amp#27;[0m Matched '/element/00000000-0000-006f-ffff-ffff000000f2/click' to command name 'click'
&amp#27;[38;5;32m[AndroidUiautomator2Driver@2dda (735db5ca)]&amp#27;[0m Proxying [POST /element/00000000-0000-006f-ffff-ffff000000f2/click] to [POST http://127.0.0.1:8201/session/0a6d7faf-2b8f-4219-871a-f868e2a954d8/element/00000000-0000-006f-ffff-ffff000000f2/click] with body: {"element":"00000000-0000-006f-ffff-ffff000000f2"}
&amp#27;[38;5;32m[AndroidUiautomator2Driver@2dda (735db5ca)]&amp#27;[0m Got response with status 200: {"sessionId":"0a6d7faf-2b8f-4219-871a-f868e2a954d8","value":null}
&amp#27;[38;5;32m[AndroidUiautomator2Driver@2dda (735db5ca)]&amp#27;[0m Responding to client with driver.click() result: null
&amp#27;[38;5;0m[HTTP]&amp#27;[0m <-- POST /session/735db5ca-b012-4c7d-a1ea-a2adf462b809/element/00000000-0000-006f-ffff-ffff000000f2/click 200 828 ms - 14
&amp#27;[38;5;0m[HTTP]&amp#27;[0m 
&amp#27;[38;5;0m[HTTP]&amp#27;[0m &amp#27;[37m-->&amp#27;[39m &amp#27;[37mGET&amp#27;[39m &amp#27;[37m/session/735db5ca-b012-4c7d-a1ea-a2adf462b809/context&amp#27;[39m
&amp#27;[38;5;0m[HTTP]&amp#27;[0m {}
&amp#27;[38;5;32m[AndroidUiautomator2Driver@2dda (735db5ca)]&amp#27;[0m Calling AppiumDriver.getCurrentContext() with args: ["735db5ca-b012-4c7d-a1ea-a2adf462b809"]
&amp#27;[38;5;32m[AndroidUiautomator2Driver@2dda (735db5ca)]&amp#27;[0m Responding to client with driver.getCurrentContext() result: "NATIVE_APP"
&amp#27;[38;5;0m[HTTP]&amp#27;[0m <-- GET /session/735db5ca-b012-4c7d-a1ea-a2adf462b809/context 200 1 ms - 22
&amp#27;[38;5;0m[HTTP]&amp#27;[0m 
&amp#27;[38;5;0m[HTTP]&amp#27;[0m &amp#27;[37m-->&amp#27;[39m &amp#27;[37mPOST&amp#27;[39m &amp#27;[37m/session/735db5ca-b012-4c7d-a1ea-a2adf462b809/element&amp#27;[39m
&amp#27;[38;5;0m[HTTP]&amp#27;[0m {"value":"com.androidsample.generalstore:id/btnLetsShop","using":"id"}
&amp#27;[38;5;32m[AndroidUiautomator2Driver@2dda (735db5ca)]&amp#27;[0m Calling AppiumDriver.findElement() with args: ["id","com.androidsample.generalstore:id/btnLetsShop","735db5ca-b012-4c7d-a1ea-a2adf462b809"]
&amp#27;[38;5;32m[AndroidUiautomator2Driver@2dda (735db5ca)]&amp#27;[0m Valid locator strategies for this request: xpath, id, class name, accessibility id, css selector, -android uiautomator
&amp#27;[38;5;32m[AndroidUiautomator2Driver@2dda (735db5ca)]&amp#27;[0m Waiting up to 10000 ms for condition
&amp#27;[38;5;32m[AndroidUiautomator2Driver@2dda (735db5ca)]&amp#27;[0m Matched '/element' to command name 'findElement'
&amp#27;[38;5;32m[AndroidUiautomator2Driver@2dda (735db5ca)]&amp#27;[0m Proxying [POST /element] to [POST http://127.0.0.1:8201/session/0a6d7faf-2b8f-4219-871a-f868e2a954d8/element] with body: {"strategy":"id","selector":"com.androidsample.generalstore:id/btnLetsShop","context":"","multiple":false}
&amp#27;[38;5;32m[AndroidUiautomator2Driver@2dda (735db5ca)]&amp#27;[0m Got response with status 200: {"sessionId":"0a6d7faf-2b8f-4219-871a-f868e2a954d8","value":{"ELEMENT":"00000000-0000-006e-ffff-ffff000000e1","element-6066-11e4-a52e-4f735466cecf":"00000000-0000-006e-ffff-ffff000000e1"}}
&amp#27;[38;5;32m[AndroidUiautomator2Driver@2dda (735db5ca)]&amp#27;[0m Responding to client with driver.findElement() result: {"element-6066-11e4-a52e-4f735466cecf":"00000000-0000-006e-ffff-ffff000000e1","ELEMENT":"00000000-0000-006e-ffff-ffff000000e1"}
&amp#27;[38;5;0m[HTTP]&amp#27;[0m <-- POST /session/735db5ca-b012-4c7d-a1ea-a2adf462b809/element 200 66 ms - 137
&amp#27;[38;5;0m[HTTP]&amp#27;[0m 
&amp#27;[38;5;0m[HTTP]&amp#27;[0m &amp#27;[37m-->&amp#27;[39m &amp#27;[37mPOST&amp#27;[39m &amp#27;[37m/session/735db5ca-b012-4c7d-a1ea-a2adf462b809/element/00000000-0000-006e-ffff-ffff000000e1/click&amp#27;[39m
&amp#27;[38;5;0m[HTTP]&amp#27;[0m {"id":"00000000-0000-006e-ffff-ffff000000e1"}
&amp#27;[38;5;32m[AndroidUiautomator2Driver@2dda (735db5ca)]&amp#27;[0m Calling AppiumDriver.click() with args: ["00000000-0000-006e-ffff-ffff000000e1","735db5ca-b012-4c7d-a1ea-a2adf462b809"]
&amp#27;[38;5;32m[AndroidUiautomator2Driver@2dda (735db5ca)]&amp#27;[0m Matched '/element/00000000-0000-006e-ffff-ffff000000e1/click' to command name 'click'
&amp#27;[38;5;32m[AndroidUiautomator2Driver@2dda (735db5ca)]&amp#27;[0m Proxying [POST /element/00000000-0000-006e-ffff-ffff000000e1/click] to [POST http://127.0.0.1:8201/session/0a6d7faf-2b8f-4219-871a-f868e2a954d8/element/00000000-0000-006e-ffff-ffff000000e1/click] with body: {"element":"00000000-0000-006e-ffff-ffff000000e1"}
&amp#27;[38;5;32m[AndroidUiautomator2Driver@2dda (735db5ca)]&amp#27;[0m Got response with status 200: {"sessionId":"0a6d7faf-2b8f-4219-871a-f868e2a954d8","value":null}
&amp#27;[38;5;32m[AndroidUiautomator2Driver@2dda (735db5ca)]&amp#27;[0m Responding to client with driver.click() result: null
&amp#27;[38;5;0m[HTTP]&amp#27;[0m <-- POST /session/735db5ca-b012-4c7d-a1ea-a2adf462b809/element/00000000-0000-006e-ffff-ffff000000e1/click 200 114 ms - 14
&amp#27;[38;5;0m[HTTP]&amp#27;[0m 
&amp#27;[38;5;0m[HTTP]&amp#27;[0m &amp#27;[37m-->&amp#27;[39m &amp#27;[37mGET&amp#27;[39m &amp#27;[37m/session/735db5ca-b012-4c7d-a1ea-a2adf462b809/context&amp#27;[39m
&amp#27;[38;5;0m[HTTP]&amp#27;[0m {}
&amp#27;[38;5;32m[AndroidUiautomator2Driver@2dda (735db5ca)]&amp#27;[0m Calling AppiumDriver.getCurrentContext() with args: ["735db5ca-b012-4c7d-a1ea-a2adf462b809"]
&amp#27;[38;5;32m[AndroidUiautomator2Driver@2dda (735db5ca)]&amp#27;[0m Responding to client with driver.getCurrentContext() result: "NATIVE_APP"
&amp#27;[38;5;0m[HTTP]&amp#27;[0m <-- GET /session/735db5ca-b012-4c7d-a1ea-a2adf462b809/context 200 4 ms - 22
&amp#27;[38;5;0m[HTTP]&amp#27;[0m 
&amp#27;[38;5;0m[HTTP]&amp#27;[0m &amp#27;[37m-->&amp#27;[39m &amp#27;[37mPOST&amp#27;[39m &amp#27;[37m/session/735db5ca-b012-4c7d-a1ea-a2adf462b809/elements&amp#27;[39m
&amp#27;[38;5;0m[HTTP]&amp#27;[0m {"value":"//android.widget.TextView[@text = 'ADD TO CART']","using":"xpath"}
&amp#27;[38;5;32m[AndroidUiautomator2Driver@2dda (735db5ca)]&amp#27;[0m Calling AppiumDriver.findElements() with args: ["xpath","//android.widget.TextView[@text = 'ADD TO CART']","735db5ca-b012-4c7d-a1ea-a2adf462b809"]
&amp#27;[38;5;32m[AndroidUiautomator2Driver@2dda (735db5ca)]&amp#27;[0m Valid locator strategies for this request: xpath, id, class name, accessibility id, css selector, -android uiautomator
&amp#27;[38;5;32m[AndroidUiautomator2Driver@2dda (735db5ca)]&amp#27;[0m Waiting up to 10000 ms for condition
&amp#27;[38;5;32m[AndroidUiautomator2Driver@2dda (735db5ca)]&amp#27;[0m Matched '/elements' to command name 'findElements'
&amp#27;[38;5;32m[AndroidUiautomator2Driver@2dda (735db5ca)]&amp#27;[0m Proxying [POST /elements] to [POST http://127.0.0.1:8201/session/0a6d7faf-2b8f-4219-871a-f868e2a954d8/elements] with body: {"strategy":"xpath","selector":"//android.widget.TextView[@text = 'ADD TO CART']","context":"","multiple":true}
&amp#27;[38;5;32m[AndroidUiautomator2Driver@2dda (735db5ca)]&amp#27;[0m Got response with status 200: {"sessionId":"0a6d7faf-2b8f-4219-871a-f868e2a954d8","value":[]}
&amp#27;[38;5;32m[AndroidUiautomator2Driver@2dda (735db5ca)]&amp#27;[0m Waited for 1702 ms so far
&amp#27;[38;5;32m[AndroidUiautomator2Driver@2dda (735db5ca)]&amp#27;[0m Matched '/elements' to command name 'findElements'
&amp#27;[38;5;32m[AndroidUiautomator2Driver@2dda (735db5ca)]&amp#27;[0m Proxying [POST /elements] to [POST http://127.0.0.1:8201/session/0a6d7faf-2b8f-4219-871a-f868e2a954d8/elements] with body: {"strategy":"xpath","selector":"//android.widget.TextView[@text = 'ADD TO CART']","context":"","multiple":true}
&amp#27;[38;5;32m[AndroidUiautomator2Driver@2dda (735db5ca)]&amp#27;[0m Got response with status 200: {"sessionId":"0a6d7faf-2b8f-4219-871a-f868e2a954d8","value":[{"ELEMENT":"00000000-0000-0070-ffff-ffff00000112","element-6066-11e4-a52e-4f735466cecf":"00000000-0000-0070-ffff-ffff00000112"},{"ELEMENT":"00000000-0000-0070-ffff-ffff0000011a","element-6066-11e4-a52e-4f735466cecf":"00000000-0000-0070-ffff-ffff0000011a"}]}
&amp#27;[38;5;32m[AndroidUiautomator2Driver@2dda (735db5ca)]&amp#27;[0m Responding to client with driver.findElements() result: [{"element-6066-11e4-a52e-4f735466cecf":"00000000-0000-0070-ffff-ffff00000112","ELEMENT":"00000000-0000-0070-ffff-ffff00000112"},{"element-6066-11e4-a52e-4f735466cecf":"00000000-0000-0070-ffff-ffff0000011a","ELEMENT":"00000000-0000-0070-ffff-ffff0000011a"}]
&amp#27;[38;5;0m[HTTP]&amp#27;[0m <-- POST /session/735db5ca-b012-4c7d-a1ea-a2adf462b809/elements 200 2569 ms - 267
&amp#27;[38;5;0m[HTTP]&amp#27;[0m 
&amp#27;[38;5;0m[HTTP]&amp#27;[0m &amp#27;[37m-->&amp#27;[39m &amp#27;[37mPOST&amp#27;[39m &amp#27;[37m/session/735db5ca-b012-4c7d-a1ea-a2adf462b809/element/00000000-0000-0070-ffff-ffff00000112/click&amp#27;[39m
&amp#27;[38;5;0m[HTTP]&amp#27;[0m {"id":"00000000-0000-0070-ffff-ffff00000112"}
&amp#27;[38;5;32m[AndroidUiautomator2Driver@2dda (735db5ca)]&amp#27;[0m Calling AppiumDriver.click() with args: ["00000000-0000-0070-ffff-ffff00000112","735db5ca-b012-4c7d-a1ea-a2adf462b809"]
&amp#27;[38;5;32m[AndroidUiautomator2Driver@2dda (735db5ca)]&amp#27;[0m Matched '/element/00000000-0000-0070-ffff-ffff00000112/click' to command name 'click'
&amp#27;[38;5;32m[AndroidUiautomator2Driver@2dda (735db5ca)]&amp#27;[0m Proxying [POST /element/00000000-0000-0070-ffff-ffff00000112/click] to [POST http://127.0.0.1:8201/session/0a6d7faf-2b8f-4219-871a-f868e2a954d8/element/00000000-0000-0070-ffff-ffff00000112/click] with body: {"element":"00000000-0000-0070-ffff-ffff00000112"}
&amp#27;[38;5;32m[AndroidUiautomator2Driver@2dda (735db5ca)]&amp#27;[0m Got response with status 200: {"sessionId":"0a6d7faf-2b8f-4219-871a-f868e2a954d8","value":null}
&amp#27;[38;5;32m[AndroidUiautomator2Driver@2dda (735db5ca)]&amp#27;[0m Responding to client with driver.click() result: null
&amp#27;[38;5;0m[HTTP]&amp#27;[0m <-- POST /session/735db5ca-b012-4c7d-a1ea-a2adf462b809/element/00000000-0000-0070-ffff-ffff00000112/click 200 548 ms - 14
&amp#27;[38;5;0m[HTTP]&amp#27;[0m 
&amp#27;[38;5;0m[HTTP]&amp#27;[0m &amp#27;[37m-->&amp#27;[39m &amp#27;[37mGET&amp#27;[39m &amp#27;[37m/session/735db5ca-b012-4c7d-a1ea-a2adf462b809/context&amp#27;[39m
&amp#27;[38;5;0m[HTTP]&amp#27;[0m {}
&amp#27;[38;5;32m[AndroidUiautomator2Driver@2dda (735db5ca)]&amp#27;[0m Calling AppiumDriver.getCurrentContext() with args: ["735db5ca-b012-4c7d-a1ea-a2adf462b809"]
&amp#27;[38;5;32m[AndroidUiautomator2Driver@2dda (735db5ca)]&amp#27;[0m Responding to client with driver.getCurrentContext() result: "NATIVE_APP"
&amp#27;[38;5;0m[HTTP]&amp#27;[0m <-- GET /session/735db5ca-b012-4c7d-a1ea-a2adf462b809/context 200 1 ms - 22
&amp#27;[38;5;0m[HTTP]&amp#27;[0m 
&amp#27;[38;5;0m[HTTP]&amp#27;[0m &amp#27;[37m-->&amp#27;[39m &amp#27;[37mPOST&amp#27;[39m &amp#27;[37m/session/735db5ca-b012-4c7d-a1ea-a2adf462b809/elements&amp#27;[39m
&amp#27;[38;5;0m[HTTP]&amp#27;[0m {"value":"//android.widget.TextView[@text = 'ADD TO CART']","using":"xpath"}
&amp#27;[38;5;32m[AndroidUiautomator2Driver@2dda (735db5ca)]&amp#27;[0m Calling AppiumDriver.findElements() with args: ["xpath","//android.widget.TextView[@text = 'ADD TO CART']","735db5ca-b012-4c7d-a1ea-a2adf462b809"]
&amp#27;[38;5;32m[AndroidUiautomator2Driver@2dda (735db5ca)]&amp#27;[0m Valid locator strategies for this request: xpath, id, class name, accessibility id, css selector, -android uiautomator
&amp#27;[38;5;32m[AndroidUiautomator2Driver@2dda (735db5ca)]&amp#27;[0m Waiting up to 10000 ms for condition
&amp#27;[38;5;32m[AndroidUiautomator2Driver@2dda (735db5ca)]&amp#27;[0m Matched '/elements' to command name 'findElements'
&amp#27;[38;5;32m[AndroidUiautomator2Driver@2dda (735db5ca)]&amp#27;[0m Proxying [POST /elements] to [POST http://127.0.0.1:8201/session/0a6d7faf-2b8f-4219-871a-f868e2a954d8/elements] with body: {"strategy":"xpath","selector":"//android.widget.TextView[@text = 'ADD TO CART']","context":"","multiple":true}
&amp#27;[38;5;32m[AndroidUiautomator2Driver@2dda (735db5ca)]&amp#27;[0m Got response with status 200: {"sessionId":"0a6d7faf-2b8f-4219-871a-f868e2a954d8","value":[{"ELEMENT":"00000000-0000-0070-ffff-ffff0000011a","element-6066-11e4-a52e-4f735466cecf":"00000000-0000-0070-ffff-ffff0000011a"}]}
&amp#27;[38;5;32m[AndroidUiautomator2Driver@2dda (735db5ca)]&amp#27;[0m Responding to client with driver.findElements() result: [{"element-6066-11e4-a52e-4f735466cecf":"00000000-0000-0070-ffff-ffff0000011a","ELEMENT":"00000000-0000-0070-ffff-ffff0000011a"}]
&amp#27;[38;5;0m[HTTP]&amp#27;[0m <-- POST /session/735db5ca-b012-4c7d-a1ea-a2adf462b809/elements 200 378 ms - 139
&amp#27;[38;5;0m[HTTP]&amp#27;[0m 
&amp#27;[38;5;0m[HTTP]&amp#27;[0m &amp#27;[37m-->&amp#27;[39m &amp#27;[37mPOST&amp#27;[39m &amp#27;[37m/session/735db5ca-b012-4c7d-a1ea-a2adf462b809/element/00000000-0000-0070-ffff-ffff0000011a/click&amp#27;[39m
&amp#27;[38;5;0m[HTTP]&amp#27;[0m {"id":"00000000-0000-0070-ffff-ffff0000011a"}
&amp#27;[38;5;32m[AndroidUiautomator2Driver@2dda (735db5ca)]&amp#27;[0m Calling AppiumDriver.click() with args: ["00000000-0000-0070-ffff-ffff0000011a","735db5ca-b012-4c7d-a1ea-a2adf462b809"]
&amp#27;[38;5;32m[AndroidUiautomator2Driver@2dda (735db5ca)]&amp#27;[0m Matched '/element/00000000-0000-0070-ffff-ffff0000011a/click' to command name 'click'
&amp#27;[38;5;32m[AndroidUiautomator2Driver@2dda (735db5ca)]&amp#27;[0m Proxying [POST /element/00000000-0000-0070-ffff-ffff0000011a/click] to [POST http://127.0.0.1:8201/session/0a6d7faf-2b8f-4219-871a-f868e2a954d8/element/00000000-0000-0070-ffff-ffff0000011a/click] with body: {"element":"00000000-0000-0070-ffff-ffff0000011a"}
&amp#27;[38;5;32m[AndroidUiautomator2Driver@2dda (735db5ca)]&amp#27;[0m Got response with status 200: {"sessionId":"0a6d7faf-2b8f-4219-871a-f868e2a954d8","value":null}
&amp#27;[38;5;32m[AndroidUiautomator2Driver@2dda (735db5ca)]&amp#27;[0m Responding to client with driver.click() result: null
&amp#27;[38;5;0m[HTTP]&amp#27;[0m <-- POST /session/735db5ca-b012-4c7d-a1ea-a2adf462b809/element/00000000-0000-0070-ffff-ffff0000011a/click 200 580 ms - 14
&amp#27;[38;5;0m[HTTP]&amp#27;[0m 
&amp#27;[38;5;0m[HTTP]&amp#27;[0m &amp#27;[37m-->&amp#27;[39m &amp#27;[37mGET&amp#27;[39m &amp#27;[37m/session/735db5ca-b012-4c7d-a1ea-a2adf462b809/context&amp#27;[39m
&amp#27;[38;5;0m[HTTP]&amp#27;[0m {}
&amp#27;[38;5;32m[AndroidUiautomator2Driver@2dda (735db5ca)]&amp#27;[0m Calling AppiumDriver.getCurrentContext() with args: ["735db5ca-b012-4c7d-a1ea-a2adf462b809"]
&amp#27;[38;5;32m[AndroidUiautomator2Driver@2dda (735db5ca)]&amp#27;[0m Responding to client with driver.getCurrentContext() result: "NATIVE_APP"
&amp#27;[38;5;0m[HTTP]&amp#27;[0m <-- GET /session/735db5ca-b012-4c7d-a1ea-a2adf462b809/context 200 1 ms - 22
&amp#27;[38;5;0m[HTTP]&amp#27;[0m 
&amp#27;[38;5;0m[HTTP]&amp#27;[0m &amp#27;[37m-->&amp#27;[39m &amp#27;[37mPOST&amp#27;[39m &amp#27;[37m/session/735db5ca-b012-4c7d-a1ea-a2adf462b809/element&amp#27;[39m
&amp#27;[38;5;0m[HTTP]&amp#27;[0m {"value":"com.androidsample.generalstore:id/appbar_btn_cart","using":"id"}
&amp#27;[38;5;32m[AndroidUiautomator2Driver@2dda (735db5ca)]&amp#27;[0m Calling AppiumDriver.findElement() with args: ["id","com.androidsample.generalstore:id/appbar_btn_cart","735db5ca-b012-4c7d-a1ea-a2adf462b809"]
&amp#27;[38;5;32m[AndroidUiautomator2Driver@2dda (735db5ca)]&amp#27;[0m Valid locator strategies for this request: xpath, id, class name, accessibility id, css selector, -android uiautomator
&amp#27;[38;5;32m[AndroidUiautomator2Driver@2dda (735db5ca)]&amp#27;[0m Waiting up to 10000 ms for condition
&amp#27;[38;5;32m[AndroidUiautomator2Driver@2dda (735db5ca)]&amp#27;[0m Matched '/element' to command name 'findElement'
&amp#27;[38;5;32m[AndroidUiautomator2Driver@2dda (735db5ca)]&amp#27;[0m Proxying [POST /element] to [POST http://127.0.0.1:8201/session/0a6d7faf-2b8f-4219-871a-f868e2a954d8/element] with body: {"strategy":"id","selector":"com.androidsample.generalstore:id/appbar_btn_cart","context":"","multiple":false}
&amp#27;[38;5;32m[AndroidUiautomator2Driver@2dda (735db5ca)]&amp#27;[0m Got response with status 200: {"sessionId":"0a6d7faf-2b8f-4219-871a-f868e2a954d8","value":{"ELEMENT":"00000000-0000-0070-ffff-ffff00000105","element-6066-11e4-a52e-4f735466cecf":"00000000-0000-0070-ffff-ffff00000105"}}
&amp#27;[38;5;32m[AndroidUiautomator2Driver@2dda (735db5ca)]&amp#27;[0m Responding to client with driver.findElement() result: {"element-6066-11e4-a52e-4f735466cecf":"00000000-0000-0070-ffff-ffff00000105","ELEMENT":"00000000-0000-0070-ffff-ffff00000105"}
&amp#27;[38;5;0m[HTTP]&amp#27;[0m <-- POST /session/735db5ca-b012-4c7d-a1ea-a2adf462b809/element 200 2435 ms - 137
&amp#27;[38;5;0m[HTTP]&amp#27;[0m 
&amp#27;[38;5;0m[HTTP]&amp#27;[0m &amp#27;[37m-->&amp#27;[39m &amp#27;[37mPOST&amp#27;[39m &amp#27;[37m/session/735db5ca-b012-4c7d-a1ea-a2adf462b809/element/00000000-0000-0070-ffff-ffff00000105/click&amp#27;[39m
&amp#27;[38;5;0m[HTTP]&amp#27;[0m {"id":"00000000-0000-0070-ffff-ffff00000105"}
&amp#27;[38;5;32m[AndroidUiautomator2Driver@2dda (735db5ca)]&amp#27;[0m Calling AppiumDriver.click() with args: ["00000000-0000-0070-ffff-ffff00000105","735db5ca-b012-4c7d-a1ea-a2adf462b809"]
&amp#27;[38;5;32m[AndroidUiautomator2Driver@2dda (735db5ca)]&amp#27;[0m Matched '/element/00000000-0000-0070-ffff-ffff00000105/click' to command name 'click'
&amp#27;[38;5;32m[AndroidUiautomator2Driver@2dda (735db5ca)]&amp#27;[0m Proxying [POST /element/00000000-0000-0070-ffff-ffff00000105/click] to [POST http://127.0.0.1:8201/session/0a6d7faf-2b8f-4219-871a-f868e2a954d8/element/00000000-0000-0070-ffff-ffff00000105/click] with body: {"element":"00000000-0000-0070-ffff-ffff00000105"}
&amp#27;[38;5;32m[AndroidUiautomator2Driver@2dda (735db5ca)]&amp#27;[0m Got response with status 200: {"sessionId":"0a6d7faf-2b8f-4219-871a-f868e2a954d8","value":null}
&amp#27;[38;5;32m[AndroidUiautomator2Driver@2dda (735db5ca)]&amp#27;[0m Responding to client with driver.click() result: null
&amp#27;[38;5;0m[HTTP]&amp#27;[0m <-- POST /session/735db5ca-b012-4c7d-a1ea-a2adf462b809/element/00000000-0000-0070-ffff-ffff00000105/click 200 386 ms - 14
&amp#27;[38;5;0m[HTTP]&amp#27;[0m 
&amp#27;[38;5;0m[HTTP]&amp#27;[0m &amp#27;[37m-->&amp#27;[39m &amp#27;[37mGET&amp#27;[39m &amp#27;[37m/session/735db5ca-b012-4c7d-a1ea-a2adf462b809/context&amp#27;[39m
&amp#27;[38;5;0m[HTTP]&amp#27;[0m {}
&amp#27;[38;5;32m[AndroidUiautomator2Driver@2dda (735db5ca)]&amp#27;[0m Calling AppiumDriver.getCurrentContext() with args: ["735db5ca-b012-4c7d-a1ea-a2adf462b809"]
&amp#27;[38;5;32m[AndroidUiautomator2Driver@2dda (735db5ca)]&amp#27;[0m Responding to client with driver.getCurrentContext() result: "NATIVE_APP"
&amp#27;[38;5;0m[HTTP]&amp#27;[0m <-- GET /session/735db5ca-b012-4c7d-a1ea-a2adf462b809/context 200 6 ms - 22
&amp#27;[38;5;0m[HTTP]&amp#27;[0m 
&amp#27;[38;5;0m[HTTP]&amp#27;[0m &amp#27;[37m-->&amp#27;[39m &amp#27;[37mPOST&amp#27;[39m &amp#27;[37m/session/735db5ca-b012-4c7d-a1ea-a2adf462b809/elements&amp#27;[39m
&amp#27;[38;5;0m[HTTP]&amp#27;[0m {"value":"com.androidsample.generalstore:id/productPrice","using":"id"}
&amp#27;[38;5;32m[AndroidUiautomator2Driver@2dda (735db5ca)]&amp#27;[0m Calling AppiumDriver.findElements() with args: ["id","com.androidsample.generalstore:id/productPrice","735db5ca-b012-4c7d-a1ea-a2adf462b809"]
&amp#27;[38;5;32m[AndroidUiautomator2Driver@2dda (735db5ca)]&amp#27;[0m Valid locator strategies for this request: xpath, id, class name, accessibility id, css selector, -android uiautomator
&amp#27;[38;5;32m[AndroidUiautomator2Driver@2dda (735db5ca)]&amp#27;[0m Waiting up to 10000 ms for condition
&amp#27;[38;5;32m[AndroidUiautomator2Driver@2dda (735db5ca)]&amp#27;[0m Matched '/elements' to command name 'findElements'
&amp#27;[38;5;32m[AndroidUiautomator2Driver@2dda (735db5ca)]&amp#27;[0m Proxying [POST /elements] to [POST http://127.0.0.1:8201/session/0a6d7faf-2b8f-4219-871a-f868e2a954d8/elements] with body: {"strategy":"id","selector":"com.androidsample.generalstore:id/productPrice","context":"","multiple":true}
&amp#27;[38;5;32m[AndroidUiautomator2Driver@2dda (735db5ca)]&amp#27;[0m Got response with status 200: {"sessionId":"0a6d7faf-2b8f-4219-871a-f868e2a954d8","value":[{"ELEMENT":"00000000-0000-0071-ffff-ffff00000147","element-6066-11e4-a52e-4f735466cecf":"00000000-0000-0071-ffff-ffff00000147"},{"ELEMENT":"00000000-0000-0071-ffff-ffff0000014f","element-6066-11e4-a52e-4f735466cecf":"00000000-0000-0071-ffff-ffff0000014f"}]}
&amp#27;[38;5;32m[AndroidUiautomator2Driver@2dda (735db5ca)]&amp#27;[0m Responding to client with driver.findElements() result: [{"element-6066-11e4-a52e-4f735466cecf":"00000000-0000-0071-ffff-ffff00000147","ELEMENT":"00000000-0000-0071-ffff-ffff00000147"},{"element-6066-11e4-a52e-4f735466cecf":"00000000-0000-0071-ffff-ffff0000014f","ELEMENT":"00000000-0000-0071-ffff-ffff0000014f"}]
&amp#27;[38;5;0m[HTTP]&amp#27;[0m <-- POST /session/735db5ca-b012-4c7d-a1ea-a2adf462b809/elements 200 10022 ms - 267
&amp#27;[38;5;0m[HTTP]&amp#27;[0m 
&amp#27;[38;5;0m[HTTP]&amp#27;[0m &amp#27;[37m-->&amp#27;[39m &amp#27;[37mGET&amp#27;[39m &amp#27;[37m/session/735db5ca-b012-4c7d-a1ea-a2adf462b809/context&amp#27;[39m
&amp#27;[38;5;0m[HTTP]&amp#27;[0m {}
&amp#27;[38;5;32m[AndroidUiautomator2Driver@2dda (735db5ca)]&amp#27;[0m Calling AppiumDriver.getCurrentContext() with args: ["735db5ca-b012-4c7d-a1ea-a2adf462b809"]
&amp#27;[38;5;32m[AndroidUiautomator2Driver@2dda (735db5ca)]&amp#27;[0m Responding to client with driver.getCurrentContext() result: "NATIVE_APP"
&amp#27;[38;5;0m[HTTP]&amp#27;[0m <-- GET /session/735db5ca-b012-4c7d-a1ea-a2adf462b809/context 200 3 ms - 22
&amp#27;[38;5;0m[HTTP]&amp#27;[0m 
&amp#27;[38;5;0m[HTTP]&amp#27;[0m &amp#27;[37m-->&amp#27;[39m &amp#27;[37mPOST&amp#27;[39m &amp#27;[37m/session/735db5ca-b012-4c7d-a1ea-a2adf462b809/elements&amp#27;[39m
&amp#27;[38;5;0m[HTTP]&amp#27;[0m {"value":"com.androidsample.generalstore:id/productPrice","using":"id"}
&amp#27;[38;5;32m[AndroidUiautomator2Driver@2dda (735db5ca)]&amp#27;[0m Calling AppiumDriver.findElements() with args: ["id","com.androidsample.generalstore:id/productPrice","735db5ca-b012-4c7d-a1ea-a2adf462b809"]
&amp#27;[38;5;32m[AndroidUiautomator2Driver@2dda (735db5ca)]&amp#27;[0m Valid locator strategies for this request: xpath, id, class name, accessibility id, css selector, -android uiautomator
&amp#27;[38;5;32m[AndroidUiautomator2Driver@2dda (735db5ca)]&amp#27;[0m Waiting up to 10000 ms for condition
&amp#27;[38;5;32m[AndroidUiautomator2Driver@2dda (735db5ca)]&amp#27;[0m Matched '/elements' to command name 'findElements'
&amp#27;[38;5;32m[AndroidUiautomator2Driver@2dda (735db5ca)]&amp#27;[0m Proxying [POST /elements] to [POST http://127.0.0.1:8201/session/0a6d7faf-2b8f-4219-871a-f868e2a954d8/elements] with body: {"strategy":"id","selector":"com.androidsample.generalstore:id/productPrice","context":"","multiple":true}
&amp#27;[38;5;32m[AndroidUiautomator2Driver@2dda (735db5ca)]&amp#27;[0m Got response with status 200: {"sessionId":"0a6d7faf-2b8f-4219-871a-f868e2a954d8","value":[{"ELEMENT":"00000000-0000-0071-ffff-ffff00000147","element-6066-11e4-a52e-4f735466cecf":"00000000-0000-0071-ffff-ffff00000147"},{"ELEMENT":"00000000-0000-0071-ffff-ffff0000014f","element-6066-11e4-a52e-4f735466cecf":"00000000-0000-0071-ffff-ffff0000014f"}]}
&amp#27;[38;5;32m[AndroidUiautomator2Driver@2dda (735db5ca)]&amp#27;[0m Responding to client with driver.findElements() result: [{"element-6066-11e4-a52e-4f735466cecf":"00000000-0000-0071-ffff-ffff00000147","ELEMENT":"00000000-0000-0071-ffff-ffff00000147"},{"element-6066-11e4-a52e-4f735466cecf":"00000000-0000-0071-ffff-ffff0000014f","ELEMENT":"00000000-0000-0071-ffff-ffff0000014f"}]
&amp#27;[38;5;0m[HTTP]&amp#27;[0m <-- POST /session/735db5ca-b012-4c7d-a1ea-a2adf462b809/elements 200 200 ms - 267
&amp#27;[38;5;0m[HTTP]&amp#27;[0m 
&amp#27;[38;5;0m[HTTP]&amp#27;[0m &amp#27;[37m-->&amp#27;[39m &amp#27;[37mGET&amp#27;[39m &amp#27;[37m/session/735db5ca-b012-4c7d-a1ea-a2adf462b809/element/00000000-0000-0071-ffff-ffff00000147/text&amp#27;[39m
&amp#27;[38;5;0m[HTTP]&amp#27;[0m {}
&amp#27;[38;5;32m[AndroidUiautomator2Driver@2dda (735db5ca)]&amp#27;[0m Driver proxy active, passing request on via HTTP proxy
&amp#27;[38;5;32m[AndroidUiautomator2Driver@2dda (735db5ca)]&amp#27;[0m Matched '/session/735db5ca-b012-4c7d-a1ea-a2adf462b809/element/00000000-0000-0071-ffff-ffff00000147/text' to command name 'getText'
&amp#27;[38;5;32m[AndroidUiautomator2Driver@2dda (735db5ca)]&amp#27;[0m Proxying [GET /session/735db5ca-b012-4c7d-a1ea-a2adf462b809/element/00000000-0000-0071-ffff-ffff00000147/text] to [GET http://127.0.0.1:8201/session/0a6d7faf-2b8f-4219-871a-f868e2a954d8/element/00000000-0000-0071-ffff-ffff00000147/text] with no body
&amp#27;[38;5;32m[AndroidUiautomator2Driver@2dda (735db5ca)]&amp#27;[0m Got response with status 200: {"sessionId":"0a6d7faf-2b8f-4219-871a-f868e2a954d8","value":"$160.97"}
&amp#27;[38;5;32m[AndroidUiautomator2Driver@2dda (735db5ca)]&amp#27;[0m Replacing sessionId 0a6d7faf-2b8f-4219-871a-f868e2a954d8 with 735db5ca-b012-4c7d-a1ea-a2adf462b809
&amp#27;[38;5;0m[HTTP]&amp#27;[0m <-- GET /session/735db5ca-b012-4c7d-a1ea-a2adf462b809/element/00000000-0000-0071-ffff-ffff00000147/text 200 69 ms - 70
&amp#27;[38;5;0m[HTTP]&amp#27;[0m 
&amp#27;[38;5;0m[HTTP]&amp#27;[0m &amp#27;[37m-->&amp#27;[39m &amp#27;[37mGET&amp#27;[39m &amp#27;[37m/session/735db5ca-b012-4c7d-a1ea-a2adf462b809/context&amp#27;[39m
&amp#27;[38;5;0m[HTTP]&amp#27;[0m {}
&amp#27;[38;5;32m[AndroidUiautomator2Driver@2dda (735db5ca)]&amp#27;[0m Calling AppiumDriver.getCurrentContext() with args: ["735db5ca-b012-4c7d-a1ea-a2adf462b809"]
&amp#27;[38;5;32m[AndroidUiautomator2Driver@2dda (735db5ca)]&amp#27;[0m Responding to client with driver.getCurrentContext() result: "NATIVE_APP"
&amp#27;[38;5;0m[HTTP]&amp#27;[0m <-- GET /session/735db5ca-b012-4c7d-a1ea-a2adf462b809/context 200 2 ms - 22
&amp#27;[38;5;0m[HTTP]&amp#27;[0m 
&amp#27;[38;5;0m[HTTP]&amp#27;[0m &amp#27;[37m-->&amp#27;[39m &amp#27;[37mPOST&amp#27;[39m &amp#27;[37m/session/735db5ca-b012-4c7d-a1ea-a2adf462b809/elements&amp#27;[39m
&amp#27;[38;5;0m[HTTP]&amp#27;[0m {"value":"com.androidsample.generalstore:id/productPrice","using":"id"}
&amp#27;[38;5;32m[AndroidUiautomator2Driver@2dda (735db5ca)]&amp#27;[0m Calling AppiumDriver.findElements() with args: ["id","com.androidsample.generalstore:id/productPrice","735db5ca-b012-4c7d-a1ea-a2adf462b809"]
&amp#27;[38;5;32m[AndroidUiautomator2Driver@2dda (735db5ca)]&amp#27;[0m Valid locator strategies for this request: xpath, id, class name, accessibility id, css selector, -android uiautomator
&amp#27;[38;5;32m[AndroidUiautomator2Driver@2dda (735db5ca)]&amp#27;[0m Waiting up to 10000 ms for condition
&amp#27;[38;5;32m[AndroidUiautomator2Driver@2dda (735db5ca)]&amp#27;[0m Matched '/elements' to command name 'findElements'
&amp#27;[38;5;32m[AndroidUiautomator2Driver@2dda (735db5ca)]&amp#27;[0m Proxying [POST /elements] to [POST http://127.0.0.1:8201/session/0a6d7faf-2b8f-4219-871a-f868e2a954d8/elements] with body: {"strategy":"id","selector":"com.androidsample.generalstore:id/productPrice","context":"","multiple":true}
&amp#27;[38;5;32m[AndroidUiautomator2Driver@2dda (735db5ca)]&amp#27;[0m Got response with status 200: {"sessionId":"0a6d7faf-2b8f-4219-871a-f868e2a954d8","value":[{"ELEMENT":"00000000-0000-0071-ffff-ffff00000147","element-6066-11e4-a52e-4f735466cecf":"00000000-0000-0071-ffff-ffff00000147"},{"ELEMENT":"00000000-0000-0071-ffff-ffff0000014f","element-6066-11e4-a52e-4f735466cecf":"00000000-0000-0071-ffff-ffff0000014f"}]}
&amp#27;[38;5;32m[AndroidUiautomator2Driver@2dda (735db5ca)]&amp#27;[0m Responding to client with driver.findElements() result: [{"element-6066-11e4-a52e-4f735466cecf":"00000000-0000-0071-ffff-ffff00000147","ELEMENT":"00000000-0000-0071-ffff-ffff00000147"},{"element-6066-11e4-a52e-4f735466cecf":"00000000-0000-0071-ffff-ffff0000014f","ELEMENT":"00000000-0000-0071-ffff-ffff0000014f"}]
&amp#27;[38;5;0m[HTTP]&amp#27;[0m <-- POST /session/735db5ca-b012-4c7d-a1ea-a2adf462b809/elements 200 291 ms - 267
&amp#27;[38;5;0m[HTTP]&amp#27;[0m 
&amp#27;[38;5;0m[HTTP]&amp#27;[0m &amp#27;[37m-->&amp#27;[39m &amp#27;[37mGET&amp#27;[39m &amp#27;[37m/session/735db5ca-b012-4c7d-a1ea-a2adf462b809/element/00000000-0000-0071-ffff-ffff0000014f/text&amp#27;[39m
&amp#27;[38;5;0m[HTTP]&amp#27;[0m {}
&amp#27;[38;5;32m[AndroidUiautomator2Driver@2dda (735db5ca)]&amp#27;[0m Driver proxy active, passing request on via HTTP proxy
&amp#27;[38;5;32m[AndroidUiautomator2Driver@2dda (735db5ca)]&amp#27;[0m Matched '/session/735db5ca-b012-4c7d-a1ea-a2adf462b809/element/00000000-0000-0071-ffff-ffff0000014f/text' to command name 'getText'
&amp#27;[38;5;32m[AndroidUiautomator2Driver@2dda (735db5ca)]&amp#27;[0m Proxying [GET /session/735db5ca-b012-4c7d-a1ea-a2adf462b809/element/00000000-0000-0071-ffff-ffff0000014f/text] to [GET http://127.0.0.1:8201/session/0a6d7faf-2b8f-4219-871a-f868e2a954d8/element/00000000-0000-0071-ffff-ffff0000014f/text] with no body
&amp#27;[38;5;32m[AndroidUiautomator2Driver@2dda (735db5ca)]&amp#27;[0m Got response with status 200: {"sessionId":"0a6d7faf-2b8f-4219-871a-f868e2a954d8","value":"$120.0"}
&amp#27;[38;5;32m[AndroidUiautomator2Driver@2dda (735db5ca)]&amp#27;[0m Replacing sessionId 0a6d7faf-2b8f-4219-871a-f868e2a954d8 with 735db5ca-b012-4c7d-a1ea-a2adf462b809
&amp#27;[38;5;0m[HTTP]&amp#27;[0m <-- GET /session/735db5ca-b012-4c7d-a1ea-a2adf462b809/element/00000000-0000-0071-ffff-ffff0000014f/text 200 50 ms - 69
&amp#27;[38;5;0m[HTTP]&amp#27;[0m 
&amp#27;[38;5;0m[HTTP]&amp#27;[0m &amp#27;[37m-->&amp#27;[39m &amp#27;[37mGET&amp#27;[39m &amp#27;[37m/session/735db5ca-b012-4c7d-a1ea-a2adf462b809/context&amp#27;[39m
&amp#27;[38;5;0m[HTTP]&amp#27;[0m {}
&amp#27;[38;5;32m[AndroidUiautomator2Driver@2dda (735db5ca)]&amp#27;[0m Calling AppiumDriver.getCurrentContext() with args: ["735db5ca-b012-4c7d-a1ea-a2adf462b809"]
&amp#27;[38;5;32m[AndroidUiautomator2Driver@2dda (735db5ca)]&amp#27;[0m Responding to client with driver.getCurrentContext() result: "NATIVE_APP"
&amp#27;[38;5;0m[HTTP]&amp#27;[0m <-- GET /session/735db5ca-b012-4c7d-a1ea-a2adf462b809/context 200 4 ms - 22
&amp#27;[38;5;0m[HTTP]&amp#27;[0m 
&amp#27;[38;5;0m[HTTP]&amp#27;[0m &amp#27;[37m-->&amp#27;[39m &amp#27;[37mPOST&amp#27;[39m &amp#27;[37m/session/735db5ca-b012-4c7d-a1ea-a2adf462b809/element&amp#27;[39m
&amp#27;[38;5;0m[HTTP]&amp#27;[0m {"value":"com.androidsample.generalstore:id/totalAmountLbl","using":"id"}
&amp#27;[38;5;32m[AndroidUiautomator2Driver@2dda (735db5ca)]&amp#27;[0m Calling AppiumDriver.findElement() with args: ["id","com.androidsample.generalstore:id/totalAmountLbl","735db5ca-b012-4c7d-a1ea-a2adf462b809"]
&amp#27;[38;5;32m[AndroidUiautomator2Driver@2dda (735db5ca)]&amp#27;[0m Valid locator strategies for this request: xpath, id, class name, accessibility id, css selector, -android uiautomator
&amp#27;[38;5;32m[AndroidUiautomator2Driver@2dda (735db5ca)]&amp#27;[0m Waiting up to 10000 ms for condition
&amp#27;[38;5;32m[AndroidUiautomator2Driver@2dda (735db5ca)]&amp#27;[0m Matched '/element' to command name 'findElement'
&amp#27;[38;5;32m[AndroidUiautomator2Driver@2dda (735db5ca)]&amp#27;[0m Proxying [POST /element] to [POST http://127.0.0.1:8201/session/0a6d7faf-2b8f-4219-871a-f868e2a954d8/element] with body: {"strategy":"id","selector":"com.androidsample.generalstore:id/totalAmountLbl","context":"","multiple":false}
&amp#27;[38;5;32m[AndroidUiautomator2Driver@2dda (735db5ca)]&amp#27;[0m Got response with status 200: {"sessionId":"0a6d7faf-2b8f-4219-871a-f868e2a954d8","value":{"ELEMENT":"00000000-0000-0071-ffff-ffff0000013b","element-6066-11e4-a52e-4f735466cecf":"00000000-0000-0071-ffff-ffff0000013b"}}
&amp#27;[38;5;32m[AndroidUiautomator2Driver@2dda (735db5ca)]&amp#27;[0m Responding to client with driver.findElement() result: {"element-6066-11e4-a52e-4f735466cecf":"00000000-0000-0071-ffff-ffff0000013b","ELEMENT":"00000000-0000-0071-ffff-ffff0000013b"}
&amp#27;[38;5;0m[HTTP]&amp#27;[0m <-- POST /session/735db5ca-b012-4c7d-a1ea-a2adf462b809/element 200 88 ms - 137
&amp#27;[38;5;0m[HTTP]&amp#27;[0m 
&amp#27;[38;5;0m[HTTP]&amp#27;[0m &amp#27;[37m-->&amp#27;[39m &amp#27;[37mGET&amp#27;[39m &amp#27;[37m/session/735db5ca-b012-4c7d-a1ea-a2adf462b809/element/00000000-0000-0071-ffff-ffff0000013b/text&amp#27;[39m
&amp#27;[38;5;0m[HTTP]&amp#27;[0m {}
&amp#27;[38;5;32m[AndroidUiautomator2Driver@2dda (735db5ca)]&amp#27;[0m Driver proxy active, passing request on via HTTP proxy
&amp#27;[38;5;32m[AndroidUiautomator2Driver@2dda (735db5ca)]&amp#27;[0m Matched '/session/735db5ca-b012-4c7d-a1ea-a2adf462b809/element/00000000-0000-0071-ffff-ffff0000013b/text' to command name 'getText'
&amp#27;[38;5;32m[AndroidUiautomator2Driver@2dda (735db5ca)]&amp#27;[0m Proxying [GET /session/735db5ca-b012-4c7d-a1ea-a2adf462b809/element/00000000-0000-0071-ffff-ffff0000013b/text] to [GET http://127.0.0.1:8201/session/0a6d7faf-2b8f-4219-871a-f868e2a954d8/element/00000000-0000-0071-ffff-ffff0000013b/text] with no body
&amp#27;[38;5;32m[AndroidUiautomator2Driver@2dda (735db5ca)]&amp#27;[0m Got response with status 200: {"sessionId":"0a6d7faf-2b8f-4219-871a-f868e2a954d8","value":"$ 280.97"}
&amp#27;[38;5;32m[AndroidUiautomator2Driver@2dda (735db5ca)]&amp#27;[0m Replacing sessionId 0a6d7faf-2b8f-4219-871a-f868e2a954d8 with 735db5ca-b012-4c7d-a1ea-a2adf462b809
&amp#27;[38;5;0m[HTTP]&amp#27;[0m <-- GET /session/735db5ca-b012-4c7d-a1ea-a2adf462b809/element/00000000-0000-0071-ffff-ffff0000013b/text 200 108 ms - 71
&amp#27;[38;5;0m[HTTP]&amp#27;[0m 
&amp#27;[38;5;0m[HTTP]&amp#27;[0m &amp#27;[37m-->&amp#27;[39m &amp#27;[37mGET&amp#27;[39m &amp#27;[37m/session/735db5ca-b012-4c7d-a1ea-a2adf462b809/context&amp#27;[39m
&amp#27;[38;5;0m[HTTP]&amp#27;[0m {}
&amp#27;[38;5;32m[AndroidUiautomator2Driver@2dda (735db5ca)]&amp#27;[0m Calling AppiumDriver.getCurrentContext() with args: ["735db5ca-b012-4c7d-a1ea-a2adf462b809"]
&amp#27;[38;5;32m[AndroidUiautomator2Driver@2dda (735db5ca)]&amp#27;[0m Responding to client with driver.getCurrentContext() result: "NATIVE_APP"
&amp#27;[38;5;0m[HTTP]&amp#27;[0m <-- GET /session/735db5ca-b012-4c7d-a1ea-a2adf462b809/context 200 2 ms - 22
&amp#27;[38;5;0m[HTTP]&amp#27;[0m 
&amp#27;[38;5;0m[HTTP]&amp#27;[0m &amp#27;[37m-->&amp#27;[39m &amp#27;[37mPOST&amp#27;[39m &amp#27;[37m/session/735db5ca-b012-4c7d-a1ea-a2adf462b809/element&amp#27;[39m
&amp#27;[38;5;0m[HTTP]&amp#27;[0m {"value":"com.androidsample.generalstore:id/termsButton","using":"id"}
&amp#27;[38;5;32m[AndroidUiautomator2Driver@2dda (735db5ca)]&amp#27;[0m Calling AppiumDriver.findElement() with args: ["id","com.androidsample.generalstore:id/termsButton","735db5ca-b012-4c7d-a1ea-a2adf462b809"]
&amp#27;[38;5;32m[AndroidUiautomator2Driver@2dda (735db5ca)]&amp#27;[0m Valid locator strategies for this request: xpath, id, class name, accessibility id, css selector, -android uiautomator
&amp#27;[38;5;32m[AndroidUiautomator2Driver@2dda (735db5ca)]&amp#27;[0m Waiting up to 10000 ms for condition
&amp#27;[38;5;32m[AndroidUiautomator2Driver@2dda (735db5ca)]&amp#27;[0m Matched '/element' to command name 'findElement'
&amp#27;[38;5;32m[AndroidUiautomator2Driver@2dda (735db5ca)]&amp#27;[0m Proxying [POST /element] to [POST http://127.0.0.1:8201/session/0a6d7faf-2b8f-4219-871a-f868e2a954d8/element] with body: {"strategy":"id","selector":"com.androidsample.generalstore:id/termsButton","context":"","multiple":false}
&amp#27;[38;5;32m[AndroidUiautomator2Driver@2dda (735db5ca)]&amp#27;[0m Got response with status 200: {"sessionId":"0a6d7faf-2b8f-4219-871a-f868e2a954d8","value":{"ELEMENT":"00000000-0000-0071-ffff-ffff0000013e","element-6066-11e4-a52e-4f735466cecf":"00000000-0000-0071-ffff-ffff0000013e"}}
&amp#27;[38;5;32m[AndroidUiautomator2Driver@2dda (735db5ca)]&amp#27;[0m Responding to client with driver.findElement() result: {"element-6066-11e4-a52e-4f735466cecf":"00000000-0000-0071-ffff-ffff0000013e","ELEMENT":"00000000-0000-0071-ffff-ffff0000013e"}
&amp#27;[38;5;0m[HTTP]&amp#27;[0m <-- POST /session/735db5ca-b012-4c7d-a1ea-a2adf462b809/element 200 254 ms - 137
&amp#27;[38;5;0m[HTTP]&amp#27;[0m 
&amp#27;[38;5;0m[HTTP]&amp#27;[0m &amp#27;[37m-->&amp#27;[39m &amp#27;[37mPOST&amp#27;[39m &amp#27;[37m/session/735db5ca-b012-4c7d-a1ea-a2adf462b809/execute/sync&amp#27;[39m
&amp#27;[38;5;0m[HTTP]&amp#27;[0m {"script":"mobile: longClickGesture","args":[{"elementId":"00000000-0000-0071-ffff-ffff0000013e","duration":2000}]}
&amp#27;[38;5;32m[AndroidUiautomator2Driver@2dda (735db5ca)]&amp#27;[0m Calling AppiumDriver.execute() with args: ["mobile: longClickGesture",[{"elementId":"00000000-0000-0071-ffff-ffff0000013e","duration":2000}],"735db5ca-b012-4c7d-a1ea-a2adf462b809"]
&amp#27;[38;5;32m[AndroidUiautomator2Driver@2dda (735db5ca)]&amp#27;[0m Executing native command 'mobile: longClickGesture'
&amp#27;[38;5;32m[AndroidUiautomator2Driver@2dda (735db5ca)]&amp#27;[0m Proxying [POST /appium/gestures/long_click] to [POST http://127.0.0.1:8201/session/0a6d7faf-2b8f-4219-871a-f868e2a954d8/appium/gestures/long_click] with body: {"origin":{"ELEMENT":"00000000-0000-0071-ffff-ffff0000013e","element-6066-11e4-a52e-4f735466cecf":"00000000-0000-0071-ffff-ffff0000013e"},"duration":2000}
&amp#27;[38;5;32m[AndroidUiautomator2Driver@2dda (735db5ca)]&amp#27;[0m Got response with status 200: {"sessionId":"0a6d7faf-2b8f-4219-871a-f868e2a954d8","value":null}
&amp#27;[38;5;32m[AndroidUiautomator2Driver@2dda (735db5ca)]&amp#27;[0m Responding to client with driver.execute() result: null
&amp#27;[38;5;0m[HTTP]&amp#27;[0m <-- POST /session/735db5ca-b012-4c7d-a1ea-a2adf462b809/execute/sync 200 5450 ms - 14
&amp#27;[38;5;0m[HTTP]&amp#27;[0m 
&amp#27;[38;5;0m[HTTP]&amp#27;[0m &amp#27;[37m-->&amp#27;[39m &amp#27;[37mGET&amp#27;[39m &amp#27;[37m/session/735db5ca-b012-4c7d-a1ea-a2adf462b809/context&amp#27;[39m
&amp#27;[38;5;0m[HTTP]&amp#27;[0m {}
&amp#27;[38;5;32m[AndroidUiautomator2Driver@2dda (735db5ca)]&amp#27;[0m Calling AppiumDriver.getCurrentContext() with args: ["735db5ca-b012-4c7d-a1ea-a2adf462b809"]
&amp#27;[38;5;32m[AndroidUiautomator2Driver@2dda (735db5ca)]&amp#27;[0m Responding to client with driver.getCurrentContext() result: "NATIVE_APP"
&amp#27;[38;5;0m[HTTP]&amp#27;[0m <-- GET /session/735db5ca-b012-4c7d-a1ea-a2adf462b809/context 200 6 ms - 22
&amp#27;[38;5;0m[HTTP]&amp#27;[0m 
&amp#27;[38;5;0m[HTTP]&amp#27;[0m &amp#27;[37m-->&amp#27;[39m &amp#27;[37mPOST&amp#27;[39m &amp#27;[37m/session/735db5ca-b012-4c7d-a1ea-a2adf462b809/element&amp#27;[39m
&amp#27;[38;5;0m[HTTP]&amp#27;[0m {"value":"android:id/button1","using":"id"}
&amp#27;[38;5;32m[AndroidUiautomator2Driver@2dda (735db5ca)]&amp#27;[0m Calling AppiumDriver.findElement() with args: ["id","android:id/button1","735db5ca-b012-4c7d-a1ea-a2adf462b809"]
&amp#27;[38;5;32m[AndroidUiautomator2Driver@2dda (735db5ca)]&amp#27;[0m Valid locator strategies for this request: xpath, id, class name, accessibility id, css selector, -android uiautomator
&amp#27;[38;5;32m[AndroidUiautomator2Driver@2dda (735db5ca)]&amp#27;[0m Waiting up to 10000 ms for condition
&amp#27;[38;5;32m[AndroidUiautomator2Driver@2dda (735db5ca)]&amp#27;[0m Matched '/element' to command name 'findElement'
&amp#27;[38;5;32m[AndroidUiautomator2Driver@2dda (735db5ca)]&amp#27;[0m Proxying [POST /element] to [POST http://127.0.0.1:8201/session/0a6d7faf-2b8f-4219-871a-f868e2a954d8/element] with body: {"strategy":"id","selector":"android:id/button1","context":"","multiple":false}
&amp#27;[38;5;32m[AndroidUiautomator2Driver@2dda (735db5ca)]&amp#27;[0m Got response with status 200: {"sessionId":"0a6d7faf-2b8f-4219-871a-f868e2a954d8","value":{"ELEMENT":"00000000-0000-0072-ffff-ffff0000016a","element-6066-11e4-a52e-4f735466cecf":"00000000-0000-0072-ffff-ffff0000016a"}}
&amp#27;[38;5;32m[AndroidUiautomator2Driver@2dda (735db5ca)]&amp#27;[0m Responding to client with driver.findElement() result: {"element-6066-11e4-a52e-4f735466cecf":"00000000-0000-0072-ffff-ffff0000016a","ELEMENT":"00000000-0000-0072-ffff-ffff0000016a"}
&amp#27;[38;5;0m[HTTP]&amp#27;[0m <-- POST /session/735db5ca-b012-4c7d-a1ea-a2adf462b809/element 200 68 ms - 137
&amp#27;[38;5;0m[HTTP]&amp#27;[0m 
&amp#27;[38;5;0m[HTTP]&amp#27;[0m &amp#27;[37m-->&amp#27;[39m &amp#27;[37mPOST&amp#27;[39m &amp#27;[37m/session/735db5ca-b012-4c7d-a1ea-a2adf462b809/element/00000000-0000-0072-ffff-ffff0000016a/click&amp#27;[39m
&amp#27;[38;5;0m[HTTP]&amp#27;[0m {"id":"00000000-0000-0072-ffff-ffff0000016a"}
&amp#27;[38;5;32m[AndroidUiautomator2Driver@2dda (735db5ca)]&amp#27;[0m Calling AppiumDriver.click() with args: ["00000000-0000-0072-ffff-ffff0000016a","735db5ca-b012-4c7d-a1ea-a2adf462b809"]
&amp#27;[38;5;32m[AndroidUiautomator2Driver@2dda (735db5ca)]&amp#27;[0m Matched '/element/00000000-0000-0072-ffff-ffff0000016a/click' to command name 'click'
&amp#27;[38;5;32m[AndroidUiautomator2Driver@2dda (735db5ca)]&amp#27;[0m Proxying [POST /element/00000000-0000-0072-ffff-ffff0000016a/click] to [POST http://127.0.0.1:8201/session/0a6d7faf-2b8f-4219-871a-f868e2a954d8/element/00000000-0000-0072-ffff-ffff0000016a/click] with body: {"element":"00000000-0000-0072-ffff-ffff0000016a"}
&amp#27;[38;5;32m[AndroidUiautomator2Driver@2dda (735db5ca)]&amp#27;[0m Got response with status 200: {"sessionId":"0a6d7faf-2b8f-4219-871a-f868e2a954d8","value":null}
&amp#27;[38;5;32m[AndroidUiautomator2Driver@2dda (735db5ca)]&amp#27;[0m Responding to client with driver.click() result: null
&amp#27;[38;5;0m[HTTP]&amp#27;[0m <-- POST /session/735db5ca-b012-4c7d-a1ea-a2adf462b809/element/00000000-0000-0072-ffff-ffff0000016a/click 200 78 ms - 14
&amp#27;[38;5;0m[HTTP]&amp#27;[0m 
&amp#27;[38;5;0m[HTTP]&amp#27;[0m &amp#27;[37m-->&amp#27;[39m &amp#27;[37mGET&amp#27;[39m &amp#27;[37m/session/735db5ca-b012-4c7d-a1ea-a2adf462b809/context&amp#27;[39m
&amp#27;[38;5;0m[HTTP]&amp#27;[0m {}
&amp#27;[38;5;32m[AndroidUiautomator2Driver@2dda (735db5ca)]&amp#27;[0m Calling AppiumDriver.getCurrentContext() with args: ["735db5ca-b012-4c7d-a1ea-a2adf462b809"]
&amp#27;[38;5;32m[AndroidUiautomator2Driver@2dda (735db5ca)]&amp#27;[0m Responding to client with driver.getCurrentContext() result: "NATIVE_APP"
&amp#27;[38;5;0m[HTTP]&amp#27;[0m <-- GET /session/735db5ca-b012-4c7d-a1ea-a2adf462b809/context 200 1 ms - 22
&amp#27;[38;5;0m[HTTP]&amp#27;[0m 
&amp#27;[38;5;0m[HTTP]&amp#27;[0m &amp#27;[37m-->&amp#27;[39m &amp#27;[37mPOST&amp#27;[39m &amp#27;[37m/session/735db5ca-b012-4c7d-a1ea-a2adf462b809/element&amp#27;[39m
&amp#27;[38;5;0m[HTTP]&amp#27;[0m {"value":"android.widget.CheckBox","using":"class name"}
&amp#27;[38;5;32m[AndroidUiautomator2Driver@2dda (735db5ca)]&amp#27;[0m Calling AppiumDriver.findElement() with args: ["class name","android.widget.CheckBox","735db5ca-b012-4c7d-a1ea-a2adf462b809"]
&amp#27;[38;5;32m[AndroidUiautomator2Driver@2dda (735db5ca)]&amp#27;[0m Valid locator strategies for this request: xpath, id, class name, accessibility id, css selector, -android uiautomator
&amp#27;[38;5;32m[AndroidUiautomator2Driver@2dda (735db5ca)]&amp#27;[0m Waiting up to 10000 ms for condition
&amp#27;[38;5;32m[AndroidUiautomator2Driver@2dda (735db5ca)]&amp#27;[0m Matched '/element' to command name 'findElement'
&amp#27;[38;5;32m[AndroidUiautomator2Driver@2dda (735db5ca)]&amp#27;[0m Proxying [POST /element] to [POST http://127.0.0.1:8201/session/0a6d7faf-2b8f-4219-871a-f868e2a954d8/element] with body: {"strategy":"class name","selector":"android.widget.CheckBox","context":"","multiple":false}
&amp#27;[38;5;32m[AndroidUiautomator2Driver@2dda (735db5ca)]&amp#27;[0m Got response with status 200: {"sessionId":"0a6d7faf-2b8f-4219-871a-f868e2a954d8","value":{"ELEMENT":"00000000-0000-0071-ffff-ffff0000013c","element-6066-11e4-a52e-4f735466cecf":"00000000-0000-0071-ffff-ffff0000013c"}}
&amp#27;[38;5;32m[AndroidUiautomator2Driver@2dda (735db5ca)]&amp#27;[0m Responding to client with driver.findElement() result: {"element-6066-11e4-a52e-4f735466cecf":"00000000-0000-0071-ffff-ffff0000013c","ELEMENT":"00000000-0000-0071-ffff-ffff0000013c"}
&amp#27;[38;5;0m[HTTP]&amp#27;[0m <-- POST /session/735db5ca-b012-4c7d-a1ea-a2adf462b809/element 200 510 ms - 137
&amp#27;[38;5;0m[HTTP]&amp#27;[0m 
&amp#27;[38;5;0m[HTTP]&amp#27;[0m &amp#27;[37m-->&amp#27;[39m &amp#27;[37mPOST&amp#27;[39m &amp#27;[37m/session/735db5ca-b012-4c7d-a1ea-a2adf462b809/element/00000000-0000-0071-ffff-ffff0000013c/click&amp#27;[39m
&amp#27;[38;5;0m[HTTP]&amp#27;[0m {"id":"00000000-0000-0071-ffff-ffff0000013c"}
&amp#27;[38;5;32m[AndroidUiautomator2Driver@2dda (735db5ca)]&amp#27;[0m Calling AppiumDriver.click() with args: ["00000000-0000-0071-ffff-ffff0000013c","735db5ca-b012-4c7d-a1ea-a2adf462b809"]
&amp#27;[38;5;32m[AndroidUiautomator2Driver@2dda (735db5ca)]&amp#27;[0m Matched '/element/00000000-0000-0071-ffff-ffff0000013c/click' to command name 'click'
&amp#27;[38;5;32m[AndroidUiautomator2Driver@2dda (735db5ca)]&amp#27;[0m Proxying [POST /element/00000000-0000-0071-ffff-ffff0000013c/click] to [POST http://127.0.0.1:8201/session/0a6d7faf-2b8f-4219-871a-f868e2a954d8/element/00000000-0000-0071-ffff-ffff0000013c/click] with body: {"element":"00000000-0000-0071-ffff-ffff0000013c"}
&amp#27;[38;5;32m[AndroidUiautomator2Driver@2dda (735db5ca)]&amp#27;[0m Got response with status 200: {"sessionId":"0a6d7faf-2b8f-4219-871a-f868e2a954d8","value":null}
&amp#27;[38;5;32m[AndroidUiautomator2Driver@2dda (735db5ca)]&amp#27;[0m Responding to client with driver.click() result: null
&amp#27;[38;5;0m[HTTP]&amp#27;[0m <-- POST /session/735db5ca-b012-4c7d-a1ea-a2adf462b809/element/00000000-0000-0071-ffff-ffff0000013c/click 200 397 ms - 14
&amp#27;[38;5;0m[HTTP]&amp#27;[0m 
&amp#27;[38;5;0m[HTTP]&amp#27;[0m &amp#27;[37m-->&amp#27;[39m &amp#27;[37mGET&amp#27;[39m &amp#27;[37m/session/735db5ca-b012-4c7d-a1ea-a2adf462b809/context&amp#27;[39m
&amp#27;[38;5;0m[HTTP]&amp#27;[0m {}
&amp#27;[38;5;32m[AndroidUiautomator2Driver@2dda (735db5ca)]&amp#27;[0m Calling AppiumDriver.getCurrentContext() with args: ["735db5ca-b012-4c7d-a1ea-a2adf462b809"]
&amp#27;[38;5;32m[AndroidUiautomator2Driver@2dda (735db5ca)]&amp#27;[0m Responding to client with driver.getCurrentContext() result: "NATIVE_APP"
&amp#27;[38;5;0m[HTTP]&amp#27;[0m <-- GET /session/735db5ca-b012-4c7d-a1ea-a2adf462b809/context 200 1 ms - 22
&amp#27;[38;5;0m[HTTP]&amp#27;[0m 
&amp#27;[38;5;0m[HTTP]&amp#27;[0m &amp#27;[37m-->&amp#27;[39m &amp#27;[37mPOST&amp#27;[39m &amp#27;[37m/session/735db5ca-b012-4c7d-a1ea-a2adf462b809/element&amp#27;[39m
&amp#27;[38;5;0m[HTTP]&amp#27;[0m {"value":"com.androidsample.generalstore:id/btnProceed","using":"id"}
&amp#27;[38;5;32m[AndroidUiautomator2Driver@2dda (735db5ca)]&amp#27;[0m Calling AppiumDriver.findElement() with args: ["id","com.androidsample.generalstore:id/btnProceed","735db5ca-b012-4c7d-a1ea-a2adf462b809"]
&amp#27;[38;5;32m[AndroidUiautomator2Driver@2dda (735db5ca)]&amp#27;[0m Valid locator strategies for this request: xpath, id, class name, accessibility id, css selector, -android uiautomator
&amp#27;[38;5;32m[AndroidUiautomator2Driver@2dda (735db5ca)]&amp#27;[0m Waiting up to 10000 ms for condition
&amp#27;[38;5;32m[AndroidUiautomator2Driver@2dda (735db5ca)]&amp#27;[0m Matched '/element' to command name 'findElement'
&amp#27;[38;5;32m[AndroidUiautomator2Driver@2dda (735db5ca)]&amp#27;[0m Proxying [POST /element] to [POST http://127.0.0.1:8201/session/0a6d7faf-2b8f-4219-871a-f868e2a954d8/element] with body: {"strategy":"id","selector":"com.androidsample.generalstore:id/btnProceed","context":"","multiple":false}
&amp#27;[38;5;32m[AndroidUiautomator2Driver@2dda (735db5ca)]&amp#27;[0m Got response with status 200: {"sessionId":"0a6d7faf-2b8f-4219-871a-f868e2a954d8","value":{"ELEMENT":"00000000-0000-0071-ffff-ffff0000013d","element-6066-11e4-a52e-4f735466cecf":"00000000-0000-0071-ffff-ffff0000013d"}}
&amp#27;[38;5;32m[AndroidUiautomator2Driver@2dda (735db5ca)]&amp#27;[0m Responding to client with driver.findElement() result: {"element-6066-11e4-a52e-4f735466cecf":"00000000-0000-0071-ffff-ffff0000013d","ELEMENT":"00000000-0000-0071-ffff-ffff0000013d"}
&amp#27;[38;5;0m[HTTP]&amp#27;[0m <-- POST /session/735db5ca-b012-4c7d-a1ea-a2adf462b809/element 200 420 ms - 137
&amp#27;[38;5;0m[HTTP]&amp#27;[0m 
&amp#27;[38;5;0m[HTTP]&amp#27;[0m &amp#27;[37m-->&amp#27;[39m &amp#27;[37mPOST&amp#27;[39m &amp#27;[37m/session/735db5ca-b012-4c7d-a1ea-a2adf462b809/element/00000000-0000-0071-ffff-ffff0000013d/click&amp#27;[39m
&amp#27;[38;5;0m[HTTP]&amp#27;[0m {"id":"00000000-0000-0071-ffff-ffff0000013d"}
&amp#27;[38;5;32m[AndroidUiautomator2Driver@2dda (735db5ca)]&amp#27;[0m Calling AppiumDriver.click() with args: ["00000000-0000-0071-ffff-ffff0000013d","735db5ca-b012-4c7d-a1ea-a2adf462b809"]
&amp#27;[38;5;32m[AndroidUiautomator2Driver@2dda (735db5ca)]&amp#27;[0m Matched '/element/00000000-0000-0071-ffff-ffff0000013d/click' to command name 'click'
&amp#27;[38;5;32m[AndroidUiautomator2Driver@2dda (735db5ca)]&amp#27;[0m Proxying [POST /element/00000000-0000-0071-ffff-ffff0000013d/click] to [POST http://127.0.0.1:8201/session/0a6d7faf-2b8f-4219-871a-f868e2a954d8/element/00000000-0000-0071-ffff-ffff0000013d/click] with body: {"element":"00000000-0000-0071-ffff-ffff0000013d"}
&amp#27;[38;5;32m[AndroidUiautomator2Driver@2dda (735db5ca)]&amp#27;[0m Got response with status 200: {"sessionId":"0a6d7faf-2b8f-4219-871a-f868e2a954d8","value":null}
&amp#27;[38;5;32m[AndroidUiautomator2Driver@2dda (735db5ca)]&amp#27;[0m Responding to client with driver.click() result: null
&amp#27;[38;5;0m[HTTP]&amp#27;[0m <-- POST /session/735db5ca-b012-4c7d-a1ea-a2adf462b809/element/00000000-0000-0071-ffff-ffff0000013d/click 200 402 ms - 14
&amp#27;[38;5;0m[HTTP]&amp#27;[0m 
]]></system-out>
  </testcase>
  <testcase name="ConfigureAppium" classname="org.rahulshettyacademy.AndroidTest2" time="67.836">
    <failure message="Appium HTTP server is not listening at http://127.0.0.1:4723/ after 20000 ms timeout. Consider increasing the server startup timeout value and check the server log for possible error messages occurrences.&#10;Node.js executable path: /usr/local/bin/node&#10;Arguments: [/usr/local/lib/node_modules/appium/build/lib/main.js, --port, 4723, --address, 127.0.0.1]&#10;Server log: &amp;#27;[35m[Appium]&amp;#27;[39m Welcome to Appium v2.9.0&#10;&amp;#27;[35m[Appium]&amp;#27;[39m Non-default server args:&#10;&amp;#27;[35m[Appium]&amp;#27;[39m { address: &amp;#27;[32m&apos;127.0.0.1&apos;&amp;#27;[39m }&#10;&amp;#27;[35m[Appium]&amp;#27;[39m The autodetected Appium home path: /Users/stefanstefanov&#10;&amp;#27;[35m[Appium]&amp;#27;[39m Attempting to load driver uiautomator2...&#10;&amp;#27;[35m[Appium]&amp;#27;[39m Attempting to load driver xcuitest...&#10;&amp;#27;[35m[Appium]&amp;#27;[39m Attempting to load driver espresso...&#10;&amp;#27;[35m[Appium]&amp;#27;[39m Requiring driver at /Users/stefanstefanov/node_modules/appium-espresso-driver/build/index.js&#10;&amp;#27;[35m[Appium]&amp;#27;[39m Requiring driver at /Users/stefanstefanov/node_modules/appium-uiautomator2-driver/build/index.js&#10;&amp;#27;[35m[Appium]&amp;#27;[39m Requiring driver at /Users/stefanstefanov/node_modules/appium-xcuitest-driver/build/index.js&#10;[Appium] EspressoDriver has been successfully loaded in 7.994s&#10;[Appium] AndroidUiautomator2Driver has been successfully loaded in 7.996s&#10;[Appium] XCUITestDriver has been successfully loaded in 7.996s&#10;[Appium] Attempting to load driver mac2...&#10;[Appium] Attempting to load driver safari...&#10;[Appium] Attempting to load driver chromium...&#10;[Appium] Requiring driver at /Users/stefanstefanov/node_modules/appium-chromium-driver/index.js&#10;" type="io.appium.java_client.service.local.AppiumServerHasNotBeenStartedLocallyException"><![CDATA[io.appium.java_client.service.local.AppiumServerHasNotBeenStartedLocallyException: 
Appium HTTP server is not listening at http://127.0.0.1:4723/ after 20000 ms timeout. Consider increasing the server startup timeout value and check the server log for possible error messages occurrences.
Node.js executable path: /usr/local/bin/node
Arguments: [/usr/local/lib/node_modules/appium/build/lib/main.js, --port, 4723, --address, 127.0.0.1]
Server log: &amp#27;[35m[Appium]&amp#27;[39m Welcome to Appium v2.9.0
&amp#27;[35m[Appium]&amp#27;[39m Non-default server args:
&amp#27;[35m[Appium]&amp#27;[39m { address: &amp#27;[32m'127.0.0.1'&amp#27;[39m }
&amp#27;[35m[Appium]&amp#27;[39m The autodetected Appium home path: /Users/stefanstefanov
&amp#27;[35m[Appium]&amp#27;[39m Attempting to load driver uiautomator2...
&amp#27;[35m[Appium]&amp#27;[39m Attempting to load driver xcuitest...
&amp#27;[35m[Appium]&amp#27;[39m Attempting to load driver espresso...
&amp#27;[35m[Appium]&amp#27;[39m Requiring driver at /Users/stefanstefanov/node_modules/appium-espresso-driver/build/index.js
&amp#27;[35m[Appium]&amp#27;[39m Requiring driver at /Users/stefanstefanov/node_modules/appium-uiautomator2-driver/build/index.js
&amp#27;[35m[Appium]&amp#27;[39m Requiring driver at /Users/stefanstefanov/node_modules/appium-xcuitest-driver/build/index.js
[Appium] EspressoDriver has been successfully loaded in 7.994s
[Appium] AndroidUiautomator2Driver has been successfully loaded in 7.996s
[Appium] XCUITestDriver has been successfully loaded in 7.996s
[Appium] Attempting to load driver mac2...
[Appium] Attempting to load driver safari...
[Appium] Attempting to load driver chromium...
[Appium] Requiring driver at /Users/stefanstefanov/node_modules/appium-chromium-driver/index.js

	at io.appium.java_client.service.local.AppiumDriverLocalService.start(AppiumDriverLocalService.java:192)
	at org.rahulshettyacademy.utils.AppiumUtils.startAppiumServer(AppiumUtils.java:52)
	at org.rahulshettyacademy.TestUtils.AndroidBaseTest.ConfigureAppium(AndroidBaseTest.java:29)
	at java.base/jdk.internal.reflect.DirectMethodHandleAccessor.invoke(DirectMethodHandleAccessor.java:103)
	at java.base/java.lang.reflect.Method.invoke(Method.java:580)
	at org.testng.internal.invokers.MethodInvocationHelper.invokeMethod(MethodInvocationHelper.java:141)
	at org.testng.internal.invokers.MethodInvocationHelper.invokeMethodConsideringTimeout(MethodInvocationHelper.java:71)
	at org.testng.internal.invokers.ConfigInvoker.invokeConfigurationMethod(ConfigInvoker.java:400)
	at org.testng.internal.invokers.ConfigInvoker.invokeConfigurations(ConfigInvoker.java:333)
	at org.testng.internal.invokers.TestMethodWorker.invokeBeforeClassMethods(TestMethodWorker.java:188)
	at org.testng.internal.invokers.TestMethodWorker.run(TestMethodWorker.java:128)
	at java.base/java.util.ArrayList.forEach(ArrayList.java:1597)
	at org.testng.TestRunner.privateRun(TestRunner.java:739)
	at org.testng.TestRunner.run(TestRunner.java:614)
	at org.testng.SuiteRunner.runTest(SuiteRunner.java:421)
	at org.testng.SuiteRunner.runSequentially(SuiteRunner.java:413)
	at org.testng.SuiteRunner.privateRun(SuiteRunner.java:373)
	at org.testng.SuiteRunner.run(SuiteRunner.java:312)
	at org.testng.SuiteRunnerWorker.runSuite(SuiteRunnerWorker.java:52)
	at org.testng.SuiteRunnerWorker.run(SuiteRunnerWorker.java:95)
	at org.testng.TestNG.runSuitesSequentially(TestNG.java:1274)
	at org.testng.TestNG.runSuitesLocally(TestNG.java:1208)
	at org.testng.TestNG.runSuites(TestNG.java:1112)
	at org.testng.TestNG.run(TestNG.java:1079)
	at org.apache.maven.surefire.testng.TestNGExecutor.run(TestNGExecutor.java:308)
	at org.apache.maven.surefire.testng.TestNGXmlTestSuite.execute(TestNGXmlTestSuite.java:71)
	at org.apache.maven.surefire.testng.TestNGProvider.invoke(TestNGProvider.java:113)
	at org.apache.maven.surefire.booter.ForkedBooter.runSuitesInProcess(ForkedBooter.java:385)
	at org.apache.maven.surefire.booter.ForkedBooter.execute(ForkedBooter.java:162)
	at org.apache.maven.surefire.booter.ForkedBooter.run(ForkedBooter.java:507)
	at org.apache.maven.surefire.booter.ForkedBooter.main(ForkedBooter.java:495)
Caused by: io.appium.java_client.service.local.AppiumServerAvailabilityChecker$ConnectionTimeout: ConnectionTimeout
	at io.appium.java_client.service.local.AppiumServerAvailabilityChecker.waitUntilAvailable(AppiumServerAvailabilityChecker.java:72)
	at io.appium.java_client.service.local.AppiumDriverLocalService.ping(AppiumDriverLocalService.java:144)
	at io.appium.java_client.service.local.AppiumDriverLocalService.start(AppiumDriverLocalService.java:185)
	... 30 more
Caused by: java.net.ConnectException: Connection refused
	at java.base/sun.nio.ch.Net.pollConnect(Native Method)
	at java.base/sun.nio.ch.Net.pollConnectNow(Net.java:682)
	at java.base/sun.nio.ch.NioSocketImpl.timedFinishConnect(NioSocketImpl.java:549)
	at java.base/sun.nio.ch.NioSocketImpl.connect(NioSocketImpl.java:592)
	at java.base/java.net.Socket.connect(Socket.java:752)
	at java.base/sun.net.NetworkClient.doConnect(NetworkClient.java:178)
	at java.base/sun.net.www.http.HttpClient.openServer(HttpClient.java:531)
	at java.base/sun.net.www.http.HttpClient.openServer(HttpClient.java:636)
	at java.base/sun.net.www.http.HttpClient.<init>(HttpClient.java:280)
	at java.base/sun.net.www.http.HttpClient.New(HttpClient.java:386)
	at java.base/sun.net.www.http.HttpClient.New(HttpClient.java:408)
	at java.base/sun.net.www.protocol.http.HttpURLConnection.getNewHttpClient(HttpURLConnection.java:1310)
	at java.base/sun.net.www.protocol.http.HttpURLConnection.plainConnect0(HttpURLConnection.java:1243)
	at java.base/sun.net.www.protocol.http.HttpURLConnection.plainConnect(HttpURLConnection.java:1129)
	at java.base/sun.net.www.protocol.http.HttpURLConnection.connect(HttpURLConnection.java:1058)
	at io.appium.java_client.service.local.AppiumServerAvailabilityChecker.connectToUrl(AppiumServerAvailabilityChecker.java:79)
	at io.appium.java_client.service.local.AppiumServerAvailabilityChecker.waitUntilAvailable(AppiumServerAvailabilityChecker.java:61)
	... 32 more
]]></failure>
    <system-out><![CDATA[&amp#27;[38;5;0m[HTTP]&amp#27;[0m &amp#27;[37m-->&amp#27;[39m &amp#27;[37mDELETE&amp#27;[39m &amp#27;[37m/session/735db5ca-b012-4c7d-a1ea-a2adf462b809&amp#27;[39m
&amp#27;[38;5;0m[HTTP]&amp#27;[0m {}
&amp#27;[38;5;32m[AndroidUiautomator2Driver@2dda (735db5ca)]&amp#27;[0m Calling AppiumDriver.deleteSession() with args: ["735db5ca-b012-4c7d-a1ea-a2adf462b809"]
&amp#27;[38;5;16m[AppiumDriver@f19d]&amp#27;[0m Event 'quitSessionRequested' logged at 1720772854214 (11:27:34 GMT+0300 (Eastern European Summer Time))
&amp#27;[38;5;16m[AppiumDriver@f19d]&amp#27;[0m Removing session 735db5ca-b012-4c7d-a1ea-a2adf462b809 from our master session list
&amp#27;[38;5;32m[AndroidUiautomator2Driver@2dda (735db5ca)]&amp#27;[0m Deleting UiAutomator2 session
&amp#27;[38;5;32m[AndroidUiautomator2Driver@2dda (735db5ca)]&amp#27;[0m Deleting UiAutomator2 server session
&amp#27;[38;5;32m[AndroidUiautomator2Driver@2dda (735db5ca)]&amp#27;[0m Matched '/' to command name 'deleteSession'
&amp#27;[38;5;32m[AndroidUiautomator2Driver@2dda (735db5ca)]&amp#27;[0m Proxying [DELETE /] to [DELETE http://127.0.0.1:8201/session/0a6d7faf-2b8f-4219-871a-f868e2a954d8] with no body
&amp#27;[38;5;32m[AndroidUiautomator2Driver@2dda (735db5ca)]&amp#27;[0m Got response with status 200: {"sessionId":"0a6d7faf-2b8f-4219-871a-f868e2a954d8","value":null}
&amp#27;[38;5;48m[ADB]&amp#27;[0m Running '/Users/stefanstefanov/Library/Android/sdk/platform-tools/adb -P 5037 -s emulator-5554 shell dumpsys activity services io.appium.settings/.recorder.RecorderService'
&amp#27;[38;5;48m[ADB]&amp#27;[0m Running '/Users/stefanstefanov/Library/Android/sdk/platform-tools/adb -P 5037 -s emulator-5554 shell am force-stop com.androidsample.generalstore'
&amp#27;[38;5;96m[Instrumentation]&amp#27;[0m .
&amp#27;[38;5;96m[Instrumentation]&amp#27;[0m Time: 59.368
&amp#27;[38;5;96m[Instrumentation]&amp#27;[0m 
&amp#27;[38;5;96m[Instrumentation]&amp#27;[0m OK (1 test)
&amp#27;[38;5;80m[Logcat]&amp#27;[0m Stopping logcat capture
&amp#27;[38;5;48m[ADB]&amp#27;[0m Removing forwarded port socket connection: 8201 
&amp#27;[38;5;48m[ADB]&amp#27;[0m Running '/Users/stefanstefanov/Library/Android/sdk/platform-tools/adb -P 5037 -s emulator-5554 forward --remove tcp:8201'
&amp#27;[38;5;32m[AndroidUiautomator2Driver@2dda (735db5ca)]&amp#27;[0m Restoring hidden api policy to the device default configuration
&amp#27;[38;5;48m[ADB]&amp#27;[0m Running '/Users/stefanstefanov/Library/Android/sdk/platform-tools/adb -P 5037 -s emulator-5554 shell 'settings delete global hidden_api_policy_pre_p_apps;settings delete global hidden_api_policy_p_apps;settings delete global hidden_api_policy''
&amp#27;[38;5;96m[Instrumentation]&amp#27;[0m The process has exited with code 0
&amp#27;[38;5;16m[AppiumDriver@f19d]&amp#27;[0m Event 'quitSessionFinished' logged at 1720772856349 (11:27:36 GMT+0300 (Eastern European Summer Time))
&amp#27;[38;5;16m[AppiumDriver@f19d]&amp#27;[0m Received response: null
&amp#27;[38;5;16m[AppiumDriver@f19d]&amp#27;[0m But deleting session, so not returning
&amp#27;[38;5;16m[AppiumDriver@f19d]&amp#27;[0m Responding to client with driver.deleteSession() result: null
&amp#27;[38;5;0m[HTTP]&amp#27;[0m <-- DELETE /session/735db5ca-b012-4c7d-a1ea-a2adf462b809 200 2137 ms - 14
&amp#27;[38;5;0m[HTTP]&amp#27;[0m 
&amp#27;[35m[Appium]&amp#27;[39m Welcome to Appium v2.9.0
&amp#27;[35m[Appium]&amp#27;[39m Non-default server args:
&amp#27;[35m[Appium]&amp#27;[39m { address: &amp#27;[32m'127.0.0.1'&amp#27;[39m }
&amp#27;[35m[Appium]&amp#27;[39m The autodetected Appium home path: /Users/stefanstefanov
&amp#27;[35m[Appium]&amp#27;[39m Attempting to load driver uiautomator2...
&amp#27;[35m[Appium]&amp#27;[39m Attempting to load driver xcuitest...
&amp#27;[35m[Appium]&amp#27;[39m Attempting to load driver espresso...
&amp#27;[35m[Appium]&amp#27;[39m Requiring driver at /Users/stefanstefanov/node_modules/appium-espresso-driver/build/index.js
&amp#27;[35m[Appium]&amp#27;[39m Requiring driver at /Users/stefanstefanov/node_modules/appium-uiautomator2-driver/build/index.js
&amp#27;[35m[Appium]&amp#27;[39m Requiring driver at /Users/stefanstefanov/node_modules/appium-xcuitest-driver/build/index.js
[Appium] EspressoDriver has been successfully loaded in 7.994s
[Appium] AndroidUiautomator2Driver has been successfully loaded in 7.996s
[Appium] XCUITestDriver has been successfully loaded in 7.996s
[Appium] Attempting to load driver mac2...
[Appium] Attempting to load driver safari...
[Appium] Attempting to load driver chromium...
[Appium] Requiring driver at /Users/stefanstefanov/node_modules/appium-chromium-driver/index.js
]]></system-out>
  </testcase>
  <testcase name="preSetup" classname="org.rahulshettyacademy.AndroidTest2" time="67.838">
    <failure message="Cannot invoke &quot;org.rahulshettyacademy.pageObjects.android.FormPage.setActivity()&quot; because &quot;this.formPage&quot; is null" type="java.lang.NullPointerException"><![CDATA[java.lang.NullPointerException: Cannot invoke "org.rahulshettyacademy.pageObjects.android.FormPage.setActivity()" because "this.formPage" is null
	at org.rahulshettyacademy.AndroidTest2.preSetup(AndroidTest2.java:17)
	at java.base/jdk.internal.reflect.DirectMethodHandleAccessor.invoke(DirectMethodHandleAccessor.java:103)
	at java.base/java.lang.reflect.Method.invoke(Method.java:580)
	at org.testng.internal.invokers.MethodInvocationHelper.invokeMethod(MethodInvocationHelper.java:141)
	at org.testng.internal.invokers.MethodInvocationHelper.invokeMethodConsideringTimeout(MethodInvocationHelper.java:71)
	at org.testng.internal.invokers.ConfigInvoker.invokeConfigurationMethod(ConfigInvoker.java:400)
	at org.testng.internal.invokers.ConfigInvoker.invokeConfigurations(ConfigInvoker.java:333)
	at org.testng.internal.invokers.TestInvoker.runConfigMethods(TestInvoker.java:833)
	at org.testng.internal.invokers.TestInvoker.invokeMethod(TestInvoker.java:600)
	at org.testng.internal.invokers.TestInvoker.invokeTestMethod(TestInvoker.java:230)
	at org.testng.internal.invokers.MethodRunner.runInSequence(MethodRunner.java:63)
	at org.testng.internal.invokers.TestInvoker$MethodInvocationAgent.invoke(TestInvoker.java:992)
	at org.testng.internal.invokers.TestInvoker.invokeTestMethods(TestInvoker.java:203)
	at org.testng.internal.invokers.TestMethodWorker.invokeTestMethods(TestMethodWorker.java:154)
	at org.testng.internal.invokers.TestMethodWorker.run(TestMethodWorker.java:134)
	at java.base/java.util.ArrayList.forEach(ArrayList.java:1597)
	at org.testng.TestRunner.privateRun(TestRunner.java:739)
	at org.testng.TestRunner.run(TestRunner.java:614)
	at org.testng.SuiteRunner.runTest(SuiteRunner.java:421)
	at org.testng.SuiteRunner.runSequentially(SuiteRunner.java:413)
	at org.testng.SuiteRunner.privateRun(SuiteRunner.java:373)
	at org.testng.SuiteRunner.run(SuiteRunner.java:312)
	at org.testng.SuiteRunnerWorker.runSuite(SuiteRunnerWorker.java:52)
	at org.testng.SuiteRunnerWorker.run(SuiteRunnerWorker.java:95)
	at org.testng.TestNG.runSuitesSequentially(TestNG.java:1274)
	at org.testng.TestNG.runSuitesLocally(TestNG.java:1208)
	at org.testng.TestNG.runSuites(TestNG.java:1112)
	at org.testng.TestNG.run(TestNG.java:1079)
	at org.apache.maven.surefire.testng.TestNGExecutor.run(TestNGExecutor.java:308)
	at org.apache.maven.surefire.testng.TestNGXmlTestSuite.execute(TestNGXmlTestSuite.java:71)
	at org.apache.maven.surefire.testng.TestNGProvider.invoke(TestNGProvider.java:113)
	at org.apache.maven.surefire.booter.ForkedBooter.runSuitesInProcess(ForkedBooter.java:385)
	at org.apache.maven.surefire.booter.ForkedBooter.execute(ForkedBooter.java:162)
	at org.apache.maven.surefire.booter.ForkedBooter.run(ForkedBooter.java:507)
	at org.apache.maven.surefire.booter.ForkedBooter.main(ForkedBooter.java:495)
]]></failure>
  </testcase>
  <testcase name="preSetup" classname="org.rahulshettyacademy.AndroidTest2" time="0.015">
    <failure message="Cannot invoke &quot;org.rahulshettyacademy.pageObjects.android.FormPage.setActivity()&quot; because &quot;this.formPage&quot; is null" type="java.lang.NullPointerException"><![CDATA[java.lang.NullPointerException: Cannot invoke "org.rahulshettyacademy.pageObjects.android.FormPage.setActivity()" because "this.formPage" is null
	at org.rahulshettyacademy.AndroidTest2.preSetup(AndroidTest2.java:17)
	at java.base/jdk.internal.reflect.DirectMethodHandleAccessor.invoke(DirectMethodHandleAccessor.java:103)
	at java.base/java.lang.reflect.Method.invoke(Method.java:580)
	at org.testng.internal.invokers.MethodInvocationHelper.invokeMethod(MethodInvocationHelper.java:141)
	at org.testng.internal.invokers.MethodInvocationHelper.invokeMethodConsideringTimeout(MethodInvocationHelper.java:71)
	at org.testng.internal.invokers.ConfigInvoker.invokeConfigurationMethod(ConfigInvoker.java:400)
	at org.testng.internal.invokers.ConfigInvoker.invokeConfigurations(ConfigInvoker.java:333)
	at org.testng.internal.invokers.TestInvoker.runConfigMethods(TestInvoker.java:833)
	at org.testng.internal.invokers.TestInvoker.invokeMethod(TestInvoker.java:600)
	at org.testng.internal.invokers.TestInvoker.invokeTestMethod(TestInvoker.java:230)
	at org.testng.internal.invokers.MethodRunner.runInSequence(MethodRunner.java:63)
	at org.testng.internal.invokers.TestInvoker$MethodInvocationAgent.invoke(TestInvoker.java:992)
	at org.testng.internal.invokers.TestInvoker.invokeTestMethods(TestInvoker.java:203)
	at org.testng.internal.invokers.TestMethodWorker.invokeTestMethods(TestMethodWorker.java:154)
	at org.testng.internal.invokers.TestMethodWorker.run(TestMethodWorker.java:134)
	at java.base/java.util.ArrayList.forEach(ArrayList.java:1597)
	at org.testng.TestRunner.privateRun(TestRunner.java:739)
	at org.testng.TestRunner.run(TestRunner.java:614)
	at org.testng.SuiteRunner.runTest(SuiteRunner.java:421)
	at org.testng.SuiteRunner.runSequentially(SuiteRunner.java:413)
	at org.testng.SuiteRunner.privateRun(SuiteRunner.java:373)
	at org.testng.SuiteRunner.run(SuiteRunner.java:312)
	at org.testng.SuiteRunnerWorker.runSuite(SuiteRunnerWorker.java:52)
	at org.testng.SuiteRunnerWorker.run(SuiteRunnerWorker.java:95)
	at org.testng.TestNG.runSuitesSequentially(TestNG.java:1274)
	at org.testng.TestNG.runSuitesLocally(TestNG.java:1208)
	at org.testng.TestNG.runSuites(TestNG.java:1112)
	at org.testng.TestNG.run(TestNG.java:1079)
	at org.apache.maven.surefire.testng.TestNGExecutor.run(TestNGExecutor.java:308)
	at org.apache.maven.surefire.testng.TestNGXmlTestSuite.execute(TestNGXmlTestSuite.java:71)
	at org.apache.maven.surefire.testng.TestNGProvider.invoke(TestNGProvider.java:113)
	at org.apache.maven.surefire.booter.ForkedBooter.runSuitesInProcess(ForkedBooter.java:385)
	at org.apache.maven.surefire.booter.ForkedBooter.execute(ForkedBooter.java:162)
	at org.apache.maven.surefire.booter.ForkedBooter.run(ForkedBooter.java:507)
	at org.apache.maven.surefire.booter.ForkedBooter.main(ForkedBooter.java:495)
]]></failure>
  </testcase>
  <testcase name="FillForm_ErrorValidation" classname="org.rahulshettyacademy.AndroidTest2" time="0.0">
    <skipped message="Appium HTTP server is not listening at http://127.0.0.1:4723/ after 20000 ms timeout. Consider increasing the server startup timeout value and check the server log for possible error messages occurrences.&#10;Node.js executable path: /usr/local/bin/node&#10;Arguments: [/usr/local/lib/node_modules/appium/build/lib/main.js, --port, 4723, --address, 127.0.0.1]&#10;Server log: &amp;#27;[35m[Appium]&amp;#27;[39m Welcome to Appium v2.9.0&#10;&amp;#27;[35m[Appium]&amp;#27;[39m Non-default server args:&#10;&amp;#27;[35m[Appium]&amp;#27;[39m { address: &amp;#27;[32m&apos;127.0.0.1&apos;&amp;#27;[39m }&#10;&amp;#27;[35m[Appium]&amp;#27;[39m The autodetected Appium home path: /Users/stefanstefanov&#10;&amp;#27;[35m[Appium]&amp;#27;[39m Attempting to load driver uiautomator2...&#10;&amp;#27;[35m[Appium]&amp;#27;[39m Attempting to load driver xcuitest...&#10;&amp;#27;[35m[Appium]&amp;#27;[39m Attempting to load driver espresso...&#10;&amp;#27;[35m[Appium]&amp;#27;[39m Requiring driver at /Users/stefanstefanov/node_modules/appium-espresso-driver/build/index.js&#10;&amp;#27;[35m[Appium]&amp;#27;[39m Requiring driver at /Users/stefanstefanov/node_modules/appium-uiautomator2-driver/build/index.js&#10;&amp;#27;[35m[Appium]&amp;#27;[39m Requiring driver at /Users/stefanstefanov/node_modules/appium-xcuitest-driver/build/index.js&#10;[Appium] EspressoDriver has been successfully loaded in 7.994s&#10;[Appium] AndroidUiautomator2Driver has been successfully loaded in 7.996s&#10;[Appium] XCUITestDriver has been successfully loaded in 7.996s&#10;[Appium] Attempting to load driver mac2...&#10;[Appium] Attempting to load driver safari...&#10;[Appium] Attempting to load driver chromium...&#10;[Appium] Requiring driver at /Users/stefanstefanov/node_modules/appium-chromium-driver/index.js&#10;"/>
  </testcase>
  <testcase name="FillForm_PositiveFlow" classname="org.rahulshettyacademy.AndroidTest2" time="0.0">
    <skipped message="Appium HTTP server is not listening at http://127.0.0.1:4723/ after 20000 ms timeout. Consider increasing the server startup timeout value and check the server log for possible error messages occurrences.&#10;Node.js executable path: /usr/local/bin/node&#10;Arguments: [/usr/local/lib/node_modules/appium/build/lib/main.js, --port, 4723, --address, 127.0.0.1]&#10;Server log: &amp;#27;[35m[Appium]&amp;#27;[39m Welcome to Appium v2.9.0&#10;&amp;#27;[35m[Appium]&amp;#27;[39m Non-default server args:&#10;&amp;#27;[35m[Appium]&amp;#27;[39m { address: &amp;#27;[32m&apos;127.0.0.1&apos;&amp;#27;[39m }&#10;&amp;#27;[35m[Appium]&amp;#27;[39m The autodetected Appium home path: /Users/stefanstefanov&#10;&amp;#27;[35m[Appium]&amp;#27;[39m Attempting to load driver uiautomator2...&#10;&amp;#27;[35m[Appium]&amp;#27;[39m Attempting to load driver xcuitest...&#10;&amp;#27;[35m[Appium]&amp;#27;[39m Attempting to load driver espresso...&#10;&amp;#27;[35m[Appium]&amp;#27;[39m Requiring driver at /Users/stefanstefanov/node_modules/appium-espresso-driver/build/index.js&#10;&amp;#27;[35m[Appium]&amp;#27;[39m Requiring driver at /Users/stefanstefanov/node_modules/appium-uiautomator2-driver/build/index.js&#10;&amp;#27;[35m[Appium]&amp;#27;[39m Requiring driver at /Users/stefanstefanov/node_modules/appium-xcuitest-driver/build/index.js&#10;[Appium] EspressoDriver has been successfully loaded in 7.994s&#10;[Appium] AndroidUiautomator2Driver has been successfully loaded in 7.996s&#10;[Appium] XCUITestDriver has been successfully loaded in 7.996s&#10;[Appium] Attempting to load driver mac2...&#10;[Appium] Attempting to load driver safari...&#10;[Appium] Attempting to load driver chromium...&#10;[Appium] Requiring driver at /Users/stefanstefanov/node_modules/appium-chromium-driver/index.js&#10;"/>
  </testcase>
  <testcase name="tearDown" classname="org.rahulshettyacademy.AndroidTest2" time="0.006">
    <failure message="Cannot invoke &quot;io.appium.java_client.android.AndroidDriver.quit()&quot; because &quot;this.driver&quot; is null" type="java.lang.NullPointerException"><![CDATA[java.lang.NullPointerException: Cannot invoke "io.appium.java_client.android.AndroidDriver.quit()" because "this.driver" is null
	at org.rahulshettyacademy.TestUtils.AndroidBaseTest.tearDown(AndroidBaseTest.java:49)
	at java.base/jdk.internal.reflect.DirectMethodHandleAccessor.invoke(DirectMethodHandleAccessor.java:103)
	at java.base/java.lang.reflect.Method.invoke(Method.java:580)
	at org.testng.internal.invokers.MethodInvocationHelper.invokeMethod(MethodInvocationHelper.java:141)
	at org.testng.internal.invokers.MethodInvocationHelper.invokeMethodConsideringTimeout(MethodInvocationHelper.java:71)
	at org.testng.internal.invokers.ConfigInvoker.invokeConfigurationMethod(ConfigInvoker.java:400)
	at org.testng.internal.invokers.ConfigInvoker.invokeConfigurations(ConfigInvoker.java:333)
	at org.testng.internal.invokers.TestMethodWorker.invokeAfterClassConfigurations(TestMethodWorker.java:238)
	at org.testng.internal.invokers.TestMethodWorker.invokeAfterClassMethods(TestMethodWorker.java:223)
	at org.testng.internal.invokers.TestMethodWorker.run(TestMethodWorker.java:137)
	at java.base/java.util.ArrayList.forEach(ArrayList.java:1597)
	at org.testng.TestRunner.privateRun(TestRunner.java:739)
	at org.testng.TestRunner.run(TestRunner.java:614)
	at org.testng.SuiteRunner.runTest(SuiteRunner.java:421)
	at org.testng.SuiteRunner.runSequentially(SuiteRunner.java:413)
	at org.testng.SuiteRunner.privateRun(SuiteRunner.java:373)
	at org.testng.SuiteRunner.run(SuiteRunner.java:312)
	at org.testng.SuiteRunnerWorker.runSuite(SuiteRunnerWorker.java:52)
	at org.testng.SuiteRunnerWorker.run(SuiteRunnerWorker.java:95)
	at org.testng.TestNG.runSuitesSequentially(TestNG.java:1274)
	at org.testng.TestNG.runSuitesLocally(TestNG.java:1208)
	at org.testng.TestNG.runSuites(TestNG.java:1112)
	at org.testng.TestNG.run(TestNG.java:1079)
	at org.apache.maven.surefire.testng.TestNGExecutor.run(TestNGExecutor.java:308)
	at org.apache.maven.surefire.testng.TestNGXmlTestSuite.execute(TestNGXmlTestSuite.java:71)
	at org.apache.maven.surefire.testng.TestNGProvider.invoke(TestNGProvider.java:113)
	at org.apache.maven.surefire.booter.ForkedBooter.runSuitesInProcess(ForkedBooter.java:385)
	at org.apache.maven.surefire.booter.ForkedBooter.execute(ForkedBooter.java:162)
	at org.apache.maven.surefire.booter.ForkedBooter.run(ForkedBooter.java:507)
	at org.apache.maven.surefire.booter.ForkedBooter.main(ForkedBooter.java:495)
]]></failure>
  </testcase>
  <testcase name="IOSBasicsTest" classname="org.rahulshettyacademy.IOSTest" time="17.82">
    <system-out><![CDATA[&amp#27;[35m[Appium]&amp#27;[39m Welcome to Appium v2.9.0
&amp#27;[35m[Appium]&amp#27;[39m Non-default server args:
&amp#27;[35m[Appium]&amp#27;[39m { address: &amp#27;[32m'127.0.0.1'&amp#27;[39m }
&amp#27;[35m[Appium]&amp#27;[39m The autodetected Appium home path: /Users/stefanstefanov
&amp#27;[35m[Appium]&amp#27;[39m Attempting to load driver uiautomator2...
&amp#27;[35m[Appium]&amp#27;[39m Attempting to load driver xcuitest...
&amp#27;[35m[Appium]&amp#27;[39m Attempting to load driver espresso...
&amp#27;[35m[Appium]&amp#27;[39m Requiring driver at /Users/stefanstefanov/node_modules/appium-uiautomator2-driver/build/index.js
&amp#27;[35m[Appium]&amp#27;[39m Requiring driver at /Users/stefanstefanov/node_modules/appium-xcuitest-driver/build/index.js
&amp#27;[35m[Appium]&amp#27;[39m Requiring driver at /Users/stefanstefanov/node_modules/appium-espresso-driver/build/index.js
[Appium] AndroidUiautomator2Driver has been successfully loaded in 5.474s
[Appium] XCUITestDriver has been successfully loaded in 5.473s
[Appium] EspressoDriver has been successfully loaded in 5.473s
[Appium] Attempting to load driver mac2...
[Appium] Attempting to load driver safari...
[Appium] Attempting to load driver chromium...
[Appium] Requiring driver at /Users/stefanstefanov/node_modules/appium-mac2-driver/build/index.js
[Appium] Mac2Driver has been successfully loaded in 0.232s
[Appium] Requiring driver at /Users/stefanstefanov/node_modules/appium-safari-driver/build/index.js
[Appium] SafariDriver has been successfully loaded in 0.642s
(node:11187) MaxListenersExceededWarning: Possible EventEmitter memory leak detected. 11 exit listeners added to [process]. MaxListeners is 10. Use emitter.setMaxListeners() to increase limit
(Use `node --trace-warnings ...` to show where the warning was created)
[Appium] Attempting to load driver gecko...
[Appium] Attempting to load driver windows...
[Appium] Requiring driver at /Users/stefanstefanov/node_modules/appium-chromium-driver/index.js
[Appium] ChromiumDriver has been successfully loaded in 1.974s
[Appium] Requiring driver at /Users/stefanstefanov/node_modules/appium-geckodriver/build/index.js
[Appium] GeckoDriver has been successfully loaded in 1.487s
[Appium] Requiring driver at /Users/stefanstefanov/node_modules/appium-windows-driver/build/index.js
[Appium] WindowsDriver has been successfully loaded in 1.743s
[Appium] Appium REST http interface listener started on http://127.0.0.1:4723
[Appium] Available drivers:
[Appium]   - uiautomator2@3.5.2 (automationName 'UiAutomator2')
[Appium]   - xcuitest@7.16.2 (automationName 'XCUITest')
[Appium]   - espresso@2.40.2 (automationName 'Espresso')
[Appium]   - mac2@1.17.3 (automationName 'Mac2')
[Appium]   - safari@3.5.14 (automationName 'Safari')
[Appium]   - chromium@1.3.25 (automationName 'Chromium')
[Appium]   - gecko@1.3.5 (automationName 'Gecko')
[Appium]   - windows@2.12.23 (automationName 'Windows')
[Appium] Available plugins:
[Appium]   - execute-driver@3.0.30
[Appium]   - relaxed-caps@1.0.6
[Appium]   - universal-xml@1.0.20
[Appium] No plugins activated. Use the --use-plugins flag with names of plugins to activate
&amp#27;[38;5;0m[HTTP]&amp#27;[0m &amp#27;[37m-->&amp#27;[39m &amp#27;[37mGET&amp#27;[39m &amp#27;[37m/status&amp#27;[39m
&amp#27;[38;5;0m[HTTP]&amp#27;[0m {}
&amp#27;[38;5;16m[AppiumDriver@af40]&amp#27;[0m Calling AppiumDriver.getStatus() with args: []
&amp#27;[38;5;16m[AppiumDriver@af40]&amp#27;[0m Responding to client with driver.getStatus() result: {"ready":true,"message":"The server is ready to accept new connections","build":{"version":"2.9.0"}}
&amp#27;[38;5;0m[HTTP]&amp#27;[0m <-- GET /status 200 6 ms - 110
&amp#27;[38;5;0m[HTTP]&amp#27;[0m 
&amp#27;[38;5;0m[HTTP]&amp#27;[0m Request idempotency key: 9d48e0c4-d6bc-4fd7-8083-1722e002f3f7
&amp#27;[38;5;0m[HTTP]&amp#27;[0m &amp#27;[37m-->&amp#27;[39m &amp#27;[37mPOST&amp#27;[39m &amp#27;[37m/session&amp#27;[39m
&amp#27;[38;5;0m[HTTP]&amp#27;[0m {"capabilities":{"firstMatch":[{"appium:wdaLaunchTimeout":1000000,"appium:deviceName":"iPhone 14 Pro","platformName":"IOS","appium:automationName":"XCuiTest","appium:app":"/Users/stefanstefanov/eclipse-workspace/AppiumFrameworkDesign/src/test/java/org/rahulshettyacademy/resources/UIKitCatalog.app","appium:platformVersion":"16.4"}]}}
&amp#27;[38;5;16m[AppiumDriver@af40]&amp#27;[0m Calling AppiumDriver.createSession() with args: [null,null,{"firstMatch":[{"appium:wdaLaunchTimeout":1000000,"appium:deviceName":"iPhone 14 Pro","platformName":"IOS","appium:automationName":"XCuiTest","appium:app":"/Users/stefanstefanov/eclipse-workspace/AppiumFrameworkDesign/src/test/java/org/rahulshettyacademy/resources/UIKitCatalog.app","appium:platformVersion":"16.4"}]}]
&amp#27;[38;5;16m[AppiumDriver@af40]&amp#27;[0m Event 'newSessionRequested' logged at 1720772902167 (11:28:22 GMT+0300 (Eastern European Summer Time))
[Appium] Attempting to find matching driver for automationName 'XCuiTest' and platformName 'IOS'
[Appium] The 'xcuitest' driver was installed and matched caps.
[Appium] Will require it at /Users/stefanstefanov/node_modules/appium-xcuitest-driver
[Appium] Requiring driver at /Users/stefanstefanov/node_modules/appium-xcuitest-driver/build/index.js
&amp#27;[38;5;16m[AppiumDriver@af40]&amp#27;[0m Appium v2.9.0 creating new XCUITestDriver (v7.16.2) session
&amp#27;[38;5;16m[AppiumDriver@af40]&amp#27;[0m Checking BaseDriver versions for Appium and XCUITestDriver
&amp#27;[38;5;16m[AppiumDriver@af40]&amp#27;[0m Appium's BaseDriver version is 9.9.0
&amp#27;[38;5;16m[AppiumDriver@af40]&amp#27;[0m XCUITestDriver's BaseDriver version is 9.11.1
&amp#27;[38;5;32m[XCUITestDriver@4cc3]&amp#27;[0m undefined
&amp#27;[38;5;32m[XCUITestDriver@4cc3]&amp#27;[0m Creating session with W3C capabilities: {
  "alwaysMatch": {
    "platformName": "IOS",
    "appium:wdaLaunchTimeout": 1000000,
    "appium:deviceName": "iPhone 14 Pro",
    "appium:automationName": "XCuiTest",
    "appium:app": "/Users/stefanstefanov/eclipse-workspace/AppiumFrameworkDesign/src/test/java/org/rahulshettyacademy/resources/UIKitCatalog.app",
    "appium:platformVersion": "16.4"
  },
  "firstMatch": [
    {}
  ]
}
&amp#27;[38;5;32m[XCUITestDriver@4cc3]&amp#27;[0m Session created with session id: 0bb531f7-34f9-405d-a9f7-36fc36c05dad
&amp#27;[38;5;48m[XCUITest]&amp#27;[0m Current user: 'stefanstefanov'
&amp#27;[38;5;32m[XCUITestDriver@4cc3]&amp#27;[0m No real device udid has been provided in capabilities. Will select a matching simulator to run the test.
&amp#27;[38;5;32m[XCUITestDriver@4cc3]&amp#27;[0m iOS SDK Version set to '16.4'
&amp#27;[38;5;32m[XCUITestDriver@4cc3]&amp#27;[0m Looking for an existing Simulator with platformName: iOS, platformVersion: 16.4, deviceName: iPhone 14 Pro
&amp#27;[38;5;32m[XCUITestDriver@4cc3]&amp#27;[0m Constructing iOS simulator for Xcode version 14.3.1 with udid '71BA366C-6427-4A88-B988-B689A80B5A1C'
&amp#27;[38;5;32m[XCUITestDriver@4cc3]&amp#27;[0m Determining device to run tests on: udid: '71BA366C-6427-4A88-B988-B689A80B5A1C', real device: false
&amp#27;[38;5;32m[XCUITestDriver@4cc3]&amp#27;[0m Event 'xcodeDetailsRetrieved' logged at 1720772903018 (11:28:23 GMT+0300 (Eastern European Summer Time))
&amp#27;[38;5;64m[BaseDriver]&amp#27;[0m Using local app '/Users/stefanstefanov/eclipse-workspace/AppiumFrameworkDesign/src/test/java/org/rahulshettyacademy/resources/UIKitCatalog.app'
&amp#27;[38;5;32m[XCUITestDriver@4cc3]&amp#27;[0m Caching the manifest for com.example.apple-samplecode.UICatalog app from a file source using the key '4e96f0925420611b30fd0e1b79532bfbc0b84321'
&amp#27;[38;5;32m[XCUITestDriver@4cc3]&amp#27;[0m Event 'appConfigured' logged at 1720772903033 (11:28:23 GMT+0300 (Eastern European Summer Time))
&amp#27;[38;5;48m[XCUITest]&amp#27;[0m Checking whether app '/Users/stefanstefanov/eclipse-workspace/AppiumFrameworkDesign/src/test/java/org/rahulshettyacademy/resources/UIKitCatalog.app' is actually present on file system
&amp#27;[38;5;48m[XCUITest]&amp#27;[0m App is present
&amp#27;[38;5;32m[XCUITestDriver@4cc3]&amp#27;[0m CFBundleIdentifier: "com.example.apple-samplecode.UICatalog"
&amp#27;[38;5;32m[XCUITestDriver@4cc3]&amp#27;[0m Event 'resetStarted' logged at 1720772903035 (11:28:23 GMT+0300 (Eastern European Summer Time))
&amp#27;[38;5;80m[simctl]&amp#27;[0m Error running 'terminate': An error was encountered processing the command (domain=NSPOSIXErrorDomain, code=3):
Simulator device returned an error for the requested operation.
found nothing to terminate
Underlying error (domain=NSPOSIXErrorDomain, code=3):
	The operation couldn’t be completed. found nothing to terminate
	found nothing to terminate
&amp#27;[38;5;32m[XCUITestDriver@4cc3]&amp#27;[0m Reset: failed to terminate Simulator application with id "com.example.apple-samplecode.UICatalog"
&amp#27;[38;5;32m[XCUITestDriver@4cc3]&amp#27;[0m Not scrubbing third party app in anticipation of uninstall
&amp#27;[38;5;32m[XCUITestDriver@4cc3]&amp#27;[0m Event 'resetComplete' logged at 1720772903519 (11:28:23 GMT+0300 (Eastern European Summer Time))
&amp#27;[38;5;32m[XCUITestDriver@4cc3]&amp#27;[0m Using WDA path: '/Users/stefanstefanov/node_modules/appium-xcuitest-driver/node_modules/appium-webdriveragent'
&amp#27;[38;5;32m[XCUITestDriver@4cc3]&amp#27;[0m Using WDA agent: '/Users/stefanstefanov/node_modules/appium-xcuitest-driver/node_modules/appium-webdriveragent/WebDriverAgent.xcodeproj'
&amp#27;[38;5;96m[IOSSimulatorLog]&amp#27;[0m Starting log capture for iOS Simulator with udid '71BA366C-6427-4A88-B988-B689A80B5A1C' using simctl
&amp#27;[38;5;32m[XCUITestDriver@4cc3]&amp#27;[0m Event 'logCaptureStarted' logged at 1720772904502 (11:28:24 GMT+0300 (Eastern European Summer Time))
&amp#27;[38;5;32m[XCUITestDriver@4cc3]&amp#27;[0m Setting up simulator
&amp#27;[38;5;32m[XCUITestDriver@4cc3]&amp#27;[0m Setting preferences of 71BA366C-6427-4A88-B988-B689A80B5A1C Simulator to {"ConnectHardwareKeyboard":false}
&amp#27;[38;5;32m[XCUITestDriver@4cc3]&amp#27;[0m Setting common Simulator preferences to {"RotateWindowWhenSignaledByGuest":true,"StartLastDeviceOnLaunch":false,"DetachOnWindowClose":false,"AttachBootedOnStart":true,"ConnectHardwareKeyboard":false,"PasteboardAutomaticSync":false}
&amp#27;[38;5;32m[XCUITestDriver@4cc3]&amp#27;[0m Updated 71BA366C-6427-4A88-B988-B689A80B5A1C Simulator preferences at '/Users/stefanstefanov/Library/Preferences/com.apple.iphonesimulator.plist' with {"RotateWindowWhenSignaledByGuest":true,"StartLastDeviceOnLaunch":false,"DetachOnWindowClose":false,"AttachBootedOnStart":true,"ConnectHardwareKeyboard":false,"PasteboardAutomaticSync":false,"DevicePreferences":{"71BA366C-6427-4A88-B988-B689A80B5A1C":{"ConnectHardwareKeyboard":false,"SimulatorExternalDisplay":2114,"ChromeTint":"","SimulatorWindowGeometry":{"49E750AF-0920-4CBA-A80C-2D4853AA9834":{"WindowCenter":"{190, 469.5}","WindowScale":0.8120805369127517}},"SimulatorWindowRotationAngle":0,"SimulatorWindowOrientation":"Portrait"}}}
&amp#27;[38;5;32m[XCUITestDriver@4cc3]&amp#27;[0m Got Simulator UI client PID: 813
&amp#27;[38;5;32m[XCUITestDriver@4cc3]&amp#27;[0m Both Simulator with UDID '71BA366C-6427-4A88-B988-B689A80B5A1C' and the UI client are currently running
&amp#27;[38;5;32m[XCUITestDriver@4cc3]&amp#27;[0m Event 'simStarted' logged at 1720772917367 (11:28:37 GMT+0300 (Eastern European Summer Time))
&amp#27;[38;5;32m[XCUITestDriver@4cc3]&amp#27;[0m Verifying application platform
&amp#27;[38;5;32m[XCUITestDriver@4cc3]&amp#27;[0m CFBundleSupportedPlatforms: ["iPhoneSimulator"]
&amp#27;[38;5;32m[XCUITestDriver@4cc3]&amp#27;[0m CFBundleExecutable: "UIKitCatalog"
&amp#27;[38;5;32m[XCUITestDriver@4cc3]&amp#27;[0m /Users/stefanstefanov/eclipse-workspace/AppiumFrameworkDesign/src/test/java/org/rahulshettyacademy/resources/UIKitCatalog.app/UIKitCatalog: Mach-O 64-bit executable x86_64
&amp#27;[38;5;32m[XCUITestDriver@4cc3]&amp#27;[0m App 'com.example.apple-samplecode.UICatalog' is already installed
&amp#27;[38;5;32m[XCUITestDriver@4cc3]&amp#27;[0m Reset requested. Removing app with id 'com.example.apple-samplecode.UICatalog' from the device
&amp#27;[38;5;32m[XCUITestDriver@4cc3]&amp#27;[0m Installing '/Users/stefanstefanov/eclipse-workspace/AppiumFrameworkDesign/src/test/java/org/rahulshettyacademy/resources/UIKitCatalog.app' on Simulator with UUID '71BA366C-6427-4A88-B988-B689A80B5A1C'...
&amp#27;[38;5;32m[XCUITestDriver@4cc3]&amp#27;[0m The app has been successfully installed in 12519ms
&amp#27;[38;5;32m[XCUITestDriver@4cc3]&amp#27;[0m Event 'appInstalled' logged at 1720772936022 (11:28:56 GMT+0300 (Eastern European Summer Time))
&amp#27;[38;5;32m[XCUITestDriver@4cc3]&amp#27;[0m No obsolete cached processes from previous WDA sessions listening on port 8100 have been found
&amp#27;[38;5;112m[DevCon Factory]&amp#27;[0m Requesting connection for device 71BA366C-6427-4A88-B988-B689A80B5A1C on local port 8100
&amp#27;[38;5;112m[DevCon Factory]&amp#27;[0m Cached connections count: 0
&amp#27;[38;5;112m[DevCon Factory]&amp#27;[0m Successfully requested the connection for 71BA366C-6427-4A88-B988-B689A80B5A1C:8100
&amp#27;[38;5;32m[XCUITestDriver@4cc3]&amp#27;[0m Starting WebDriverAgent initialization with the synchronization key 'XCUITestDriver'
&amp#27;[38;5;128m[WD Proxy]&amp#27;[0m Matched '/status' to command name 'getStatus'
&amp#27;[38;5;128m[WD Proxy]&amp#27;[0m Proxying [GET /status] to [GET http://127.0.0.1:8100/status] with no body
&amp#27;[38;5;128m[WD Proxy]&amp#27;[0m Got response with status 200: {"value":{"build":{"upgradedAt":"1717227464504","version":"8.6.0","time":"Jul  1 2024 12:59:50","productBundleIdentifier":"com.facebook.WebDriverAgentRunner"},"os":{"testmanagerdVersion":28,"name":"iOS","sdkVersion":"16.4","version":"16.4"},"device":"iphone","ios":{"simulatorVersion":"16.4","ip":"192.168.1.4"},"message":"WebDriverAgent is ready to accept commands","state":"success","ready":true},"sessionId":null}
&amp#27;[38;5;32m[XCUITestDriver@4cc3]&amp#27;[0m Upgrade timestamp of the currently bundled WDA: 1717227464504
&amp#27;[38;5;32m[XCUITestDriver@4cc3]&amp#27;[0m Upgrade timestamp of the WDA on the device: 1717227464504
&amp#27;[38;5;32m[XCUITestDriver@4cc3]&amp#27;[0m Will reuse previously cached WDA instance at 'http://127.0.0.1:8100/' with 'com.facebook.WebDriverAgentRunner'. Set the wdaLocalPort capability to a value different from 8100 if this is an undesired behavior.
&amp#27;[38;5;32m[XCUITestDriver@4cc3]&amp#27;[0m Trying to start WebDriverAgent 2 times with 10000ms interval
&amp#27;[38;5;32m[XCUITestDriver@4cc3]&amp#27;[0m These values can be customized by changing wdaStartupRetries/wdaStartupRetryInterval capabilities
&amp#27;[38;5;32m[XCUITestDriver@4cc3]&amp#27;[0m Event 'wdaStartAttempted' logged at 1720772937329 (11:28:57 GMT+0300 (Eastern European Summer Time))
&amp#27;[38;5;32m[XCUITestDriver@4cc3]&amp#27;[0m Using provided WebdriverAgent at 'http://127.0.0.1:8100/'
&amp#27;[38;5;128m[WD Proxy]&amp#27;[0m Matched '/status' to command name 'getStatus'
&amp#27;[38;5;128m[WD Proxy]&amp#27;[0m Proxying [GET /status] to [GET http://127.0.0.1:8100/status] with no body
&amp#27;[38;5;128m[WD Proxy]&amp#27;[0m Got response with status 200: {"value":{"build":{"upgradedAt":"1717227464504","version":"8.6.0","time":"Jul  1 2024 12:59:50","productBundleIdentifier":"com.facebook.WebDriverAgentRunner"},"os":{"testmanagerdVersion":28,"name":"iOS","sdkVersion":"16.4","version":"16.4"},"device":"iphone","ios":{"simulatorVersion":"16.4","ip":"192.168.1.4"},"message":"WebDriverAgent is ready to accept commands","state":"success","ready":true},"sessionId":null}
&amp#27;[38;5;32m[XCUITestDriver@4cc3]&amp#27;[0m Event 'wdaSessionAttempted' logged at 1720772937341 (11:28:57 GMT+0300 (Eastern European Summer Time))
&amp#27;[38;5;32m[XCUITestDriver@4cc3]&amp#27;[0m Sending createSession command to WDA
&amp#27;[38;5;32m[XCUITestDriver@4cc3]&amp#27;[0m Matched '/session' to command name 'createSession'
&amp#27;[38;5;32m[XCUITestDriver@4cc3]&amp#27;[0m Proxying [POST /session] to [POST http://127.0.0.1:8100/session] with body: {"capabilities":{"firstMatch":[{"bundleId":"com.example.apple-samplecode.UICatalog","arguments":[],"environment":{},"eventloopIdleDelaySec":0,"shouldWaitForQuiescence":true,"shouldUseTestManagerForVisibilityDetection":false,"maxTypingFrequency":60,"shouldUseSingletonTestManager":true,"shouldTerminateApp":true,"forceAppLaunch":true,"useNativeCachingStrategy":true,"forceSimulatorSoftwareKeyboardPresence":true}],"alwaysMatch":{}}}
&amp#27;[38;5;32m[XCUITestDriver@4cc3]&amp#27;[0m Got response with status 200: {"value":{"sessionId":"E413EFCB-AD9D-400A-8040-92B14AF9CE29","capabilities":{"sdkVersion":"16.4","device":"iphone"}},"sessionId":"E413EFCB-AD9D-400A-8040-92B14AF9CE29"}
&amp#27;[38;5;32m[XCUITestDriver@4cc3]&amp#27;[0m Determined the downstream protocol as 'W3C'
&amp#27;[38;5;32m[XCUITestDriver@4cc3]&amp#27;[0m WDA session startup took 9572ms
&amp#27;[38;5;32m[XCUITestDriver@4cc3]&amp#27;[0m Event 'wdaSessionStarted' logged at 1720772946919 (11:29:06 GMT+0300 (Eastern European Summer Time))
&amp#27;[38;5;32m[XCUITestDriver@4cc3]&amp#27;[0m Event 'wdaStarted' logged at 1720772946920 (11:29:06 GMT+0300 (Eastern European Summer Time))
&amp#27;[38;5;64m[BaseDriver]&amp#27;[0m The value of 'elementResponseAttributes' setting did not change. Skipping the update for it
&amp#27;[38;5;64m[BaseDriver]&amp#27;[0m The value of 'shouldUseCompactResponses' setting did not change. Skipping the update for it
&amp#27;[38;5;16m[AppiumDriver@af40]&amp#27;[0m New XCUITestDriver session created successfully, session 0bb531f7-34f9-405d-a9f7-36fc36c05dad added to master session list
&amp#27;[38;5;16m[AppiumDriver@af40]&amp#27;[0m Event 'newSessionStarted' logged at 1720772946940 (11:29:06 GMT+0300 (Eastern European Summer Time))
&amp#27;[38;5;32m[XCUITestDriver@4cc3]&amp#27;[0m Cached the protocol value 'W3C' for the new session 0bb531f7-34f9-405d-a9f7-36fc36c05dad
&amp#27;[38;5;32m[XCUITestDriver@4cc3]&amp#27;[0m Responding to client with driver.createSession() result: {"capabilities":{"webStorageEnabled":false,"locationContextEnabled":false,"browserName":"","platform":"MAC","javascriptEnabled":true,"databaseEnabled":false,"takesScreenshot":true,"networkConnectionEnabled":false,"platformName":"IOS","wdaLaunchTimeout":1000000,"deviceName":"iPhone 14 Pro","automationName":"XCuiTest","app":"/Users/stefanstefanov/eclipse-workspace/AppiumFrameworkDesign/src/test/java/org/rahulshettyacademy/resources/UIKitCatalog.app","platformVersion":"16.4","udid":"71BA366C-6427-4A88-B988-B689A80B5A1C"}}
&amp#27;[38;5;0m[HTTP]&amp#27;[0m <-- POST /session 200 44872 ms - 585
&amp#27;[38;5;0m[HTTP]&amp#27;[0m 
&amp#27;[38;5;32m[XCUITestDriver@4cc3]&amp#27;[0m Parsed BUILD_DIR configuration value: '/Users/stefanstefanov/Library/Developer/Xcode/DerivedData/WebDriverAgent-efebakcasuravtgnsvbmloghwaoj/Build/Products'
&amp#27;[38;5;32m[XCUITestDriver@4cc3]&amp#27;[0m Got derived data root: '/Users/stefanstefanov/Library/Developer/Xcode/DerivedData/WebDriverAgent-efebakcasuravtgnsvbmloghwaoj'
&amp#27;[38;5;0m[HTTP]&amp#27;[0m &amp#27;[37m-->&amp#27;[39m &amp#27;[37mPOST&amp#27;[39m &amp#27;[37m/session/0bb531f7-34f9-405d-a9f7-36fc36c05dad/timeouts&amp#27;[39m
&amp#27;[38;5;0m[HTTP]&amp#27;[0m {"implicit":10000}
&amp#27;[38;5;32m[XCUITestDriver@4cc3]&amp#27;[0m Calling AppiumDriver.timeouts() with args: [null,null,null,null,10000,"0bb531f7-34f9-405d-a9f7-36fc36c05dad"]
&amp#27;[38;5;32m[XCUITestDriver@4cc3]&amp#27;[0m Executing command 'timeouts'
&amp#27;[38;5;32m[XCUITestDriver@4cc3]&amp#27;[0m W3C timeout argument: {"implicit":10000}}
&amp#27;[38;5;32m[XCUITestDriver@4cc3]&amp#27;[0m Set implicit wait to 10000ms
&amp#27;[38;5;32m[XCUITestDriver@4cc3]&amp#27;[0m Responding to client with driver.timeouts() result: null
&amp#27;[38;5;0m[HTTP]&amp#27;[0m <-- POST /session/0bb531f7-34f9-405d-a9f7-36fc36c05dad/timeouts 200 17 ms - 14
&amp#27;[38;5;0m[HTTP]&amp#27;[0m 
&amp#27;[38;5;0m[HTTP]&amp#27;[0m &amp#27;[37m-->&amp#27;[39m &amp#27;[37mGET&amp#27;[39m &amp#27;[37m/session/0bb531f7-34f9-405d-a9f7-36fc36c05dad/context&amp#27;[39m
&amp#27;[38;5;0m[HTTP]&amp#27;[0m {}
&amp#27;[38;5;32m[XCUITestDriver@4cc3]&amp#27;[0m Calling AppiumDriver.getCurrentContext() with args: ["0bb531f7-34f9-405d-a9f7-36fc36c05dad"]
&amp#27;[38;5;32m[XCUITestDriver@4cc3]&amp#27;[0m Executing command 'getCurrentContext'
&amp#27;[38;5;32m[XCUITestDriver@4cc3]&amp#27;[0m Responding to client with driver.getCurrentContext() result: "NATIVE_APP"
&amp#27;[38;5;0m[HTTP]&amp#27;[0m <-- GET /session/0bb531f7-34f9-405d-a9f7-36fc36c05dad/context 200 7 ms - 22
&amp#27;[38;5;0m[HTTP]&amp#27;[0m 
&amp#27;[38;5;0m[HTTP]&amp#27;[0m &amp#27;[37m-->&amp#27;[39m &amp#27;[37mPOST&amp#27;[39m &amp#27;[37m/session/0bb531f7-34f9-405d-a9f7-36fc36c05dad/element&amp#27;[39m
&amp#27;[38;5;0m[HTTP]&amp#27;[0m {"value":"Alert Views","using":"accessibility id"}
&amp#27;[38;5;32m[XCUITestDriver@4cc3]&amp#27;[0m Calling AppiumDriver.findElement() with args: ["accessibility id","Alert Views","0bb531f7-34f9-405d-a9f7-36fc36c05dad"]
&amp#27;[38;5;32m[XCUITestDriver@4cc3]&amp#27;[0m Executing command 'findElement'
&amp#27;[38;5;32m[XCUITestDriver@4cc3]&amp#27;[0m Valid locator strategies for this request: xpath, id, name, class name, -ios predicate string, -ios class chain, accessibility id, css selector
&amp#27;[38;5;32m[XCUITestDriver@4cc3]&amp#27;[0m Waiting up to 10000 ms for condition
&amp#27;[38;5;32m[XCUITestDriver@4cc3]&amp#27;[0m Matched '/element' to command name 'findElement'
&amp#27;[38;5;32m[XCUITestDriver@4cc3]&amp#27;[0m Proxying [POST /element] to [POST http://127.0.0.1:8100/session/E413EFCB-AD9D-400A-8040-92B14AF9CE29/element] with body: {"using":"accessibility id","value":"Alert Views"}
&amp#27;[38;5;32m[XCUITestDriver@4cc3]&amp#27;[0m Got response with status 200: {"value":{"ELEMENT":"29000000-0000-0000-412C-000000000000","element-6066-11e4-a52e-4f735466cecf":"29000000-0000-0000-412C-000000000000"},"sessionId":"E413EFCB-AD9D-400A-8040-92B14AF9CE29"}
&amp#27;[38;5;32m[XCUITestDriver@4cc3]&amp#27;[0m Responding to client with driver.findElement() result: {"element-6066-11e4-a52e-4f735466cecf":"29000000-0000-0000-412C-000000000000","ELEMENT":"29000000-0000-0000-412C-000000000000"}
&amp#27;[38;5;0m[HTTP]&amp#27;[0m <-- POST /session/0bb531f7-34f9-405d-a9f7-36fc36c05dad/element 200 756 ms - 137
&amp#27;[38;5;0m[HTTP]&amp#27;[0m 
&amp#27;[38;5;0m[HTTP]&amp#27;[0m &amp#27;[37m-->&amp#27;[39m &amp#27;[37mPOST&amp#27;[39m &amp#27;[37m/session/0bb531f7-34f9-405d-a9f7-36fc36c05dad/element/29000000-0000-0000-412C-000000000000/click&amp#27;[39m
&amp#27;[38;5;0m[HTTP]&amp#27;[0m {"id":"29000000-0000-0000-412C-000000000000"}
&amp#27;[38;5;32m[XCUITestDriver@4cc3]&amp#27;[0m Driver proxy active, passing request on via HTTP proxy
&amp#27;[38;5;32m[XCUITestDriver@4cc3]&amp#27;[0m Executing command 'proxyReqRes'
&amp#27;[38;5;32m[XCUITestDriver@4cc3]&amp#27;[0m Matched '/session/0bb531f7-34f9-405d-a9f7-36fc36c05dad/element/29000000-0000-0000-412C-000000000000/click' to command name 'click'
&amp#27;[38;5;32m[XCUITestDriver@4cc3]&amp#27;[0m Proxying [POST /session/0bb531f7-34f9-405d-a9f7-36fc36c05dad/element/29000000-0000-0000-412C-000000000000/click] to [POST http://127.0.0.1:8100/session/E413EFCB-AD9D-400A-8040-92B14AF9CE29/element/29000000-0000-0000-412C-000000000000/click] with body: {"id":"29000000-0000-0000-412C-000000000000"}
&amp#27;[38;5;32m[XCUITestDriver@4cc3]&amp#27;[0m Got response with status 200: {"value":null,"sessionId":"E413EFCB-AD9D-400A-8040-92B14AF9CE29"}
&amp#27;[38;5;32m[XCUITestDriver@4cc3]&amp#27;[0m Replacing sessionId E413EFCB-AD9D-400A-8040-92B14AF9CE29 with 0bb531f7-34f9-405d-a9f7-36fc36c05dad
&amp#27;[38;5;0m[HTTP]&amp#27;[0m <-- POST /session/0bb531f7-34f9-405d-a9f7-36fc36c05dad/element/29000000-0000-0000-412C-000000000000/click 200 1366 ms - 65
&amp#27;[38;5;0m[HTTP]&amp#27;[0m 
&amp#27;[38;5;0m[HTTP]&amp#27;[0m &amp#27;[37m-->&amp#27;[39m &amp#27;[37mGET&amp#27;[39m &amp#27;[37m/session/0bb531f7-34f9-405d-a9f7-36fc36c05dad/context&amp#27;[39m
&amp#27;[38;5;0m[HTTP]&amp#27;[0m {}
&amp#27;[38;5;32m[XCUITestDriver@4cc3]&amp#27;[0m Calling AppiumDriver.getCurrentContext() with args: ["0bb531f7-34f9-405d-a9f7-36fc36c05dad"]
&amp#27;[38;5;32m[XCUITestDriver@4cc3]&amp#27;[0m Executing command 'getCurrentContext'
&amp#27;[38;5;32m[XCUITestDriver@4cc3]&amp#27;[0m Responding to client with driver.getCurrentContext() result: "NATIVE_APP"
&amp#27;[38;5;0m[HTTP]&amp#27;[0m <-- GET /session/0bb531f7-34f9-405d-a9f7-36fc36c05dad/context 200 10 ms - 22
&amp#27;[38;5;0m[HTTP]&amp#27;[0m 
&amp#27;[38;5;0m[HTTP]&amp#27;[0m &amp#27;[37m-->&amp#27;[39m &amp#27;[37mPOST&amp#27;[39m &amp#27;[37m/session/0bb531f7-34f9-405d-a9f7-36fc36c05dad/element&amp#27;[39m
&amp#27;[38;5;0m[HTTP]&amp#27;[0m {"value":"**/XCUIElementTypeStaticText[`label == 'Text Entry'`]","using":"-ios class chain"}
&amp#27;[38;5;32m[XCUITestDriver@4cc3]&amp#27;[0m Calling AppiumDriver.findElement() with args: ["-ios class chain","**/XCUIElementTypeStaticText[`label == 'Text Entry'`]","0bb531f7-34f9-405d-a9f7-36fc36c05dad"]
&amp#27;[38;5;32m[XCUITestDriver@4cc3]&amp#27;[0m Executing command 'findElement'
&amp#27;[38;5;32m[XCUITestDriver@4cc3]&amp#27;[0m Valid locator strategies for this request: xpath, id, name, class name, -ios predicate string, -ios class chain, accessibility id, css selector
&amp#27;[38;5;32m[XCUITestDriver@4cc3]&amp#27;[0m Waiting up to 10000 ms for condition
&amp#27;[38;5;32m[XCUITestDriver@4cc3]&amp#27;[0m Matched '/element' to command name 'findElement'
&amp#27;[38;5;32m[XCUITestDriver@4cc3]&amp#27;[0m Proxying [POST /element] to [POST http://127.0.0.1:8100/session/E413EFCB-AD9D-400A-8040-92B14AF9CE29/element] with body: {"using":"class chain","value":"**/XCUIElementTypeStaticText[`label == 'Text Entry'`]"}
&amp#27;[38;5;32m[XCUITestDriver@4cc3]&amp#27;[0m Got response with status 200: {"value":{"ELEMENT":"BB000000-0000-0000-412C-000000000000","element-6066-11e4-a52e-4f735466cecf":"BB000000-0000-0000-412C-000000000000"},"sessionId":"E413EFCB-AD9D-400A-8040-92B14AF9CE29"}
&amp#27;[38;5;32m[XCUITestDriver@4cc3]&amp#27;[0m Responding to client with driver.findElement() result: {"element-6066-11e4-a52e-4f735466cecf":"BB000000-0000-0000-412C-000000000000","ELEMENT":"BB000000-0000-0000-412C-000000000000"}
&amp#27;[38;5;0m[HTTP]&amp#27;[0m <-- POST /session/0bb531f7-34f9-405d-a9f7-36fc36c05dad/element 200 301 ms - 137
&amp#27;[38;5;0m[HTTP]&amp#27;[0m 
&amp#27;[38;5;0m[HTTP]&amp#27;[0m &amp#27;[37m-->&amp#27;[39m &amp#27;[37mPOST&amp#27;[39m &amp#27;[37m/session/0bb531f7-34f9-405d-a9f7-36fc36c05dad/element/BB000000-0000-0000-412C-000000000000/click&amp#27;[39m
&amp#27;[38;5;0m[HTTP]&amp#27;[0m {"id":"BB000000-0000-0000-412C-000000000000"}
&amp#27;[38;5;32m[XCUITestDriver@4cc3]&amp#27;[0m Driver proxy active, passing request on via HTTP proxy
&amp#27;[38;5;32m[XCUITestDriver@4cc3]&amp#27;[0m Executing command 'proxyReqRes'
&amp#27;[38;5;32m[XCUITestDriver@4cc3]&amp#27;[0m Matched '/session/0bb531f7-34f9-405d-a9f7-36fc36c05dad/element/BB000000-0000-0000-412C-000000000000/click' to command name 'click'
&amp#27;[38;5;32m[XCUITestDriver@4cc3]&amp#27;[0m Proxying [POST /session/0bb531f7-34f9-405d-a9f7-36fc36c05dad/element/BB000000-0000-0000-412C-000000000000/click] to [POST http://127.0.0.1:8100/session/E413EFCB-AD9D-400A-8040-92B14AF9CE29/element/BB000000-0000-0000-412C-000000000000/click] with body: {"id":"BB000000-0000-0000-412C-000000000000"}
&amp#27;[38;5;32m[XCUITestDriver@4cc3]&amp#27;[0m Got response with status 200: {"value":null,"sessionId":"E413EFCB-AD9D-400A-8040-92B14AF9CE29"}
&amp#27;[38;5;32m[XCUITestDriver@4cc3]&amp#27;[0m Replacing sessionId E413EFCB-AD9D-400A-8040-92B14AF9CE29 with 0bb531f7-34f9-405d-a9f7-36fc36c05dad
&amp#27;[38;5;0m[HTTP]&amp#27;[0m <-- POST /session/0bb531f7-34f9-405d-a9f7-36fc36c05dad/element/BB000000-0000-0000-412C-000000000000/click 200 3755 ms - 65
&amp#27;[38;5;0m[HTTP]&amp#27;[0m 
&amp#27;[38;5;0m[HTTP]&amp#27;[0m &amp#27;[37m-->&amp#27;[39m &amp#27;[37mGET&amp#27;[39m &amp#27;[37m/session/0bb531f7-34f9-405d-a9f7-36fc36c05dad/context&amp#27;[39m
&amp#27;[38;5;0m[HTTP]&amp#27;[0m {}
&amp#27;[38;5;32m[XCUITestDriver@4cc3]&amp#27;[0m Calling AppiumDriver.getCurrentContext() with args: ["0bb531f7-34f9-405d-a9f7-36fc36c05dad"]
&amp#27;[38;5;32m[XCUITestDriver@4cc3]&amp#27;[0m Executing command 'getCurrentContext'
&amp#27;[38;5;32m[XCUITestDriver@4cc3]&amp#27;[0m Responding to client with driver.getCurrentContext() result: "NATIVE_APP"
&amp#27;[38;5;0m[HTTP]&amp#27;[0m <-- GET /session/0bb531f7-34f9-405d-a9f7-36fc36c05dad/context 200 15 ms - 22
&amp#27;[38;5;0m[HTTP]&amp#27;[0m 
&amp#27;[38;5;0m[HTTP]&amp#27;[0m &amp#27;[37m-->&amp#27;[39m &amp#27;[37mPOST&amp#27;[39m &amp#27;[37m/session/0bb531f7-34f9-405d-a9f7-36fc36c05dad/element&amp#27;[39m
&amp#27;[38;5;0m[HTTP]&amp#27;[0m {"value":"**/XCUIElementTypeCell","using":"-ios class chain"}
&amp#27;[38;5;32m[XCUITestDriver@4cc3]&amp#27;[0m Calling AppiumDriver.findElement() with args: ["-ios class chain","**/XCUIElementTypeCell","0bb531f7-34f9-405d-a9f7-36fc36c05dad"]
&amp#27;[38;5;32m[XCUITestDriver@4cc3]&amp#27;[0m Executing command 'findElement'
&amp#27;[38;5;32m[XCUITestDriver@4cc3]&amp#27;[0m Valid locator strategies for this request: xpath, id, name, class name, -ios predicate string, -ios class chain, accessibility id, css selector
&amp#27;[38;5;32m[XCUITestDriver@4cc3]&amp#27;[0m Waiting up to 10000 ms for condition
&amp#27;[38;5;32m[XCUITestDriver@4cc3]&amp#27;[0m Matched '/element' to command name 'findElement'
&amp#27;[38;5;32m[XCUITestDriver@4cc3]&amp#27;[0m Proxying [POST /element] to [POST http://127.0.0.1:8100/session/E413EFCB-AD9D-400A-8040-92B14AF9CE29/element] with body: {"using":"class chain","value":"**/XCUIElementTypeCell"}
&amp#27;[38;5;32m[XCUITestDriver@4cc3]&amp#27;[0m Got response with status 200: {"value":{"ELEMENT":"A4000000-0000-0000-412C-000000000000","element-6066-11e4-a52e-4f735466cecf":"A4000000-0000-0000-412C-000000000000"},"sessionId":"E413EFCB-AD9D-400A-8040-92B14AF9CE29"}
&amp#27;[38;5;32m[XCUITestDriver@4cc3]&amp#27;[0m Responding to client with driver.findElement() result: {"element-6066-11e4-a52e-4f735466cecf":"A4000000-0000-0000-412C-000000000000","ELEMENT":"A4000000-0000-0000-412C-000000000000"}
&amp#27;[38;5;0m[HTTP]&amp#27;[0m <-- POST /session/0bb531f7-34f9-405d-a9f7-36fc36c05dad/element 200 1851 ms - 137
&amp#27;[38;5;0m[HTTP]&amp#27;[0m 
&amp#27;[38;5;0m[HTTP]&amp#27;[0m &amp#27;[37m-->&amp#27;[39m &amp#27;[37mPOST&amp#27;[39m &amp#27;[37m/session/0bb531f7-34f9-405d-a9f7-36fc36c05dad/element/A4000000-0000-0000-412C-000000000000/value&amp#27;[39m
&amp#27;[38;5;0m[HTTP]&amp#27;[0m {"text":"Hello World!","value":["H","e","l","l","o"," ","W","o","r","l","d","!"],"id":"A4000000-0000-0000-412C-000000000000"}
&amp#27;[38;5;32m[XCUITestDriver@4cc3]&amp#27;[0m Calling AppiumDriver.setValue() with args: [["H","e","l","l","o"," ","W","o","r","l","d","!"],"A4000000-0000-0000-412C-000000000000","0bb531f7-34f9-405d-a9f7-36fc36c05dad"]
&amp#27;[38;5;32m[XCUITestDriver@4cc3]&amp#27;[0m Executing command 'setValue'
&amp#27;[38;5;32m[XCUITestDriver@4cc3]&amp#27;[0m Matched '/element/A4000000-0000-0000-412C-000000000000/value' to command name 'setValue'
&amp#27;[38;5;32m[XCUITestDriver@4cc3]&amp#27;[0m Added 'text' property "Hello World!" to 'setValue' request body
&amp#27;[38;5;32m[XCUITestDriver@4cc3]&amp#27;[0m Proxying [POST /element/A4000000-0000-0000-412C-000000000000/value] to [POST http://127.0.0.1:8100/session/E413EFCB-AD9D-400A-8040-92B14AF9CE29/element/A4000000-0000-0000-412C-000000000000/value] with body: {"value":["H","e","l","l","o"," ","W","o","r","l","d","!"],"text":"Hello World!"}
&amp#27;[38;5;32m[XCUITestDriver@4cc3]&amp#27;[0m Got response with status 200: {"value":null,"sessionId":"E413EFCB-AD9D-400A-8040-92B14AF9CE29"}
&amp#27;[38;5;32m[XCUITestDriver@4cc3]&amp#27;[0m Responding to client with driver.setValue() result: null
&amp#27;[38;5;0m[HTTP]&amp#27;[0m <-- POST /session/0bb531f7-34f9-405d-a9f7-36fc36c05dad/element/A4000000-0000-0000-412C-000000000000/value 200 2484 ms - 14
&amp#27;[38;5;0m[HTTP]&amp#27;[0m 
&amp#27;[38;5;0m[HTTP]&amp#27;[0m &amp#27;[37m-->&amp#27;[39m &amp#27;[37mGET&amp#27;[39m &amp#27;[37m/session/0bb531f7-34f9-405d-a9f7-36fc36c05dad/context&amp#27;[39m
&amp#27;[38;5;0m[HTTP]&amp#27;[0m {}
&amp#27;[38;5;32m[XCUITestDriver@4cc3]&amp#27;[0m Calling AppiumDriver.getCurrentContext() with args: ["0bb531f7-34f9-405d-a9f7-36fc36c05dad"]
&amp#27;[38;5;32m[XCUITestDriver@4cc3]&amp#27;[0m Executing command 'getCurrentContext'
&amp#27;[38;5;32m[XCUITestDriver@4cc3]&amp#27;[0m Responding to client with driver.getCurrentContext() result: "NATIVE_APP"
&amp#27;[38;5;0m[HTTP]&amp#27;[0m <-- GET /session/0bb531f7-34f9-405d-a9f7-36fc36c05dad/context 200 11 ms - 22
&amp#27;[38;5;0m[HTTP]&amp#27;[0m 
&amp#27;[38;5;0m[HTTP]&amp#27;[0m &amp#27;[37m-->&amp#27;[39m &amp#27;[37mPOST&amp#27;[39m &amp#27;[37m/session/0bb531f7-34f9-405d-a9f7-36fc36c05dad/element&amp#27;[39m
&amp#27;[38;5;0m[HTTP]&amp#27;[0m {"value":"OK","using":"accessibility id"}
&amp#27;[38;5;32m[XCUITestDriver@4cc3]&amp#27;[0m Calling AppiumDriver.findElement() with args: ["accessibility id","OK","0bb531f7-34f9-405d-a9f7-36fc36c05dad"]
&amp#27;[38;5;32m[XCUITestDriver@4cc3]&amp#27;[0m Executing command 'findElement'
&amp#27;[38;5;32m[XCUITestDriver@4cc3]&amp#27;[0m Valid locator strategies for this request: xpath, id, name, class name, -ios predicate string, -ios class chain, accessibility id, css selector
&amp#27;[38;5;32m[XCUITestDriver@4cc3]&amp#27;[0m Waiting up to 10000 ms for condition
&amp#27;[38;5;32m[XCUITestDriver@4cc3]&amp#27;[0m Matched '/element' to command name 'findElement'
&amp#27;[38;5;32m[XCUITestDriver@4cc3]&amp#27;[0m Proxying [POST /element] to [POST http://127.0.0.1:8100/session/E413EFCB-AD9D-400A-8040-92B14AF9CE29/element] with body: {"using":"accessibility id","value":"OK"}
&amp#27;[38;5;32m[XCUITestDriver@4cc3]&amp#27;[0m Got response with status 200: {"value":{"ELEMENT":"2C010000-0000-0000-412C-000000000000","element-6066-11e4-a52e-4f735466cecf":"2C010000-0000-0000-412C-000000000000"},"sessionId":"E413EFCB-AD9D-400A-8040-92B14AF9CE29"}
&amp#27;[38;5;32m[XCUITestDriver@4cc3]&amp#27;[0m Responding to client with driver.findElement() result: {"element-6066-11e4-a52e-4f735466cecf":"2C010000-0000-0000-412C-000000000000","ELEMENT":"2C010000-0000-0000-412C-000000000000"}
&amp#27;[38;5;0m[HTTP]&amp#27;[0m <-- POST /session/0bb531f7-34f9-405d-a9f7-36fc36c05dad/element 200 1156 ms - 137
&amp#27;[38;5;0m[HTTP]&amp#27;[0m 
&amp#27;[38;5;0m[HTTP]&amp#27;[0m &amp#27;[37m-->&amp#27;[39m &amp#27;[37mPOST&amp#27;[39m &amp#27;[37m/session/0bb531f7-34f9-405d-a9f7-36fc36c05dad/element/2C010000-0000-0000-412C-000000000000/click&amp#27;[39m
&amp#27;[38;5;0m[HTTP]&amp#27;[0m {"id":"2C010000-0000-0000-412C-000000000000"}
&amp#27;[38;5;32m[XCUITestDriver@4cc3]&amp#27;[0m Driver proxy active, passing request on via HTTP proxy
&amp#27;[38;5;32m[XCUITestDriver@4cc3]&amp#27;[0m Executing command 'proxyReqRes'
&amp#27;[38;5;32m[XCUITestDriver@4cc3]&amp#27;[0m Matched '/session/0bb531f7-34f9-405d-a9f7-36fc36c05dad/element/2C010000-0000-0000-412C-000000000000/click' to command name 'click'
&amp#27;[38;5;32m[XCUITestDriver@4cc3]&amp#27;[0m Proxying [POST /session/0bb531f7-34f9-405d-a9f7-36fc36c05dad/element/2C010000-0000-0000-412C-000000000000/click] to [POST http://127.0.0.1:8100/session/E413EFCB-AD9D-400A-8040-92B14AF9CE29/element/2C010000-0000-0000-412C-000000000000/click] with body: {"id":"2C010000-0000-0000-412C-000000000000"}
&amp#27;[38;5;32m[XCUITestDriver@4cc3]&amp#27;[0m Got response with status 200: {"value":null,"sessionId":"E413EFCB-AD9D-400A-8040-92B14AF9CE29"}
&amp#27;[38;5;32m[XCUITestDriver@4cc3]&amp#27;[0m Replacing sessionId E413EFCB-AD9D-400A-8040-92B14AF9CE29 with 0bb531f7-34f9-405d-a9f7-36fc36c05dad
&amp#27;[38;5;0m[HTTP]&amp#27;[0m <-- POST /session/0bb531f7-34f9-405d-a9f7-36fc36c05dad/element/2C010000-0000-0000-412C-000000000000/click 200 2070 ms - 65
&amp#27;[38;5;0m[HTTP]&amp#27;[0m 
&amp#27;[38;5;0m[HTTP]&amp#27;[0m &amp#27;[37m-->&amp#27;[39m &amp#27;[37mGET&amp#27;[39m &amp#27;[37m/session/0bb531f7-34f9-405d-a9f7-36fc36c05dad/context&amp#27;[39m
&amp#27;[38;5;0m[HTTP]&amp#27;[0m {}
&amp#27;[38;5;32m[XCUITestDriver@4cc3]&amp#27;[0m Calling AppiumDriver.getCurrentContext() with args: ["0bb531f7-34f9-405d-a9f7-36fc36c05dad"]
&amp#27;[38;5;32m[XCUITestDriver@4cc3]&amp#27;[0m Executing command 'getCurrentContext'
&amp#27;[38;5;32m[XCUITestDriver@4cc3]&amp#27;[0m Responding to client with driver.getCurrentContext() result: "NATIVE_APP"
&amp#27;[38;5;0m[HTTP]&amp#27;[0m <-- GET /session/0bb531f7-34f9-405d-a9f7-36fc36c05dad/context 200 1 ms - 22
&amp#27;[38;5;0m[HTTP]&amp#27;[0m 
&amp#27;[38;5;0m[HTTP]&amp#27;[0m &amp#27;[37m-->&amp#27;[39m &amp#27;[37mPOST&amp#27;[39m &amp#27;[37m/session/0bb531f7-34f9-405d-a9f7-36fc36c05dad/element&amp#27;[39m
&amp#27;[38;5;0m[HTTP]&amp#27;[0m {"value":"type == 'XCUIElementTypeStaticText' AND value BEGINSWITH[c] 'Confirm'","using":"-ios predicate string"}
&amp#27;[38;5;32m[XCUITestDriver@4cc3]&amp#27;[0m Calling AppiumDriver.findElement() with args: ["-ios predicate string","type == 'XCUIElementTypeStaticText' AND value BEGINSWITH[c] 'Confirm'","0bb531f7-34f9-405d-a9f7-36fc36c05dad"]
&amp#27;[38;5;32m[XCUITestDriver@4cc3]&amp#27;[0m Executing command 'findElement'
&amp#27;[38;5;32m[XCUITestDriver@4cc3]&amp#27;[0m Valid locator strategies for this request: xpath, id, name, class name, -ios predicate string, -ios class chain, accessibility id, css selector
&amp#27;[38;5;32m[XCUITestDriver@4cc3]&amp#27;[0m Waiting up to 10000 ms for condition
&amp#27;[38;5;32m[XCUITestDriver@4cc3]&amp#27;[0m Matched '/element' to command name 'findElement'
&amp#27;[38;5;32m[XCUITestDriver@4cc3]&amp#27;[0m Proxying [POST /element] to [POST http://127.0.0.1:8100/session/E413EFCB-AD9D-400A-8040-92B14AF9CE29/element] with body: {"using":"predicate string","value":"type == 'XCUIElementTypeStaticText' AND value BEGINSWITH[c] 'Confirm'"}
&amp#27;[38;5;32m[XCUITestDriver@4cc3]&amp#27;[0m Got response with status 200: {"value":{"ELEMENT":"C5000000-0000-0000-412C-000000000000","element-6066-11e4-a52e-4f735466cecf":"C5000000-0000-0000-412C-000000000000"},"sessionId":"E413EFCB-AD9D-400A-8040-92B14AF9CE29"}
&amp#27;[38;5;32m[XCUITestDriver@4cc3]&amp#27;[0m Responding to client with driver.findElement() result: {"element-6066-11e4-a52e-4f735466cecf":"C5000000-0000-0000-412C-000000000000","ELEMENT":"C5000000-0000-0000-412C-000000000000"}
&amp#27;[38;5;0m[HTTP]&amp#27;[0m <-- POST /session/0bb531f7-34f9-405d-a9f7-36fc36c05dad/element 200 665 ms - 137
&amp#27;[38;5;0m[HTTP]&amp#27;[0m 
&amp#27;[38;5;0m[HTTP]&amp#27;[0m &amp#27;[37m-->&amp#27;[39m &amp#27;[37mPOST&amp#27;[39m &amp#27;[37m/session/0bb531f7-34f9-405d-a9f7-36fc36c05dad/element/C5000000-0000-0000-412C-000000000000/click&amp#27;[39m
&amp#27;[38;5;0m[HTTP]&amp#27;[0m {"id":"C5000000-0000-0000-412C-000000000000"}
&amp#27;[38;5;32m[XCUITestDriver@4cc3]&amp#27;[0m Driver proxy active, passing request on via HTTP proxy
&amp#27;[38;5;32m[XCUITestDriver@4cc3]&amp#27;[0m Executing command 'proxyReqRes'
&amp#27;[38;5;32m[XCUITestDriver@4cc3]&amp#27;[0m Matched '/session/0bb531f7-34f9-405d-a9f7-36fc36c05dad/element/C5000000-0000-0000-412C-000000000000/click' to command name 'click'
&amp#27;[38;5;32m[XCUITestDriver@4cc3]&amp#27;[0m Proxying [POST /session/0bb531f7-34f9-405d-a9f7-36fc36c05dad/element/C5000000-0000-0000-412C-000000000000/click] to [POST http://127.0.0.1:8100/session/E413EFCB-AD9D-400A-8040-92B14AF9CE29/element/C5000000-0000-0000-412C-000000000000/click] with body: {"id":"C5000000-0000-0000-412C-000000000000"}
&amp#27;[38;5;32m[XCUITestDriver@4cc3]&amp#27;[0m Got response with status 200: {"value":null,"sessionId":"E413EFCB-AD9D-400A-8040-92B14AF9CE29"}
&amp#27;[38;5;32m[XCUITestDriver@4cc3]&amp#27;[0m Replacing sessionId E413EFCB-AD9D-400A-8040-92B14AF9CE29 with 0bb531f7-34f9-405d-a9f7-36fc36c05dad
&amp#27;[38;5;0m[HTTP]&amp#27;[0m <-- POST /session/0bb531f7-34f9-405d-a9f7-36fc36c05dad/element/C5000000-0000-0000-412C-000000000000/click 200 1251 ms - 65
&amp#27;[38;5;0m[HTTP]&amp#27;[0m 
&amp#27;[38;5;0m[HTTP]&amp#27;[0m &amp#27;[37m-->&amp#27;[39m &amp#27;[37mGET&amp#27;[39m &amp#27;[37m/session/0bb531f7-34f9-405d-a9f7-36fc36c05dad/context&amp#27;[39m
&amp#27;[38;5;0m[HTTP]&amp#27;[0m {}
&amp#27;[38;5;32m[XCUITestDriver@4cc3]&amp#27;[0m Calling AppiumDriver.getCurrentContext() with args: ["0bb531f7-34f9-405d-a9f7-36fc36c05dad"]
&amp#27;[38;5;32m[XCUITestDriver@4cc3]&amp#27;[0m Executing command 'getCurrentContext'
&amp#27;[38;5;32m[XCUITestDriver@4cc3]&amp#27;[0m Responding to client with driver.getCurrentContext() result: "NATIVE_APP"
&amp#27;[38;5;0m[HTTP]&amp#27;[0m <-- GET /session/0bb531f7-34f9-405d-a9f7-36fc36c05dad/context 200 2 ms - 22
&amp#27;[38;5;0m[HTTP]&amp#27;[0m 
&amp#27;[38;5;0m[HTTP]&amp#27;[0m &amp#27;[37m-->&amp#27;[39m &amp#27;[37mPOST&amp#27;[39m &amp#27;[37m/session/0bb531f7-34f9-405d-a9f7-36fc36c05dad/element&amp#27;[39m
&amp#27;[38;5;0m[HTTP]&amp#27;[0m {"value":"name BEGINSWITH[c] 'A message' ","using":"-ios predicate string"}
&amp#27;[38;5;32m[XCUITestDriver@4cc3]&amp#27;[0m Calling AppiumDriver.findElement() with args: ["-ios predicate string","name BEGINSWITH[c] 'A message' ","0bb531f7-34f9-405d-a9f7-36fc36c05dad"]
&amp#27;[38;5;32m[XCUITestDriver@4cc3]&amp#27;[0m Executing command 'findElement'
&amp#27;[38;5;32m[XCUITestDriver@4cc3]&amp#27;[0m Valid locator strategies for this request: xpath, id, name, class name, -ios predicate string, -ios class chain, accessibility id, css selector
&amp#27;[38;5;32m[XCUITestDriver@4cc3]&amp#27;[0m Waiting up to 10000 ms for condition
&amp#27;[38;5;32m[XCUITestDriver@4cc3]&amp#27;[0m Matched '/element' to command name 'findElement'
&amp#27;[38;5;32m[XCUITestDriver@4cc3]&amp#27;[0m Proxying [POST /element] to [POST http://127.0.0.1:8100/session/E413EFCB-AD9D-400A-8040-92B14AF9CE29/element] with body: {"using":"predicate string","value":"name BEGINSWITH[c] 'A message' "}
&amp#27;[38;5;32m[XCUITestDriver@4cc3]&amp#27;[0m Got response with status 200: {"value":{"ELEMENT":"60010000-0000-0000-412C-000000000000","element-6066-11e4-a52e-4f735466cecf":"60010000-0000-0000-412C-000000000000"},"sessionId":"E413EFCB-AD9D-400A-8040-92B14AF9CE29"}
&amp#27;[38;5;32m[XCUITestDriver@4cc3]&amp#27;[0m Responding to client with driver.findElement() result: {"element-6066-11e4-a52e-4f735466cecf":"60010000-0000-0000-412C-000000000000","ELEMENT":"60010000-0000-0000-412C-000000000000"}
&amp#27;[38;5;0m[HTTP]&amp#27;[0m <-- POST /session/0bb531f7-34f9-405d-a9f7-36fc36c05dad/element 200 739 ms - 137
&amp#27;[38;5;0m[HTTP]&amp#27;[0m 
&amp#27;[38;5;0m[HTTP]&amp#27;[0m &amp#27;[37m-->&amp#27;[39m &amp#27;[37mGET&amp#27;[39m &amp#27;[37m/session/0bb531f7-34f9-405d-a9f7-36fc36c05dad/element/60010000-0000-0000-412C-000000000000/text&amp#27;[39m
&amp#27;[38;5;0m[HTTP]&amp#27;[0m {}
&amp#27;[38;5;32m[XCUITestDriver@4cc3]&amp#27;[0m Driver proxy active, passing request on via HTTP proxy
&amp#27;[38;5;32m[XCUITestDriver@4cc3]&amp#27;[0m Executing command 'proxyReqRes'
&amp#27;[38;5;32m[XCUITestDriver@4cc3]&amp#27;[0m Matched '/session/0bb531f7-34f9-405d-a9f7-36fc36c05dad/element/60010000-0000-0000-412C-000000000000/text' to command name 'getText'
&amp#27;[38;5;32m[XCUITestDriver@4cc3]&amp#27;[0m Proxying [GET /session/0bb531f7-34f9-405d-a9f7-36fc36c05dad/element/60010000-0000-0000-412C-000000000000/text] to [GET http://127.0.0.1:8100/session/E413EFCB-AD9D-400A-8040-92B14AF9CE29/element/60010000-0000-0000-412C-000000000000/text] with no body
&amp#27;[38;5;32m[XCUITestDriver@4cc3]&amp#27;[0m Got response with status 200: {"value":"A message should be a short, complete sentence.","sessionId":"E413EFCB-AD9D-400A-8040-92B14AF9CE29"}
&amp#27;[38;5;32m[XCUITestDriver@4cc3]&amp#27;[0m Replacing sessionId E413EFCB-AD9D-400A-8040-92B14AF9CE29 with 0bb531f7-34f9-405d-a9f7-36fc36c05dad
&amp#27;[38;5;0m[HTTP]&amp#27;[0m <-- GET /session/0bb531f7-34f9-405d-a9f7-36fc36c05dad/element/60010000-0000-0000-412C-000000000000/text 200 303 ms - 110
&amp#27;[38;5;0m[HTTP]&amp#27;[0m 
]]></system-out>
  </testcase>
</testsuite>