<?xml version="1.0" encoding="UTF-8"?>
<!-- Generated by org.testng.reporters.JUnitReportReporter -->
<testsuite hostname="Stefans-MBP" failures="0" tests="1" name="org.rahulshettyacademu.eCommerce_tc_4_Hybrid" time="30.492" errors="0" timestamp="2024-06-24T18:03:52 EEST" skipped="0">
  <testcase classname="org.rahulshettyacademu.eCommerce_tc_4_Hybrid" name="FillForm" time="30.492"/>
</testsuite> <!-- org.rahulshettyacademu.eCommerce_tc_4_Hybrid -->
