<?xml version="1.0" encoding="UTF-8"?>
<!-- Generated by org.testng.reporters.JUnitReportReporter -->
<testsuite hostname="Stefans-MBP" failures="0" tests="2" name="org.rahulshettyacademu.AndroidTest2" time="42.303" errors="0" timestamp="2024-06-25T17:24:34 EEST" skipped="0">
  <testcase classname="org.rahulshettyacademu.AndroidTest2" name="FillForm_ErrorValidation" time="17.572"/>
  <testcase classname="org.rahulshettyacademu.AndroidTest2" name="FillForm_PositiveFlow" time="24.731"/>
</testsuite> <!-- org.rahulshettyacademu.AndroidTest2 -->
