<?xml version="1.0" encoding="UTF-8"?>
<!-- Generated by org.testng.reporters.JUnitReportReporter -->
<testsuite hostname="Stefans-MacBook-Pro.local" failures="0" tests="1" name="org.rahulshettyacademy.IOSTest" time="10.575" errors="0" timestamp="2024-07-03T16:49:41 EEST" skipped="0">
  <testcase classname="org.rahulshettyacademy.IOSTest" name="IOSBasicsTest" time="10.575"/>
</testsuite> <!-- org.rahulshettyacademy.IOSTest -->
