<?xml version="1.0" encoding="UTF-8"?>
<!-- Generated by org.testng.reporters.JUnitReportReporter -->
<testsuite hostname="Stefans-MBP" failures="0" tests="1" name="org.rahulshettyacademu.IOSBasics" time="9.747" errors="0" timestamp="2024-06-25T14:34:03 EEST" skipped="0">
  <testcase classname="org.rahulshettyacademu.IOSBasics" name="IOSBasicsTest" time="9.747"/>
</testsuite> <!-- org.rahulshettyacademu.IOSBasics -->
