<?xml version="1.0" encoding="UTF-8"?>
<!-- Generated by org.testng.reporters.JUnitReportReporter -->
<testsuite hostname="Stefans-MacBook-Pro.local" failures="0" tests="2" name="org.rahulshettyacademy.AndroidTest" time="53.279" errors="0" timestamp="2024-07-12T11:29:35 EEST" skipped="0">
  <testcase classname="org.rahulshettyacademy.AndroidTest" name="FillForm" time="35.194"/>
  <testcase classname="org.rahulshettyacademy.AndroidTest" name="FillForm" time="18.085"/>
</testsuite> <!-- org.rahulshettyacademy.AndroidTest -->
