<?xml version="1.0" encoding="UTF-8"?>
<!-- Generated by org.testng.reporters.JUnitReportReporter -->
<testsuite hostname="Stefans-MacBook-Pro.local" failures="0" tests="1" name="org.rahulshettyacademy.IOSTest" time="17.812" errors="0" timestamp="2024-07-12T11:29:35 EEST" skipped="0">
  <testcase classname="org.rahulshettyacademy.IOSTest" name="IOSBasicsTest" time="17.812"/>
</testsuite> <!-- org.rahulshettyacademy.IOSTest -->
